[0.561s] Invoking command in '/home/jblevins32/IRR2/src/jacob_find_object_py': DEBUGINFOD_URLS=https://debuginfod.ubuntu.com PYTHONPATH=/home/jblevins32/IRR2/build/jacob_find_object_py/prefix_override:/usr/lib/python3/dist-packages/colcon_core/task/python/colcon_distutils_commands:/home/jblevins32/IRR2/install/jacob_find_object_py/lib/python3.10/site-packages:${PYTHONPATH} /usr/bin/python3 -W ignore:setup.py install is deprecated -W ignore:easy_install command is deprecated setup.py egg_info --egg-base ../../build/jacob_find_object_py build --build-base /home/jblevins32/IRR2/build/jacob_find_object_py/build install --record /home/jblevins32/IRR2/build/jacob_find_object_py/install.log --single-version-externally-managed install_data
[0.724s] running egg_info
[0.725s] creating ../../build/jacob_find_object_py/jacob_find_object_py.egg-info
[0.725s] writing ../../build/jacob_find_object_py/jacob_find_object_py.egg-info/PKG-INFO
[0.725s] writing dependency_links to ../../build/jacob_find_object_py/jacob_find_object_py.egg-info/dependency_links.txt
[0.725s] writing entry points to ../../build/jacob_find_object_py/jacob_find_object_py.egg-info/entry_points.txt
[0.725s] writing requirements to ../../build/jacob_find_object_py/jacob_find_object_py.egg-info/requires.txt
[0.725s] writing top-level names to ../../build/jacob_find_object_py/jacob_find_object_py.egg-info/top_level.txt
[0.725s] writing manifest file '../../build/jacob_find_object_py/jacob_find_object_py.egg-info/SOURCES.txt'
[0.727s] reading manifest file '../../build/jacob_find_object_py/jacob_find_object_py.egg-info/SOURCES.txt'
[0.727s] writing manifest file '../../build/jacob_find_object_py/jacob_find_object_py.egg-info/SOURCES.txt'
[0.727s] running build
[0.727s] running build_py
[0.728s] creating /home/jblevins32/IRR2/build/jacob_find_object_py/build
[0.728s] creating /home/jblevins32/IRR2/build/jacob_find_object_py/build/lib
[0.728s] creating /home/jblevins32/IRR2/build/jacob_find_object_py/build/lib/jacob_find_object_py
[0.728s] copying jacob_find_object_py/__init__.py -> /home/jblevins32/IRR2/build/jacob_find_object_py/build/lib/jacob_find_object_py
[0.728s] copying jacob_find_object_py/find_object.py -> /home/jblevins32/IRR2/build/jacob_find_object_py/build/lib/jacob_find_object_py
[0.728s] copying jacob_find_object_py/find_orange_ball.py -> /home/jblevins32/IRR2/build/jacob_find_object_py/build/lib/jacob_find_object_py
[0.728s] running install
[0.728s] running install_lib
[0.729s] creating /home/jblevins32/IRR2/install/jacob_find_object_py/lib/python3.10/site-packages/jacob_find_object_py
[0.729s] copying /home/jblevins32/IRR2/build/jacob_find_object_py/build/lib/jacob_find_object_py/__init__.py -> /home/jblevins32/IRR2/install/jacob_find_object_py/lib/python3.10/site-packages/jacob_find_object_py
[0.729s] copying /home/jblevins32/IRR2/build/jacob_find_object_py/build/lib/jacob_find_object_py/find_object.py -> /home/jblevins32/IRR2/install/jacob_find_object_py/lib/python3.10/site-packages/jacob_find_object_py
[0.729s] copying /home/jblevins32/IRR2/build/jacob_find_object_py/build/lib/jacob_find_object_py/find_orange_ball.py -> /home/jblevins32/IRR2/install/jacob_find_object_py/lib/python3.10/site-packages/jacob_find_object_py
[0.730s] byte-compiling /home/jblevins32/IRR2/install/jacob_find_object_py/lib/python3.10/site-packages/jacob_find_object_py/__init__.py to __init__.cpython-310.pyc
[0.730s] byte-compiling /home/jblevins32/IRR2/install/jacob_find_object_py/lib/python3.10/site-packages/jacob_find_object_py/find_object.py to find_object.cpython-310.pyc
[0.730s] byte-compiling /home/jblevins32/IRR2/install/jacob_find_object_py/lib/python3.10/site-packages/jacob_find_object_py/find_orange_ball.py to find_orange_ball.cpython-310.pyc
[0.730s] running install_data
[0.731s] creating /home/jblevins32/IRR2/install/jacob_find_object_py/share/ament_index
[0.731s] creating /home/jblevins32/IRR2/install/jacob_find_object_py/share/ament_index/resource_index
[0.731s] creating /home/jblevins32/IRR2/install/jacob_find_object_py/share/ament_index/resource_index/packages
[0.731s] copying resource/jacob_find_object_py -> /home/jblevins32/IRR2/install/jacob_find_object_py/share/ament_index/resource_index/packages
[0.731s] copying package.xml -> /home/jblevins32/IRR2/install/jacob_find_object_py/share/jacob_find_object_py
[0.731s] running install_egg_info
[0.732s] Copying ../../build/jacob_find_object_py/jacob_find_object_py.egg-info to /home/jblevins32/IRR2/install/jacob_find_object_py/lib/python3.10/site-packages/jacob_find_object_py-0.0.0-py3.10.egg-info
[0.733s] running install_scripts
[0.751s] Installing subscriber script to /home/jblevins32/IRR2/install/jacob_find_object_py/lib/jacob_find_object_py
[0.751s] writing list of installed files to '/home/jblevins32/IRR2/build/jacob_find_object_py/install.log'
[0.769s] Invoked command in '/home/jblevins32/IRR2/src/jacob_find_object_py' returned '0': DEBUGINFOD_URLS=https://debuginfod.ubuntu.com PYTHONPATH=/home/jblevins32/IRR2/build/jacob_find_object_py/prefix_override:/usr/lib/python3/dist-packages/colcon_core/task/python/colcon_distutils_commands:/home/jblevins32/IRR2/install/jacob_find_object_py/lib/python3.10/site-packages:${PYTHONPATH} /usr/bin/python3 -W ignore:setup.py install is deprecated -W ignore:easy_install command is deprecated setup.py egg_info --egg-base ../../build/jacob_find_object_py build --build-base /home/jblevins32/IRR2/build/jacob_find_object_py/build install --record /home/jblevins32/IRR2/build/jacob_find_object_py/install.log --single-version-externally-managed install_data
