[0.065s] DEBUG:colcon:Command line arguments: ['/usr/bin/colcon', 'build']
[0.065s] DEBUG:colcon:Parsed command line arguments: Namespace(log_base=None, log_level=None, verb_name='build', build_base='build', install_base='install', merge_install=False, symlink_install=False, test_result_base=None, continue_on_error=False, executor='parallel', parallel_workers=28, event_handlers=None, ignore_user_meta=False, metas=['./colcon.meta'], base_paths=['.'], packages_ignore=None, packages_ignore_regex=None, paths=None, packages_up_to=None, packages_up_to_regex=None, packages_above=None, packages_above_and_dependencies=None, packages_above_depth=None, packages_select_by_dep=None, packages_skip_by_dep=None, packages_skip_up_to=None, packages_select_build_failed=False, packages_skip_build_finished=False, packages_select_test_failures=False, packages_skip_test_passed=False, packages_select=None, packages_skip=None, packages_select_regex=None, packages_skip_regex=None, packages_start=None, packages_end=None, allow_overriding=[], cmake_args=None, cmake_target=None, cmake_target_skip_unavailable=False, cmake_clean_cache=False, cmake_clean_first=False, cmake_force_configure=False, ament_cmake_args=None, catkin_cmake_args=None, catkin_skip_building_tests=False, mixin_files=None, mixin=None, verb_parser=<colcon_mixin.mixin.mixin_argument.MixinArgumentDecorator object at 0x781339052320>, verb_extension=<colcon_core.verb.build.BuildVerb object at 0x781339167940>, main=<bound method BuildVerb.main of <colcon_core.verb.build.BuildVerb object at 0x781339167940>>, mixin_verb=('build',))
[0.187s] Level 1:colcon.colcon_core.package_discovery:discover_packages(colcon_meta) check parameters
[0.187s] Level 1:colcon.colcon_core.package_discovery:discover_packages(recursive) check parameters
[0.187s] Level 1:colcon.colcon_core.package_discovery:discover_packages(ignore) check parameters
[0.187s] Level 1:colcon.colcon_core.package_discovery:discover_packages(path) check parameters
[0.187s] Level 1:colcon.colcon_core.package_discovery:discover_packages(colcon_meta) discover
[0.187s] Level 1:colcon.colcon_core.package_discovery:discover_packages(recursive) discover
[0.187s] INFO:colcon.colcon_core.package_discovery:Crawling recursively for packages in '/home/jblevins32/IRR2'
[0.187s] Level 1:colcon.colcon_core.package_identification:_identify(.) by extensions ['ignore', 'ignore_ament_install']
[0.188s] Level 1:colcon.colcon_core.package_identification:_identify(.) by extension 'ignore'
[0.188s] Level 1:colcon.colcon_core.package_identification:_identify(.) by extension 'ignore_ament_install'
[0.188s] Level 1:colcon.colcon_core.package_identification:_identify(.) by extensions ['colcon_pkg']
[0.188s] Level 1:colcon.colcon_core.package_identification:_identify(.) by extension 'colcon_pkg'
[0.188s] Level 1:colcon.colcon_core.package_identification:_identify(.) by extensions ['colcon_meta']
[0.188s] Level 1:colcon.colcon_core.package_identification:_identify(.) by extension 'colcon_meta'
[0.188s] Level 1:colcon.colcon_core.package_identification:_identify(.) by extensions ['ros']
[0.188s] Level 1:colcon.colcon_core.package_identification:_identify(.) by extension 'ros'
[0.210s] Level 1:colcon.colcon_core.package_identification:_identify(.) by extensions ['cmake', 'python']
[0.211s] Level 1:colcon.colcon_core.package_identification:_identify(.) by extension 'cmake'
[0.211s] Level 1:colcon.colcon_core.package_identification:_identify(.) by extension 'python'
[0.211s] Level 1:colcon.colcon_core.package_identification:_identify(.) by extensions ['python_setup_py']
[0.211s] Level 1:colcon.colcon_core.package_identification:_identify(.) by extension 'python_setup_py'
[0.211s] Level 1:colcon.colcon_core.package_identification:_identify(build) by extensions ['ignore', 'ignore_ament_install']
[0.211s] Level 1:colcon.colcon_core.package_identification:_identify(build) by extension 'ignore'
[0.211s] Level 1:colcon.colcon_core.package_identification:_identify(build) ignored
[0.211s] Level 1:colcon.colcon_core.package_identification:_identify(install) by extensions ['ignore', 'ignore_ament_install']
[0.211s] Level 1:colcon.colcon_core.package_identification:_identify(install) by extension 'ignore'
[0.211s] Level 1:colcon.colcon_core.package_identification:_identify(install) ignored
[0.211s] Level 1:colcon.colcon_core.package_identification:_identify(log) by extensions ['ignore', 'ignore_ament_install']
[0.211s] Level 1:colcon.colcon_core.package_identification:_identify(log) by extension 'ignore'
[0.211s] Level 1:colcon.colcon_core.package_identification:_identify(log) ignored
[0.211s] Level 1:colcon.colcon_core.package_identification:_identify(src) by extensions ['ignore', 'ignore_ament_install']
[0.211s] Level 1:colcon.colcon_core.package_identification:_identify(src) by extension 'ignore'
[0.211s] Level 1:colcon.colcon_core.package_identification:_identify(src) by extension 'ignore_ament_install'
[0.211s] Level 1:colcon.colcon_core.package_identification:_identify(src) by extensions ['colcon_pkg']
[0.211s] Level 1:colcon.colcon_core.package_identification:_identify(src) by extension 'colcon_pkg'
[0.211s] Level 1:colcon.colcon_core.package_identification:_identify(src) by extensions ['colcon_meta']
[0.211s] Level 1:colcon.colcon_core.package_identification:_identify(src) by extension 'colcon_meta'
[0.211s] Level 1:colcon.colcon_core.package_identification:_identify(src) by extensions ['ros']
[0.211s] Level 1:colcon.colcon_core.package_identification:_identify(src) by extension 'ros'
[0.211s] Level 1:colcon.colcon_core.package_identification:_identify(src) by extensions ['cmake', 'python']
[0.211s] Level 1:colcon.colcon_core.package_identification:_identify(src) by extension 'cmake'
[0.211s] Level 1:colcon.colcon_core.package_identification:_identify(src) by extension 'python'
[0.211s] Level 1:colcon.colcon_core.package_identification:_identify(src) by extensions ['python_setup_py']
[0.211s] Level 1:colcon.colcon_core.package_identification:_identify(src) by extension 'python_setup_py'
[0.211s] Level 1:colcon.colcon_core.package_identification:_identify(src/find_object_py) by extensions ['ignore', 'ignore_ament_install']
[0.211s] Level 1:colcon.colcon_core.package_identification:_identify(src/find_object_py) by extension 'ignore'
[0.211s] Level 1:colcon.colcon_core.package_identification:_identify(src/find_object_py) by extension 'ignore_ament_install'
[0.212s] Level 1:colcon.colcon_core.package_identification:_identify(src/find_object_py) by extensions ['colcon_pkg']
[0.212s] Level 1:colcon.colcon_core.package_identification:_identify(src/find_object_py) by extension 'colcon_pkg'
[0.212s] Level 1:colcon.colcon_core.package_identification:_identify(src/find_object_py) by extensions ['colcon_meta']
[0.212s] Level 1:colcon.colcon_core.package_identification:_identify(src/find_object_py) by extension 'colcon_meta'
[0.212s] Level 1:colcon.colcon_core.package_identification:_identify(src/find_object_py) by extensions ['ros']
[0.212s] Level 1:colcon.colcon_core.package_identification:_identify(src/find_object_py) by extension 'ros'
[0.213s] DEBUG:colcon.colcon_core.package_identification:Package 'src/find_object_py' with type 'ros.ament_python' and name 'find_object_py'
[0.213s] Level 1:colcon.colcon_core.package_identification:_identify(src/jacob_find_object_py) by extensions ['ignore', 'ignore_ament_install']
[0.213s] Level 1:colcon.colcon_core.package_identification:_identify(src/jacob_find_object_py) by extension 'ignore'
[0.213s] Level 1:colcon.colcon_core.package_identification:_identify(src/jacob_find_object_py) by extension 'ignore_ament_install'
[0.213s] Level 1:colcon.colcon_core.package_identification:_identify(src/jacob_find_object_py) by extensions ['colcon_pkg']
[0.213s] Level 1:colcon.colcon_core.package_identification:_identify(src/jacob_find_object_py) by extension 'colcon_pkg'
[0.213s] Level 1:colcon.colcon_core.package_identification:_identify(src/jacob_find_object_py) by extensions ['colcon_meta']
[0.213s] Level 1:colcon.colcon_core.package_identification:_identify(src/jacob_find_object_py) by extension 'colcon_meta'
[0.213s] Level 1:colcon.colcon_core.package_identification:_identify(src/jacob_find_object_py) by extensions ['ros']
[0.214s] Level 1:colcon.colcon_core.package_identification:_identify(src/jacob_find_object_py) by extension 'ros'
[0.214s] DEBUG:colcon.colcon_core.package_identification:Package 'src/jacob_find_object_py' with type 'ros.ament_python' and name 'jacob_find_object_py'
[0.214s] Level 1:colcon.colcon_core.package_identification:_identify(src/rotate_robot) by extensions ['ignore', 'ignore_ament_install']
[0.214s] Level 1:colcon.colcon_core.package_identification:_identify(src/rotate_robot) by extension 'ignore'
[0.214s] Level 1:colcon.colcon_core.package_identification:_identify(src/rotate_robot) by extension 'ignore_ament_install'
[0.214s] Level 1:colcon.colcon_core.package_identification:_identify(src/rotate_robot) by extensions ['colcon_pkg']
[0.214s] Level 1:colcon.colcon_core.package_identification:_identify(src/rotate_robot) by extension 'colcon_pkg'
[0.214s] Level 1:colcon.colcon_core.package_identification:_identify(src/rotate_robot) by extensions ['colcon_meta']
[0.214s] Level 1:colcon.colcon_core.package_identification:_identify(src/rotate_robot) by extension 'colcon_meta'
[0.214s] Level 1:colcon.colcon_core.package_identification:_identify(src/rotate_robot) by extensions ['ros']
[0.214s] Level 1:colcon.colcon_core.package_identification:_identify(src/rotate_robot) by extension 'ros'
[0.214s] DEBUG:colcon.colcon_core.package_identification:Package 'src/rotate_robot' with type 'ros.ament_cmake' and name 'rotate_robot'
[0.215s] Level 1:colcon.colcon_core.package_discovery:discover_packages(recursive) using defaults
[0.215s] Level 1:colcon.colcon_core.package_discovery:discover_packages(ignore) discover
[0.215s] Level 1:colcon.colcon_core.package_discovery:discover_packages(ignore) using defaults
[0.215s] Level 1:colcon.colcon_core.package_discovery:discover_packages(path) discover
[0.215s] Level 1:colcon.colcon_core.package_discovery:discover_packages(path) using defaults
[0.227s] Level 1:colcon.colcon_core.package_discovery:discover_packages(prefix_path) check parameters
[0.227s] Level 1:colcon.colcon_core.package_discovery:discover_packages(prefix_path) discover
[0.228s] WARNING:colcon.colcon_ros.prefix_path.ament:The path '/home/jblevins32/IRR2/install/rotate_robot' in the environment variable AMENT_PREFIX_PATH doesn't exist
[0.228s] WARNING:colcon.colcon_ros.prefix_path.ament:The path '/home/jblevins32/IRR2/install/jacob_find_object_py' in the environment variable AMENT_PREFIX_PATH doesn't exist
[0.228s] WARNING:colcon.colcon_ros.prefix_path.ament:The path '/home/jblevins32/IRR2/install/find_object_py' in the environment variable AMENT_PREFIX_PATH doesn't exist
[0.228s] WARNING:colcon.colcon_ros.prefix_path.catkin:The path '/home/jblevins32/IRR2/install/rotate_robot' in the environment variable CMAKE_PREFIX_PATH doesn't exist
[0.228s] DEBUG:colcon.colcon_installed_package_information.package_discovery:Found 0 installed packages in /home/jblevins32/IRR2/install
[0.229s] DEBUG:colcon.colcon_installed_package_information.package_discovery:Found 288 installed packages in /opt/ros/humble
[0.230s] Level 1:colcon.colcon_core.package_discovery:discover_packages(prefix_path) using defaults
[0.250s] Level 5:colcon.colcon_core.verb:set package 'find_object_py' build argument 'cmake_args' from command line to 'None'
[0.250s] Level 5:colcon.colcon_core.verb:set package 'find_object_py' build argument 'cmake_target' from command line to 'None'
[0.250s] Level 5:colcon.colcon_core.verb:set package 'find_object_py' build argument 'cmake_target_skip_unavailable' from command line to 'False'
[0.250s] Level 5:colcon.colcon_core.verb:set package 'find_object_py' build argument 'cmake_clean_cache' from command line to 'False'
[0.250s] Level 5:colcon.colcon_core.verb:set package 'find_object_py' build argument 'cmake_clean_first' from command line to 'False'
[0.250s] Level 5:colcon.colcon_core.verb:set package 'find_object_py' build argument 'cmake_force_configure' from command line to 'False'
[0.250s] Level 5:colcon.colcon_core.verb:set package 'find_object_py' build argument 'ament_cmake_args' from command line to 'None'
[0.250s] Level 5:colcon.colcon_core.verb:set package 'find_object_py' build argument 'catkin_cmake_args' from command line to 'None'
[0.250s] Level 5:colcon.colcon_core.verb:set package 'find_object_py' build argument 'catkin_skip_building_tests' from command line to 'False'
[0.250s] DEBUG:colcon.colcon_core.verb:Building package 'find_object_py' with the following arguments: {'ament_cmake_args': None, 'build_base': '/home/jblevins32/IRR2/build/find_object_py', 'catkin_cmake_args': None, 'catkin_skip_building_tests': False, 'cmake_args': None, 'cmake_clean_cache': False, 'cmake_clean_first': False, 'cmake_force_configure': False, 'cmake_target': None, 'cmake_target_skip_unavailable': False, 'install_base': '/home/jblevins32/IRR2/install/find_object_py', 'merge_install': False, 'path': '/home/jblevins32/IRR2/src/find_object_py', 'symlink_install': False, 'test_result_base': None}
[0.251s] Level 5:colcon.colcon_core.verb:set package 'jacob_find_object_py' build argument 'cmake_args' from command line to 'None'
[0.251s] Level 5:colcon.colcon_core.verb:set package 'jacob_find_object_py' build argument 'cmake_target' from command line to 'None'
[0.251s] Level 5:colcon.colcon_core.verb:set package 'jacob_find_object_py' build argument 'cmake_target_skip_unavailable' from command line to 'False'
[0.251s] Level 5:colcon.colcon_core.verb:set package 'jacob_find_object_py' build argument 'cmake_clean_cache' from command line to 'False'
[0.251s] Level 5:colcon.colcon_core.verb:set package 'jacob_find_object_py' build argument 'cmake_clean_first' from command line to 'False'
[0.251s] Level 5:colcon.colcon_core.verb:set package 'jacob_find_object_py' build argument 'cmake_force_configure' from command line to 'False'
[0.251s] Level 5:colcon.colcon_core.verb:set package 'jacob_find_object_py' build argument 'ament_cmake_args' from command line to 'None'
[0.251s] Level 5:colcon.colcon_core.verb:set package 'jacob_find_object_py' build argument 'catkin_cmake_args' from command line to 'None'
[0.251s] Level 5:colcon.colcon_core.verb:set package 'jacob_find_object_py' build argument 'catkin_skip_building_tests' from command line to 'False'
[0.251s] DEBUG:colcon.colcon_core.verb:Building package 'jacob_find_object_py' with the following arguments: {'ament_cmake_args': None, 'build_base': '/home/jblevins32/IRR2/build/jacob_find_object_py', 'catkin_cmake_args': None, 'catkin_skip_building_tests': False, 'cmake_args': None, 'cmake_clean_cache': False, 'cmake_clean_first': False, 'cmake_force_configure': False, 'cmake_target': None, 'cmake_target_skip_unavailable': False, 'install_base': '/home/jblevins32/IRR2/install/jacob_find_object_py', 'merge_install': False, 'path': '/home/jblevins32/IRR2/src/jacob_find_object_py', 'symlink_install': False, 'test_result_base': None}
[0.251s] Level 5:colcon.colcon_core.verb:set package 'rotate_robot' build argument 'cmake_args' from command line to 'None'
[0.251s] Level 5:colcon.colcon_core.verb:set package 'rotate_robot' build argument 'cmake_target' from command line to 'None'
[0.251s] Level 5:colcon.colcon_core.verb:set package 'rotate_robot' build argument 'cmake_target_skip_unavailable' from command line to 'False'
[0.251s] Level 5:colcon.colcon_core.verb:set package 'rotate_robot' build argument 'cmake_clean_cache' from command line to 'False'
[0.251s] Level 5:colcon.colcon_core.verb:set package 'rotate_robot' build argument 'cmake_clean_first' from command line to 'False'
[0.251s] Level 5:colcon.colcon_core.verb:set package 'rotate_robot' build argument 'cmake_force_configure' from command line to 'False'
[0.251s] Level 5:colcon.colcon_core.verb:set package 'rotate_robot' build argument 'ament_cmake_args' from command line to 'None'
[0.251s] Level 5:colcon.colcon_core.verb:set package 'rotate_robot' build argument 'catkin_cmake_args' from command line to 'None'
[0.251s] Level 5:colcon.colcon_core.verb:set package 'rotate_robot' build argument 'catkin_skip_building_tests' from command line to 'False'
[0.251s] DEBUG:colcon.colcon_core.verb:Building package 'rotate_robot' with the following arguments: {'ament_cmake_args': None, 'build_base': '/home/jblevins32/IRR2/build/rotate_robot', 'catkin_cmake_args': None, 'catkin_skip_building_tests': False, 'cmake_args': None, 'cmake_clean_cache': False, 'cmake_clean_first': False, 'cmake_force_configure': False, 'cmake_target': None, 'cmake_target_skip_unavailable': False, 'install_base': '/home/jblevins32/IRR2/install/rotate_robot', 'merge_install': False, 'path': '/home/jblevins32/IRR2/src/rotate_robot', 'symlink_install': False, 'test_result_base': None}
[0.251s] INFO:colcon.colcon_core.executor:Executing jobs using 'parallel' executor
[0.252s] DEBUG:colcon.colcon_parallel_executor.executor.parallel:run_until_complete
[0.252s] INFO:colcon.colcon_ros.task.ament_python.build:Building ROS package in '/home/jblevins32/IRR2/src/find_object_py' with build type 'ament_python'
[0.252s] Level 1:colcon.colcon_core.shell:create_environment_hook('find_object_py', 'ament_prefix_path')
[0.253s] INFO:colcon.colcon_core.plugin_system:Skipping extension 'colcon_core.shell.bat': Not used on non-Windows systems
[0.253s] INFO:colcon.colcon_core.shell:Creating environment hook '/home/jblevins32/IRR2/install/find_object_py/share/find_object_py/hook/ament_prefix_path.ps1'
[0.254s] INFO:colcon.colcon_core.shell:Creating environment descriptor '/home/jblevins32/IRR2/install/find_object_py/share/find_object_py/hook/ament_prefix_path.dsv'
[0.254s] INFO:colcon.colcon_core.shell:Creating environment hook '/home/jblevins32/IRR2/install/find_object_py/share/find_object_py/hook/ament_prefix_path.sh'
[0.255s] INFO:colcon.colcon_core.shell:Skip shell extension 'powershell' for command environment: Not usable outside of PowerShell
[0.255s] DEBUG:colcon.colcon_core.shell:Skip shell extension 'dsv' for command environment
[0.257s] INFO:colcon.colcon_ros.task.ament_python.build:Building ROS package in '/home/jblevins32/IRR2/src/jacob_find_object_py' with build type 'ament_python'
[0.257s] Level 1:colcon.colcon_core.shell:create_environment_hook('jacob_find_object_py', 'ament_prefix_path')
[0.257s] INFO:colcon.colcon_core.shell:Creating environment hook '/home/jblevins32/IRR2/install/jacob_find_object_py/share/jacob_find_object_py/hook/ament_prefix_path.ps1'
[0.257s] INFO:colcon.colcon_core.shell:Creating environment descriptor '/home/jblevins32/IRR2/install/jacob_find_object_py/share/jacob_find_object_py/hook/ament_prefix_path.dsv'
[0.257s] INFO:colcon.colcon_core.shell:Creating environment hook '/home/jblevins32/IRR2/install/jacob_find_object_py/share/jacob_find_object_py/hook/ament_prefix_path.sh'
[0.258s] INFO:colcon.colcon_core.shell:Skip shell extension 'powershell' for command environment: Not usable outside of PowerShell
[0.258s] DEBUG:colcon.colcon_core.shell:Skip shell extension 'dsv' for command environment
[0.260s] INFO:colcon.colcon_ros.task.ament_cmake.build:Building ROS package in '/home/jblevins32/IRR2/src/rotate_robot' with build type 'ament_cmake'
[0.260s] INFO:colcon.colcon_cmake.task.cmake.build:Building CMake package in '/home/jblevins32/IRR2/src/rotate_robot'
[0.260s] INFO:colcon.colcon_core.shell:Skip shell extension 'powershell' for command environment: Not usable outside of PowerShell
[0.260s] DEBUG:colcon.colcon_core.shell:Skip shell extension 'dsv' for command environment
[0.424s] INFO:colcon.colcon_core.task.python.build:Building Python package in '/home/jblevins32/IRR2/src/find_object_py'
[0.424s] INFO:colcon.colcon_core.shell:Skip shell extension 'powershell' for command environment: Not usable outside of PowerShell
[0.424s] DEBUG:colcon.colcon_core.shell:Skip shell extension 'dsv' for command environment
[0.589s] INFO:colcon.colcon_core.task.python.build:Building Python package in '/home/jblevins32/IRR2/src/jacob_find_object_py'
[0.590s] INFO:colcon.colcon_core.shell:Skip shell extension 'powershell' for command environment: Not usable outside of PowerShell
[0.590s] DEBUG:colcon.colcon_core.shell:Skip shell extension 'dsv' for command environment
[0.596s] DEBUG:colcon.colcon_core.event_handler.log_command:Invoking command in '/home/jblevins32/IRR2/build/rotate_robot': CMAKE_PREFIX_PATH=${CMAKE_PREFIX_PATH}:/home/jblevins32/IRR2/install/jacob_find_object_py:/home/jblevins32/IRR2/install/find_object_py:/opt/ros/humble DEBUGINFOD_URLS=https://debuginfod.ubuntu.com /usr/bin/cmake /home/jblevins32/IRR2/src/rotate_robot -DCMAKE_INSTALL_PREFIX=/home/jblevins32/IRR2/install/rotate_robot
[0.818s] DEBUG:colcon.colcon_core.event_handler.log_command:Invoking command in '/home/jblevins32/IRR2/src/jacob_find_object_py': DEBUGINFOD_URLS=https://debuginfod.ubuntu.com PYTHONPATH=/home/jblevins32/IRR2/build/jacob_find_object_py/prefix_override:/usr/lib/python3/dist-packages/colcon_core/task/python/colcon_distutils_commands:/home/jblevins32/IRR2/install/jacob_find_object_py/lib/python3.10/site-packages:${PYTHONPATH} /usr/bin/python3 -W ignore:setup.py install is deprecated -W ignore:easy_install command is deprecated setup.py egg_info --egg-base ../../build/jacob_find_object_py build --build-base /home/jblevins32/IRR2/build/jacob_find_object_py/build install --record /home/jblevins32/IRR2/build/jacob_find_object_py/install.log --single-version-externally-managed install_data
[0.829s] DEBUG:colcon.colcon_core.event_handler.log_command:Invoking command in '/home/jblevins32/IRR2/src/find_object_py': DEBUGINFOD_URLS=https://debuginfod.ubuntu.com PYTHONPATH=/home/jblevins32/IRR2/build/find_object_py/prefix_override:/usr/lib/python3/dist-packages/colcon_core/task/python/colcon_distutils_commands:/home/jblevins32/IRR2/install/find_object_py/lib/python3.10/site-packages:${PYTHONPATH} /usr/bin/python3 -W ignore:setup.py install is deprecated -W ignore:easy_install command is deprecated setup.py egg_info --egg-base ../../build/find_object_py build --build-base /home/jblevins32/IRR2/build/find_object_py/build install --record /home/jblevins32/IRR2/build/find_object_py/install.log --single-version-externally-managed install_data
[1.026s] DEBUG:colcon.colcon_core.event_handler.log_command:Invoked command in '/home/jblevins32/IRR2/src/jacob_find_object_py' returned '0': DEBUGINFOD_URLS=https://debuginfod.ubuntu.com PYTHONPATH=/home/jblevins32/IRR2/build/jacob_find_object_py/prefix_override:/usr/lib/python3/dist-packages/colcon_core/task/python/colcon_distutils_commands:/home/jblevins32/IRR2/install/jacob_find_object_py/lib/python3.10/site-packages:${PYTHONPATH} /usr/bin/python3 -W ignore:setup.py install is deprecated -W ignore:easy_install command is deprecated setup.py egg_info --egg-base ../../build/jacob_find_object_py build --build-base /home/jblevins32/IRR2/build/jacob_find_object_py/build install --record /home/jblevins32/IRR2/build/jacob_find_object_py/install.log --single-version-externally-managed install_data
[1.028s] Level 1:colcon.colcon_core.environment:checking '/home/jblevins32/IRR2/install/jacob_find_object_py' for CMake module files
[1.028s] Level 1:colcon.colcon_core.environment:checking '/home/jblevins32/IRR2/install/jacob_find_object_py' for CMake config files
[1.029s] Level 1:colcon.colcon_core.environment:checking '/home/jblevins32/IRR2/install/jacob_find_object_py/lib'
[1.029s] Level 1:colcon.colcon_core.environment:checking '/home/jblevins32/IRR2/install/jacob_find_object_py/bin'
[1.029s] Level 1:colcon.colcon_core.environment:checking '/home/jblevins32/IRR2/install/jacob_find_object_py/lib/pkgconfig/jacob_find_object_py.pc'
[1.029s] Level 1:colcon.colcon_core.environment:checking '/home/jblevins32/IRR2/install/jacob_find_object_py/lib/python3.10/site-packages'
[1.029s] Level 1:colcon.colcon_core.shell:create_environment_hook('jacob_find_object_py', 'pythonpath')
[1.029s] INFO:colcon.colcon_core.shell:Creating environment hook '/home/jblevins32/IRR2/install/jacob_find_object_py/share/jacob_find_object_py/hook/pythonpath.ps1'
[1.029s] INFO:colcon.colcon_core.shell:Creating environment descriptor '/home/jblevins32/IRR2/install/jacob_find_object_py/share/jacob_find_object_py/hook/pythonpath.dsv'
[1.030s] INFO:colcon.colcon_core.shell:Creating environment hook '/home/jblevins32/IRR2/install/jacob_find_object_py/share/jacob_find_object_py/hook/pythonpath.sh'
[1.030s] Level 1:colcon.colcon_core.environment:checking '/home/jblevins32/IRR2/install/jacob_find_object_py/bin'
[1.030s] Level 1:colcon.colcon_core.environment:create_environment_scripts_only(jacob_find_object_py)
[1.030s] INFO:colcon.colcon_core.shell:Creating package script '/home/jblevins32/IRR2/install/jacob_find_object_py/share/jacob_find_object_py/package.ps1'
[1.031s] INFO:colcon.colcon_core.shell:Creating package descriptor '/home/jblevins32/IRR2/install/jacob_find_object_py/share/jacob_find_object_py/package.dsv'
[1.031s] INFO:colcon.colcon_core.shell:Creating package script '/home/jblevins32/IRR2/install/jacob_find_object_py/share/jacob_find_object_py/package.sh'
[1.032s] INFO:colcon.colcon_core.shell:Creating package script '/home/jblevins32/IRR2/install/jacob_find_object_py/share/jacob_find_object_py/package.bash'
[1.032s] INFO:colcon.colcon_core.shell:Creating package script '/home/jblevins32/IRR2/install/jacob_find_object_py/share/jacob_find_object_py/package.zsh'
[1.032s] Level 1:colcon.colcon_core.environment:create_file_with_runtime_dependencies(/home/jblevins32/IRR2/install/jacob_find_object_py/share/colcon-core/packages/jacob_find_object_py)
[1.041s] Level 1:colcon.colcon_core.environment:checking '/home/jblevins32/IRR2/install/find_object_py' for CMake module files
[1.042s] DEBUG:colcon.colcon_core.event_handler.log_command:Invoked command in '/home/jblevins32/IRR2/src/find_object_py' returned '0': DEBUGINFOD_URLS=https://debuginfod.ubuntu.com PYTHONPATH=/home/jblevins32/IRR2/build/find_object_py/prefix_override:/usr/lib/python3/dist-packages/colcon_core/task/python/colcon_distutils_commands:/home/jblevins32/IRR2/install/find_object_py/lib/python3.10/site-packages:${PYTHONPATH} /usr/bin/python3 -W ignore:setup.py install is deprecated -W ignore:easy_install command is deprecated setup.py egg_info --egg-base ../../build/find_object_py build --build-base /home/jblevins32/IRR2/build/find_object_py/build install --record /home/jblevins32/IRR2/build/find_object_py/install.log --single-version-externally-managed install_data
[1.042s] Level 1:colcon.colcon_core.environment:checking '/home/jblevins32/IRR2/install/find_object_py' for CMake config files
[1.042s] Level 1:colcon.colcon_core.environment:checking '/home/jblevins32/IRR2/install/find_object_py/lib'
[1.042s] Level 1:colcon.colcon_core.environment:checking '/home/jblevins32/IRR2/install/find_object_py/bin'
[1.042s] Level 1:colcon.colcon_core.environment:checking '/home/jblevins32/IRR2/install/find_object_py/lib/pkgconfig/find_object_py.pc'
[1.043s] Level 1:colcon.colcon_core.environment:checking '/home/jblevins32/IRR2/install/find_object_py/lib/python3.10/site-packages'
[1.043s] Level 1:colcon.colcon_core.shell:create_environment_hook('find_object_py', 'pythonpath')
[1.043s] INFO:colcon.colcon_core.shell:Creating environment hook '/home/jblevins32/IRR2/install/find_object_py/share/find_object_py/hook/pythonpath.ps1'
[1.043s] INFO:colcon.colcon_core.shell:Creating environment descriptor '/home/jblevins32/IRR2/install/find_object_py/share/find_object_py/hook/pythonpath.dsv'
[1.043s] INFO:colcon.colcon_core.shell:Creating environment hook '/home/jblevins32/IRR2/install/find_object_py/share/find_object_py/hook/pythonpath.sh'
[1.044s] Level 1:colcon.colcon_core.environment:checking '/home/jblevins32/IRR2/install/find_object_py/bin'
[1.044s] Level 1:colcon.colcon_core.environment:create_environment_scripts_only(find_object_py)
[1.044s] INFO:colcon.colcon_core.shell:Creating package script '/home/jblevins32/IRR2/install/find_object_py/share/find_object_py/package.ps1'
[1.044s] INFO:colcon.colcon_core.shell:Creating package descriptor '/home/jblevins32/IRR2/install/find_object_py/share/find_object_py/package.dsv'
[1.044s] INFO:colcon.colcon_core.shell:Creating package script '/home/jblevins32/IRR2/install/find_object_py/share/find_object_py/package.sh'
[1.044s] INFO:colcon.colcon_core.shell:Creating package script '/home/jblevins32/IRR2/install/find_object_py/share/find_object_py/package.bash'
[1.045s] INFO:colcon.colcon_core.shell:Creating package script '/home/jblevins32/IRR2/install/find_object_py/share/find_object_py/package.zsh'
[1.045s] Level 1:colcon.colcon_core.environment:create_file_with_runtime_dependencies(/home/jblevins32/IRR2/install/find_object_py/share/colcon-core/packages/find_object_py)
[1.517s] DEBUG:colcon.colcon_core.event_handler.log_command:Invoked command in '/home/jblevins32/IRR2/build/rotate_robot' returned '0': CMAKE_PREFIX_PATH=${CMAKE_PREFIX_PATH}:/home/jblevins32/IRR2/install/jacob_find_object_py:/home/jblevins32/IRR2/install/find_object_py:/opt/ros/humble DEBUGINFOD_URLS=https://debuginfod.ubuntu.com /usr/bin/cmake /home/jblevins32/IRR2/src/rotate_robot -DCMAKE_INSTALL_PREFIX=/home/jblevins32/IRR2/install/rotate_robot
[1.518s] DEBUG:colcon.colcon_core.event_handler.log_command:Invoking command in '/home/jblevins32/IRR2/build/rotate_robot': CMAKE_PREFIX_PATH=${CMAKE_PREFIX_PATH}:/home/jblevins32/IRR2/install/jacob_find_object_py:/home/jblevins32/IRR2/install/find_object_py:/opt/ros/humble DEBUGINFOD_URLS=https://debuginfod.ubuntu.com /usr/bin/cmake --build /home/jblevins32/IRR2/build/rotate_robot -- -j28 -l28
[6.759s] DEBUG:colcon.colcon_core.event_handler.log_command:Invoked command in '/home/jblevins32/IRR2/build/rotate_robot' returned '0': CMAKE_PREFIX_PATH=${CMAKE_PREFIX_PATH}:/home/jblevins32/IRR2/install/jacob_find_object_py:/home/jblevins32/IRR2/install/find_object_py:/opt/ros/humble DEBUGINFOD_URLS=https://debuginfod.ubuntu.com /usr/bin/cmake --build /home/jblevins32/IRR2/build/rotate_robot -- -j28 -l28
[6.770s] DEBUG:colcon.colcon_core.event_handler.log_command:Invoking command in '/home/jblevins32/IRR2/build/rotate_robot': CMAKE_PREFIX_PATH=${CMAKE_PREFIX_PATH}:/home/jblevins32/IRR2/install/jacob_find_object_py:/home/jblevins32/IRR2/install/find_object_py:/opt/ros/humble DEBUGINFOD_URLS=https://debuginfod.ubuntu.com /usr/bin/cmake --install /home/jblevins32/IRR2/build/rotate_robot
[6.779s] Level 1:colcon.colcon_core.environment:create_environment_scripts_only(rotate_robot)
[6.779s] DEBUG:colcon.colcon_core.event_handler.log_command:Invoked command in '/home/jblevins32/IRR2/build/rotate_robot' returned '0': CMAKE_PREFIX_PATH=${CMAKE_PREFIX_PATH}:/home/jblevins32/IRR2/install/jacob_find_object_py:/home/jblevins32/IRR2/install/find_object_py:/opt/ros/humble DEBUGINFOD_URLS=https://debuginfod.ubuntu.com /usr/bin/cmake --install /home/jblevins32/IRR2/build/rotate_robot
[6.780s] Level 1:colcon.colcon_core.environment:checking '/home/jblevins32/IRR2/install/rotate_robot' for CMake module files
[6.780s] Level 1:colcon.colcon_core.environment:checking '/home/jblevins32/IRR2/install/rotate_robot' for CMake config files
[6.780s] Level 1:colcon.colcon_core.shell:create_environment_hook('rotate_robot', 'cmake_prefix_path')
[6.781s] INFO:colcon.colcon_core.shell:Creating environment hook '/home/jblevins32/IRR2/install/rotate_robot/share/rotate_robot/hook/cmake_prefix_path.ps1'
[6.781s] INFO:colcon.colcon_core.shell:Creating environment descriptor '/home/jblevins32/IRR2/install/rotate_robot/share/rotate_robot/hook/cmake_prefix_path.dsv'
[6.781s] INFO:colcon.colcon_core.shell:Creating environment hook '/home/jblevins32/IRR2/install/rotate_robot/share/rotate_robot/hook/cmake_prefix_path.sh'
[6.782s] Level 1:colcon.colcon_core.environment:checking '/home/jblevins32/IRR2/install/rotate_robot/lib'
[6.782s] Level 1:colcon.colcon_core.environment:checking '/home/jblevins32/IRR2/install/rotate_robot/bin'
[6.782s] Level 1:colcon.colcon_core.environment:checking '/home/jblevins32/IRR2/install/rotate_robot/lib/pkgconfig/rotate_robot.pc'
[6.782s] Level 1:colcon.colcon_core.environment:checking '/home/jblevins32/IRR2/install/rotate_robot/lib/python3.10/site-packages'
[6.782s] Level 1:colcon.colcon_core.environment:checking '/home/jblevins32/IRR2/install/rotate_robot/bin'
[6.783s] INFO:colcon.colcon_core.shell:Creating package script '/home/jblevins32/IRR2/install/rotate_robot/share/rotate_robot/package.ps1'
[6.783s] INFO:colcon.colcon_core.shell:Creating package descriptor '/home/jblevins32/IRR2/install/rotate_robot/share/rotate_robot/package.dsv'
[6.784s] INFO:colcon.colcon_core.shell:Creating package script '/home/jblevins32/IRR2/install/rotate_robot/share/rotate_robot/package.sh'
[6.784s] INFO:colcon.colcon_core.shell:Creating package script '/home/jblevins32/IRR2/install/rotate_robot/share/rotate_robot/package.bash'
[6.784s] INFO:colcon.colcon_core.shell:Creating package script '/home/jblevins32/IRR2/install/rotate_robot/share/rotate_robot/package.zsh'
[6.784s] Level 1:colcon.colcon_core.environment:create_file_with_runtime_dependencies(/home/jblevins32/IRR2/install/rotate_robot/share/colcon-core/packages/rotate_robot)
[6.784s] Level 1:colcon.colcon_core.environment:create_environment_scripts_only(rotate_robot)
[6.785s] Level 1:colcon.colcon_core.environment:checking '/home/jblevins32/IRR2/install/rotate_robot' for CMake module files
[6.785s] Level 1:colcon.colcon_core.environment:checking '/home/jblevins32/IRR2/install/rotate_robot' for CMake config files
[6.785s] Level 1:colcon.colcon_core.shell:create_environment_hook('rotate_robot', 'cmake_prefix_path')
[6.785s] INFO:colcon.colcon_core.shell:Creating environment hook '/home/jblevins32/IRR2/install/rotate_robot/share/rotate_robot/hook/cmake_prefix_path.ps1'
[6.785s] INFO:colcon.colcon_core.shell:Creating environment descriptor '/home/jblevins32/IRR2/install/rotate_robot/share/rotate_robot/hook/cmake_prefix_path.dsv'
[6.786s] INFO:colcon.colcon_core.shell:Creating environment hook '/home/jblevins32/IRR2/install/rotate_robot/share/rotate_robot/hook/cmake_prefix_path.sh'
[6.786s] Level 1:colcon.colcon_core.environment:checking '/home/jblevins32/IRR2/install/rotate_robot/lib'
[6.786s] Level 1:colcon.colcon_core.environment:checking '/home/jblevins32/IRR2/install/rotate_robot/bin'
[6.786s] Level 1:colcon.colcon_core.environment:checking '/home/jblevins32/IRR2/install/rotate_robot/lib/pkgconfig/rotate_robot.pc'
[6.786s] Level 1:colcon.colcon_core.environment:checking '/home/jblevins32/IRR2/install/rotate_robot/lib/python3.10/site-packages'
[6.786s] Level 1:colcon.colcon_core.environment:checking '/home/jblevins32/IRR2/install/rotate_robot/bin'
[6.786s] INFO:colcon.colcon_core.shell:Creating package script '/home/jblevins32/IRR2/install/rotate_robot/share/rotate_robot/package.ps1'
[6.787s] INFO:colcon.colcon_core.shell:Creating package descriptor '/home/jblevins32/IRR2/install/rotate_robot/share/rotate_robot/package.dsv'
[6.787s] INFO:colcon.colcon_core.shell:Creating package script '/home/jblevins32/IRR2/install/rotate_robot/share/rotate_robot/package.sh'
[6.787s] INFO:colcon.colcon_core.shell:Creating package script '/home/jblevins32/IRR2/install/rotate_robot/share/rotate_robot/package.bash'
[6.788s] INFO:colcon.colcon_core.shell:Creating package script '/home/jblevins32/IRR2/install/rotate_robot/share/rotate_robot/package.zsh'
[6.788s] Level 1:colcon.colcon_core.environment:create_file_with_runtime_dependencies(/home/jblevins32/IRR2/install/rotate_robot/share/colcon-core/packages/rotate_robot)
[6.788s] DEBUG:colcon.colcon_parallel_executor.executor.parallel:closing loop
[6.788s] DEBUG:colcon.colcon_parallel_executor.executor.parallel:loop closed
[6.789s] DEBUG:colcon.colcon_parallel_executor.executor.parallel:run_until_complete finished with '0'
[6.789s] DEBUG:colcon.colcon_core.event_reactor:joining thread
[6.793s] INFO:colcon.colcon_core.plugin_system:Skipping extension 'colcon_notification.desktop_notification.terminal_notifier': Not used on non-Darwin systems
[6.794s] INFO:colcon.colcon_core.plugin_system:Skipping extension 'colcon_notification.desktop_notification.win32': Not used on non-Windows systems
[6.794s] INFO:colcon.colcon_notification.desktop_notification:Sending desktop notification using 'notify2'
[6.807s] DEBUG:colcon.colcon_core.event_reactor:joined thread
[6.807s] INFO:colcon.colcon_core.shell:Creating prefix script '/home/jblevins32/IRR2/install/local_setup.ps1'
[6.808s] INFO:colcon.colcon_core.shell:Creating prefix util module '/home/jblevins32/IRR2/install/_local_setup_util_ps1.py'
[6.810s] INFO:colcon.colcon_core.shell:Creating prefix chain script '/home/jblevins32/IRR2/install/setup.ps1'
[6.811s] INFO:colcon.colcon_core.shell:Creating prefix script '/home/jblevins32/IRR2/install/local_setup.sh'
[6.811s] INFO:colcon.colcon_core.shell:Creating prefix util module '/home/jblevins32/IRR2/install/_local_setup_util_sh.py'
[6.812s] INFO:colcon.colcon_core.shell:Creating prefix chain script '/home/jblevins32/IRR2/install/setup.sh'
[6.813s] INFO:colcon.colcon_core.shell:Creating prefix script '/home/jblevins32/IRR2/install/local_setup.bash'
[6.814s] INFO:colcon.colcon_core.shell:Creating prefix chain script '/home/jblevins32/IRR2/install/setup.bash'
[6.815s] INFO:colcon.colcon_core.shell:Creating prefix script '/home/jblevins32/IRR2/install/local_setup.zsh'
[6.815s] INFO:colcon.colcon_core.shell:Creating prefix chain script '/home/jblevins32/IRR2/install/setup.zsh'
