[0.000000] (-) TimerEvent: {}
[0.004602] (-) JobUnselected: {'identifier': 'find_object_py'}
[0.005232] (-) JobUnselected: {'identifier': 'rotate_robot'}
[0.006003] (jacob_find_object_py) JobQueued: {'identifier': 'jacob_find_object_py', 'dependencies': OrderedDict()}
[0.006595] (jacob_find_object_py) JobStarted: {'identifier': 'jacob_find_object_py'}
[0.097691] (-) TimerEvent: {}
[0.200174] (-) TimerEvent: {}
[0.302024] (-) TimerEvent: {}
[0.403952] (-) TimerEvent: {}
[0.506539] (-) TimerEvent: {}
[0.607314] (-) TimerEvent: {}
[0.708813] (-) TimerEvent: {}
[0.809837] (-) TimerEvent: {}
[0.910970] (-) TimerEvent: {}
[1.011725] (-) TimerEvent: {}
[1.113586] (-) TimerEvent: {}
[1.214985] (-) TimerEvent: {}
[1.316655] (-) TimerEvent: {}
[1.419435] (-) TimerEvent: {}
[1.521107] (-) TimerEvent: {}
[1.623080] (-) TimerEvent: {}
[1.724667] (-) TimerEvent: {}
[1.825415] (-) TimerEvent: {}
[1.928631] (-) TimerEvent: {}
[2.031111] (-) TimerEvent: {}
[2.133053] (-) TimerEvent: {}
[2.239172] (-) TimerEvent: {}
[2.267828] (jacob_find_object_py) StderrLine: {'line': b'Traceback (most recent call last):\n  File "/usr/lib/python3/dist-packages/colcon_core/executor/__init__.py", line 91, in __call__\n    rc = await self.task(*args, **kwargs)\n  File "/usr/lib/python3/dist-packages/colcon_core/task/__init__.py", line 93, in __call__\n    return await task_method(*args, **kwargs)\n  File "/usr/lib/python3/dist-packages/colcon_ros/task/ament_python/build.py", line 51, in build\n    setup_py_data = get_setup_data(self.context.pkg, env)\n  File "/usr/lib/python3/dist-packages/colcon_core/task/python/__init__.py", line 20, in get_setup_data\n    return dict(pkg.metadata[key](env))\n  File "/usr/lib/python3/dist-packages/colcon_ros/package_augmentation/ros_ament_python.py", line 57, in getter\n    return get_setup_information(\n  File "/usr/lib/python3/dist-packages/colcon_python_setup_py/package_identification/python_setup_py.py", line 241, in get_setup_information\n    _setup_information_cache[hashable_env] = _get_setup_information(\n  File "/usr/lib/python3/dist-packages/colcon_python_setup_py/package_identification/python_setup_py.py", line 288, in _get_setup_information\n    result = subprocess.run(\n  File "/usr/lib/python3.10/subprocess.py", line 526, in run\n    raise CalledProcessError(retcode, process.args,\nsubprocess.CalledProcessError: Command \'[\'/usr/bin/python3\', \'-c\', \'import sys;from contextlib import suppress;exec("with suppress(ImportError):    from setuptools.extern.packaging.specifiers    import SpecifierSet");exec("with suppress(ImportError):    from packaging.specifiers import SpecifierSet");from distutils.core import run_setup;dist = run_setup(    \\\'setup.py\\\', script_args=(\\\'--dry-run\\\',), stop_after=\\\'config\\\');skip_keys = (\\\'cmdclass\\\', \\\'distclass\\\', \\\'ext_modules\\\', \\\'metadata\\\');data = {    key: value for key, value in dist.__dict__.items()     if (        not key.startswith(\\\'_\\\') and         not callable(value) and         key not in skip_keys and         key not in dist.display_option_names    )};data[\\\'metadata\\\'] = {    k: v for k, v in dist.metadata.__dict__.items()     if k not in (\\\'license_files\\\', \\\'provides_extras\\\')};sys.stdout.buffer.write(repr(data).encode(\\\'utf-8\\\'))\']\' returned non-zero exit status 1.\n'}
[2.273060] (jacob_find_object_py) JobEnded: {'identifier': 'jacob_find_object_py', 'rc': 1}
[2.286356] (-) EventReactorShutdown: {}
