[5.811s] DEBUG:colcon:Command line arguments: ['/usr/bin/colcon', 'build', '--packages-select', 'jacob_find_object_py']
[5.812s] DEBUG:colcon:Parsed command line arguments: Namespace(log_base=None, log_level=None, verb_name='build', build_base='build', install_base='install', merge_install=False, symlink_install=False, test_result_base=None, continue_on_error=False, executor='parallel', parallel_workers=4, event_handlers=None, ignore_user_meta=False, metas=['./colcon.meta'], base_paths=['.'], packages_ignore=None, packages_ignore_regex=None, paths=None, packages_up_to=None, packages_up_to_regex=None, packages_above=None, packages_above_and_dependencies=None, packages_above_depth=None, packages_select_by_dep=None, packages_skip_by_dep=None, packages_skip_up_to=None, packages_select_build_failed=False, packages_skip_build_finished=False, packages_select_test_failures=False, packages_skip_test_passed=False, packages_select=['jacob_find_object_py'], packages_skip=None, packages_select_regex=None, packages_skip_regex=None, packages_start=None, packages_end=None, allow_overriding=[], cmake_args=None, cmake_target=None, cmake_target_skip_unavailable=False, cmake_clean_cache=False, cmake_clean_first=False, cmake_force_configure=False, ament_cmake_args=None, catkin_cmake_args=None, catkin_skip_building_tests=False, verb_parser=<colcon_defaults.argument_parser.defaults.DefaultArgumentsDecorator object at 0xffff82b14be0>, verb_extension=<colcon_core.verb.build.BuildVerb object at 0xffff82a9f490>, main=<bound method BuildVerb.main of <colcon_core.verb.build.BuildVerb object at 0xffff82a9f490>>)
[6.154s] Level 1:colcon.colcon_core.package_discovery:discover_packages(colcon_meta) check parameters
[6.154s] Level 1:colcon.colcon_core.package_discovery:discover_packages(recursive) check parameters
[6.154s] Level 1:colcon.colcon_core.package_discovery:discover_packages(ignore) check parameters
[6.155s] Level 1:colcon.colcon_core.package_discovery:discover_packages(path) check parameters
[6.155s] Level 1:colcon.colcon_core.package_discovery:discover_packages(colcon_meta) discover
[6.155s] Level 1:colcon.colcon_core.package_discovery:discover_packages(recursive) discover
[6.156s] INFO:colcon.colcon_core.package_discovery:Crawling recursively for packages in '/home/burger/lab2_object_finder_py'
[6.156s] Level 1:colcon.colcon_core.package_identification:_identify(.) by extensions ['ignore', 'ignore_ament_install']
[6.157s] Level 1:colcon.colcon_core.package_identification:_identify(.) by extension 'ignore'
[6.157s] Level 1:colcon.colcon_core.package_identification:_identify(.) by extension 'ignore_ament_install'
[6.158s] Level 1:colcon.colcon_core.package_identification:_identify(.) by extensions ['colcon_pkg']
[6.158s] Level 1:colcon.colcon_core.package_identification:_identify(.) by extension 'colcon_pkg'
[6.159s] Level 1:colcon.colcon_core.package_identification:_identify(.) by extensions ['colcon_meta']
[6.159s] Level 1:colcon.colcon_core.package_identification:_identify(.) by extension 'colcon_meta'
[6.159s] Level 1:colcon.colcon_core.package_identification:_identify(.) by extensions ['ros']
[6.159s] Level 1:colcon.colcon_core.package_identification:_identify(.) by extension 'ros'
[6.216s] Level 1:colcon.colcon_core.package_identification:_identify(.) by extensions ['cmake', 'python']
[6.217s] Level 1:colcon.colcon_core.package_identification:_identify(.) by extension 'cmake'
[6.218s] Level 1:colcon.colcon_core.package_identification:_identify(.) by extension 'python'
[6.218s] Level 1:colcon.colcon_core.package_identification:_identify(.) by extensions ['python_setup_py']
[6.219s] Level 1:colcon.colcon_core.package_identification:_identify(.) by extension 'python_setup_py'
[6.221s] Level 1:colcon.colcon_core.package_identification:_identify(build) by extensions ['ignore', 'ignore_ament_install']
[6.222s] Level 1:colcon.colcon_core.package_identification:_identify(build) by extension 'ignore'
[6.222s] Level 1:colcon.colcon_core.package_identification:_identify(build) ignored
[6.223s] Level 1:colcon.colcon_core.package_identification:_identify(install) by extensions ['ignore', 'ignore_ament_install']
[6.224s] Level 1:colcon.colcon_core.package_identification:_identify(install) by extension 'ignore'
[6.224s] Level 1:colcon.colcon_core.package_identification:_identify(install) ignored
[6.225s] Level 1:colcon.colcon_core.package_identification:_identify(log) by extensions ['ignore', 'ignore_ament_install']
[6.226s] Level 1:colcon.colcon_core.package_identification:_identify(log) by extension 'ignore'
[6.226s] Level 1:colcon.colcon_core.package_identification:_identify(log) ignored
[6.227s] Level 1:colcon.colcon_core.package_identification:_identify(src) by extensions ['ignore', 'ignore_ament_install']
[6.228s] Level 1:colcon.colcon_core.package_identification:_identify(src) by extension 'ignore'
[6.228s] Level 1:colcon.colcon_core.package_identification:_identify(src) by extension 'ignore_ament_install'
[6.228s] Level 1:colcon.colcon_core.package_identification:_identify(src) by extensions ['colcon_pkg']
[6.229s] Level 1:colcon.colcon_core.package_identification:_identify(src) by extension 'colcon_pkg'
[6.229s] Level 1:colcon.colcon_core.package_identification:_identify(src) by extensions ['colcon_meta']
[6.229s] Level 1:colcon.colcon_core.package_identification:_identify(src) by extension 'colcon_meta'
[6.230s] Level 1:colcon.colcon_core.package_identification:_identify(src) by extensions ['ros']
[6.230s] Level 1:colcon.colcon_core.package_identification:_identify(src) by extension 'ros'
[6.231s] Level 1:colcon.colcon_core.package_identification:_identify(src) by extensions ['cmake', 'python']
[6.231s] Level 1:colcon.colcon_core.package_identification:_identify(src) by extension 'cmake'
[6.232s] Level 1:colcon.colcon_core.package_identification:_identify(src) by extension 'python'
[6.232s] Level 1:colcon.colcon_core.package_identification:_identify(src) by extensions ['python_setup_py']
[6.233s] Level 1:colcon.colcon_core.package_identification:_identify(src) by extension 'python_setup_py'
[6.233s] Level 1:colcon.colcon_core.package_identification:_identify(src/find_object_py) by extensions ['ignore', 'ignore_ament_install']
[6.234s] Level 1:colcon.colcon_core.package_identification:_identify(src/find_object_py) by extension 'ignore'
[6.235s] Level 1:colcon.colcon_core.package_identification:_identify(src/find_object_py) by extension 'ignore_ament_install'
[6.235s] Level 1:colcon.colcon_core.package_identification:_identify(src/find_object_py) by extensions ['colcon_pkg']
[6.235s] Level 1:colcon.colcon_core.package_identification:_identify(src/find_object_py) by extension 'colcon_pkg'
[6.236s] Level 1:colcon.colcon_core.package_identification:_identify(src/find_object_py) by extensions ['colcon_meta']
[6.236s] Level 1:colcon.colcon_core.package_identification:_identify(src/find_object_py) by extension 'colcon_meta'
[6.236s] Level 1:colcon.colcon_core.package_identification:_identify(src/find_object_py) by extensions ['ros']
[6.237s] Level 1:colcon.colcon_core.package_identification:_identify(src/find_object_py) by extension 'ros'
[6.248s] DEBUG:colcon.colcon_core.package_identification:Package 'src/find_object_py' with type 'ros.ament_python' and name 'find_object_py'
[6.249s] Level 1:colcon.colcon_core.package_identification:_identify(src/jacob_find_object_py) by extensions ['ignore', 'ignore_ament_install']
[6.249s] Level 1:colcon.colcon_core.package_identification:_identify(src/jacob_find_object_py) by extension 'ignore'
[6.250s] Level 1:colcon.colcon_core.package_identification:_identify(src/jacob_find_object_py) by extension 'ignore_ament_install'
[6.250s] Level 1:colcon.colcon_core.package_identification:_identify(src/jacob_find_object_py) by extensions ['colcon_pkg']
[6.250s] Level 1:colcon.colcon_core.package_identification:_identify(src/jacob_find_object_py) by extension 'colcon_pkg'
[6.250s] Level 1:colcon.colcon_core.package_identification:_identify(src/jacob_find_object_py) by extensions ['colcon_meta']
[6.250s] Level 1:colcon.colcon_core.package_identification:_identify(src/jacob_find_object_py) by extension 'colcon_meta'
[6.251s] Level 1:colcon.colcon_core.package_identification:_identify(src/jacob_find_object_py) by extensions ['ros']
[6.251s] Level 1:colcon.colcon_core.package_identification:_identify(src/jacob_find_object_py) by extension 'ros'
[6.254s] DEBUG:colcon.colcon_core.package_identification:Package 'src/jacob_find_object_py' with type 'ros.ament_python' and name 'jacob_find_object_py'
[6.255s] Level 1:colcon.colcon_core.package_identification:_identify(src/rotate_robot) by extensions ['ignore', 'ignore_ament_install']
[6.256s] Level 1:colcon.colcon_core.package_identification:_identify(src/rotate_robot) by extension 'ignore'
[6.257s] Level 1:colcon.colcon_core.package_identification:_identify(src/rotate_robot) by extension 'ignore_ament_install'
[6.258s] Level 1:colcon.colcon_core.package_identification:_identify(src/rotate_robot) by extensions ['colcon_pkg']
[6.259s] Level 1:colcon.colcon_core.package_identification:_identify(src/rotate_robot) by extension 'colcon_pkg'
[6.261s] Level 1:colcon.colcon_core.package_identification:_identify(src/rotate_robot) by extensions ['colcon_meta']
[6.261s] Level 1:colcon.colcon_core.package_identification:_identify(src/rotate_robot) by extension 'colcon_meta'
[6.262s] Level 1:colcon.colcon_core.package_identification:_identify(src/rotate_robot) by extensions ['ros']
[6.263s] Level 1:colcon.colcon_core.package_identification:_identify(src/rotate_robot) by extension 'ros'
[6.267s] DEBUG:colcon.colcon_core.package_identification:Package 'src/rotate_robot' with type 'ros.ament_cmake' and name 'rotate_robot'
[6.268s] Level 1:colcon.colcon_core.package_discovery:discover_packages(recursive) using defaults
[6.268s] Level 1:colcon.colcon_core.package_discovery:discover_packages(ignore) discover
[6.269s] Level 1:colcon.colcon_core.package_discovery:discover_packages(ignore) using defaults
[6.270s] Level 1:colcon.colcon_core.package_discovery:discover_packages(path) discover
[6.271s] Level 1:colcon.colcon_core.package_discovery:discover_packages(path) using defaults
[6.737s] INFO:colcon.colcon_core.package_selection:Skipping not selected package 'find_object_py' in 'src/find_object_py'
[6.737s] INFO:colcon.colcon_core.package_selection:Skipping not selected package 'rotate_robot' in 'src/rotate_robot'
[6.941s] Level 1:colcon.colcon_core.package_discovery:discover_packages(prefix_path) check parameters
[6.942s] Level 1:colcon.colcon_core.package_discovery:discover_packages(prefix_path) discover
[7.138s] DEBUG:colcon.colcon_installed_package_information.package_discovery:Found 8 installed packages in /home/burger/dontTouch_ws/install
[7.219s] DEBUG:colcon.colcon_installed_package_information.package_discovery:Found 206 installed packages in /opt/ros/humble
[7.225s] Level 1:colcon.colcon_core.package_discovery:discover_packages(prefix_path) using defaults
[7.698s] Level 5:colcon.colcon_core.verb:set package 'jacob_find_object_py' build argument 'cmake_args' from command line to 'None'
[7.698s] Level 5:colcon.colcon_core.verb:set package 'jacob_find_object_py' build argument 'cmake_target' from command line to 'None'
[7.699s] Level 5:colcon.colcon_core.verb:set package 'jacob_find_object_py' build argument 'cmake_target_skip_unavailable' from command line to 'False'
[7.700s] Level 5:colcon.colcon_core.verb:set package 'jacob_find_object_py' build argument 'cmake_clean_cache' from command line to 'False'
[7.700s] Level 5:colcon.colcon_core.verb:set package 'jacob_find_object_py' build argument 'cmake_clean_first' from command line to 'False'
[7.701s] Level 5:colcon.colcon_core.verb:set package 'jacob_find_object_py' build argument 'cmake_force_configure' from command line to 'False'
[7.701s] Level 5:colcon.colcon_core.verb:set package 'jacob_find_object_py' build argument 'ament_cmake_args' from command line to 'None'
[7.701s] Level 5:colcon.colcon_core.verb:set package 'jacob_find_object_py' build argument 'catkin_cmake_args' from command line to 'None'
[7.702s] Level 5:colcon.colcon_core.verb:set package 'jacob_find_object_py' build argument 'catkin_skip_building_tests' from command line to 'False'
[7.702s] DEBUG:colcon.colcon_core.verb:Building package 'jacob_find_object_py' with the following arguments: {'ament_cmake_args': None, 'build_base': '/home/burger/lab2_object_finder_py/build/jacob_find_object_py', 'catkin_cmake_args': None, 'catkin_skip_building_tests': False, 'cmake_args': None, 'cmake_clean_cache': False, 'cmake_clean_first': False, 'cmake_force_configure': False, 'cmake_target': None, 'cmake_target_skip_unavailable': False, 'install_base': '/home/burger/lab2_object_finder_py/install/jacob_find_object_py', 'merge_install': False, 'path': '/home/burger/lab2_object_finder_py/src/jacob_find_object_py', 'symlink_install': False, 'test_result_base': None}
[7.774s] INFO:colcon.colcon_core.executor:Executing jobs using 'parallel' executor
[7.875s] DEBUG:colcon.colcon_parallel_executor.executor.parallel:run_until_complete
[7.877s] INFO:colcon.colcon_ros.task.ament_python.build:Building ROS package in '/home/burger/lab2_object_finder_py/src/jacob_find_object_py' with build type 'ament_python'
[7.878s] Level 1:colcon.colcon_core.shell:create_environment_hook('jacob_find_object_py', 'ament_prefix_path')
[7.992s] INFO:colcon.colcon_core.plugin_system:Skipping extension 'colcon_core.shell.bat': Not used on non-Windows systems
[7.993s] INFO:colcon.colcon_core.shell:Creating environment hook '/home/burger/lab2_object_finder_py/install/jacob_find_object_py/share/jacob_find_object_py/hook/ament_prefix_path.ps1'
[7.996s] INFO:colcon.colcon_core.shell:Creating environment descriptor '/home/burger/lab2_object_finder_py/install/jacob_find_object_py/share/jacob_find_object_py/hook/ament_prefix_path.dsv'
[7.999s] INFO:colcon.colcon_core.shell:Creating environment hook '/home/burger/lab2_object_finder_py/install/jacob_find_object_py/share/jacob_find_object_py/hook/ament_prefix_path.sh'
[8.088s] INFO:colcon.colcon_core.shell:Skip shell extension 'powershell' for command environment: Not usable outside of PowerShell
[8.089s] DEBUG:colcon.colcon_core.shell:Skip shell extension 'dsv' for command environment
[10.154s] DEBUG:colcon.colcon_parallel_executor.executor.parallel:closing loop
[10.154s] DEBUG:colcon.colcon_parallel_executor.executor.parallel:loop closed
[10.155s] DEBUG:colcon.colcon_parallel_executor.executor.parallel:run_until_complete finished with 'Command '['/usr/bin/python3', '-c', 'import sys;from contextlib import suppress;exec("with suppress(ImportError):    from setuptools.extern.packaging.specifiers    import SpecifierSet");exec("with suppress(ImportError):    from packaging.specifiers import SpecifierSet");from distutils.core import run_setup;dist = run_setup(    \'setup.py\', script_args=(\'--dry-run\',), stop_after=\'config\');skip_keys = (\'cmdclass\', \'distclass\', \'ext_modules\', \'metadata\');data = {    key: value for key, value in dist.__dict__.items()     if (        not key.startswith(\'_\') and         not callable(value) and         key not in skip_keys and         key not in dist.display_option_names    )};data[\'metadata\'] = {    k: v for k, v in dist.metadata.__dict__.items()     if k not in (\'license_files\', \'provides_extras\')};sys.stdout.buffer.write(repr(data).encode(\'utf-8\'))']' returned non-zero exit status 1.'
[10.155s] DEBUG:colcon.colcon_core.event_reactor:joining thread
[10.268s] INFO:colcon.colcon_core.plugin_system:Skipping extension 'colcon_notification.desktop_notification.notify_send': Could not find 'notify-send'
[10.269s] INFO:colcon.colcon_core.plugin_system:Skipping extension 'colcon_notification.desktop_notification.terminal_notifier': Not used on non-Darwin systems
[10.270s] INFO:colcon.colcon_core.plugin_system:Skipping extension 'colcon_notification.desktop_notification.win32': Not used on non-Windows systems
[10.271s] INFO:colcon.colcon_notification.desktop_notification:Sending desktop notification using 'notify2'
[10.276s] DEBUG:colcon.colcon_notification.desktop_notification.notify2:Failed to initialize notify2: org.freedesktop.DBus.Error.ServiceUnknown: The name org.freedesktop.Notifications was not provided by any .service files
[10.277s] DEBUG:colcon.colcon_core.event_reactor:joined thread
[10.374s] INFO:colcon.colcon_core.shell:Creating prefix script '/home/burger/lab2_object_finder_py/install/local_setup.ps1'
[10.379s] INFO:colcon.colcon_core.shell:Creating prefix util module '/home/burger/lab2_object_finder_py/install/_local_setup_util_ps1.py'
[10.384s] INFO:colcon.colcon_core.shell:Creating prefix chain script '/home/burger/lab2_object_finder_py/install/setup.ps1'
[10.464s] INFO:colcon.colcon_core.shell:Creating prefix script '/home/burger/lab2_object_finder_py/install/local_setup.sh'
[10.467s] INFO:colcon.colcon_core.shell:Creating prefix util module '/home/burger/lab2_object_finder_py/install/_local_setup_util_sh.py'
[10.470s] INFO:colcon.colcon_core.shell:Creating prefix chain script '/home/burger/lab2_object_finder_py/install/setup.sh'
[10.573s] INFO:colcon.colcon_core.shell:Creating prefix script '/home/burger/lab2_object_finder_py/install/local_setup.bash'
[10.576s] INFO:colcon.colcon_core.shell:Creating prefix chain script '/home/burger/lab2_object_finder_py/install/setup.bash'
[10.661s] INFO:colcon.colcon_core.shell:Creating prefix script '/home/burger/lab2_object_finder_py/install/local_setup.zsh'
[10.667s] INFO:colcon.colcon_core.shell:Creating prefix chain script '/home/burger/lab2_object_finder_py/install/setup.zsh'
