[4.173s] DEBUG:colcon:Command line arguments: ['/usr/bin/colcon', 'build']
[4.173s] DEBUG:colcon:Parsed command line arguments: Namespace(log_base=None, log_level=None, verb_name='build', build_base='build', install_base='install', merge_install=False, symlink_install=False, test_result_base=None, continue_on_error=False, executor='parallel', parallel_workers=4, event_handlers=None, ignore_user_meta=False, metas=['./colcon.meta'], base_paths=['.'], packages_ignore=None, packages_ignore_regex=None, paths=None, packages_up_to=None, packages_up_to_regex=None, packages_above=None, packages_above_and_dependencies=None, packages_above_depth=None, packages_select_by_dep=None, packages_skip_by_dep=None, packages_skip_up_to=None, packages_select_build_failed=False, packages_skip_build_finished=False, packages_select_test_failures=False, packages_skip_test_passed=False, packages_select=None, packages_skip=None, packages_select_regex=None, packages_skip_regex=None, packages_start=None, packages_end=None, allow_overriding=[], cmake_args=None, cmake_target=None, cmake_target_skip_unavailable=False, cmake_clean_cache=False, cmake_clean_first=False, cmake_force_configure=False, ament_cmake_args=None, catkin_cmake_args=None, catkin_skip_building_tests=False, verb_parser=<colcon_defaults.argument_parser.defaults.DefaultArgumentsDecorator object at 0xffffa05e07f0>, verb_extension=<colcon_core.verb.build.BuildVerb object at 0xffffa05e0f10>, main=<bound method BuildVerb.main of <colcon_core.verb.build.BuildVerb object at 0xffffa05e0f10>>)
[4.369s] Level 1:colcon.colcon_core.package_discovery:discover_packages(colcon_meta) check parameters
[4.370s] Level 1:colcon.colcon_core.package_discovery:discover_packages(recursive) check parameters
[4.370s] Level 1:colcon.colcon_core.package_discovery:discover_packages(ignore) check parameters
[4.370s] Level 1:colcon.colcon_core.package_discovery:discover_packages(path) check parameters
[4.370s] Level 1:colcon.colcon_core.package_discovery:discover_packages(colcon_meta) discover
[4.370s] Level 1:colcon.colcon_core.package_discovery:discover_packages(recursive) discover
[4.370s] INFO:colcon.colcon_core.package_discovery:Crawling recursively for packages in '/home/burger/lab2_object_finder_py'
[4.371s] Level 1:colcon.colcon_core.package_identification:_identify(.) by extensions ['ignore', 'ignore_ament_install']
[4.372s] Level 1:colcon.colcon_core.package_identification:_identify(.) by extension 'ignore'
[4.372s] Level 1:colcon.colcon_core.package_identification:_identify(.) by extension 'ignore_ament_install'
[4.373s] Level 1:colcon.colcon_core.package_identification:_identify(.) by extensions ['colcon_pkg']
[4.373s] Level 1:colcon.colcon_core.package_identification:_identify(.) by extension 'colcon_pkg'
[4.373s] Level 1:colcon.colcon_core.package_identification:_identify(.) by extensions ['colcon_meta']
[4.373s] Level 1:colcon.colcon_core.package_identification:_identify(.) by extension 'colcon_meta'
[4.373s] Level 1:colcon.colcon_core.package_identification:_identify(.) by extensions ['ros']
[4.373s] Level 1:colcon.colcon_core.package_identification:_identify(.) by extension 'ros'
[4.418s] Level 1:colcon.colcon_core.package_identification:_identify(.) by extensions ['cmake', 'python']
[4.419s] Level 1:colcon.colcon_core.package_identification:_identify(.) by extension 'cmake'
[4.419s] Level 1:colcon.colcon_core.package_identification:_identify(.) by extension 'python'
[4.419s] Level 1:colcon.colcon_core.package_identification:_identify(.) by extensions ['python_setup_py']
[4.419s] Level 1:colcon.colcon_core.package_identification:_identify(.) by extension 'python_setup_py'
[4.420s] Level 1:colcon.colcon_core.package_identification:_identify(build) by extensions ['ignore', 'ignore_ament_install']
[4.420s] Level 1:colcon.colcon_core.package_identification:_identify(build) by extension 'ignore'
[4.420s] Level 1:colcon.colcon_core.package_identification:_identify(build) ignored
[4.421s] Level 1:colcon.colcon_core.package_identification:_identify(install) by extensions ['ignore', 'ignore_ament_install']
[4.421s] Level 1:colcon.colcon_core.package_identification:_identify(install) by extension 'ignore'
[4.421s] Level 1:colcon.colcon_core.package_identification:_identify(install) ignored
[4.422s] Level 1:colcon.colcon_core.package_identification:_identify(log) by extensions ['ignore', 'ignore_ament_install']
[4.422s] Level 1:colcon.colcon_core.package_identification:_identify(log) by extension 'ignore'
[4.422s] Level 1:colcon.colcon_core.package_identification:_identify(log) ignored
[4.423s] Level 1:colcon.colcon_core.package_identification:_identify(src) by extensions ['ignore', 'ignore_ament_install']
[4.423s] Level 1:colcon.colcon_core.package_identification:_identify(src) by extension 'ignore'
[4.423s] Level 1:colcon.colcon_core.package_identification:_identify(src) by extension 'ignore_ament_install'
[4.424s] Level 1:colcon.colcon_core.package_identification:_identify(src) by extensions ['colcon_pkg']
[4.424s] Level 1:colcon.colcon_core.package_identification:_identify(src) by extension 'colcon_pkg'
[4.424s] Level 1:colcon.colcon_core.package_identification:_identify(src) by extensions ['colcon_meta']
[4.424s] Level 1:colcon.colcon_core.package_identification:_identify(src) by extension 'colcon_meta'
[4.424s] Level 1:colcon.colcon_core.package_identification:_identify(src) by extensions ['ros']
[4.425s] Level 1:colcon.colcon_core.package_identification:_identify(src) by extension 'ros'
[4.425s] Level 1:colcon.colcon_core.package_identification:_identify(src) by extensions ['cmake', 'python']
[4.425s] Level 1:colcon.colcon_core.package_identification:_identify(src) by extension 'cmake'
[4.425s] Level 1:colcon.colcon_core.package_identification:_identify(src) by extension 'python'
[4.426s] Level 1:colcon.colcon_core.package_identification:_identify(src) by extensions ['python_setup_py']
[4.426s] Level 1:colcon.colcon_core.package_identification:_identify(src) by extension 'python_setup_py'
[4.427s] Level 1:colcon.colcon_core.package_identification:_identify(src/find_object_py) by extensions ['ignore', 'ignore_ament_install']
[4.427s] Level 1:colcon.colcon_core.package_identification:_identify(src/find_object_py) by extension 'ignore'
[4.428s] Level 1:colcon.colcon_core.package_identification:_identify(src/find_object_py) by extension 'ignore_ament_install'
[4.428s] Level 1:colcon.colcon_core.package_identification:_identify(src/find_object_py) by extensions ['colcon_pkg']
[4.428s] Level 1:colcon.colcon_core.package_identification:_identify(src/find_object_py) by extension 'colcon_pkg'
[4.429s] Level 1:colcon.colcon_core.package_identification:_identify(src/find_object_py) by extensions ['colcon_meta']
[4.429s] Level 1:colcon.colcon_core.package_identification:_identify(src/find_object_py) by extension 'colcon_meta'
[4.429s] Level 1:colcon.colcon_core.package_identification:_identify(src/find_object_py) by extensions ['ros']
[4.429s] Level 1:colcon.colcon_core.package_identification:_identify(src/find_object_py) by extension 'ros'
[4.441s] DEBUG:colcon.colcon_core.package_identification:Package 'src/find_object_py' with type 'ros.ament_python' and name 'find_object_py'
[4.442s] Level 1:colcon.colcon_core.package_discovery:discover_packages(recursive) using defaults
[4.442s] Level 1:colcon.colcon_core.package_discovery:discover_packages(ignore) discover
[4.442s] Level 1:colcon.colcon_core.package_discovery:discover_packages(ignore) using defaults
[4.442s] Level 1:colcon.colcon_core.package_discovery:discover_packages(path) discover
[4.442s] Level 1:colcon.colcon_core.package_discovery:discover_packages(path) using defaults
[4.813s] Level 1:colcon.colcon_core.package_discovery:discover_packages(prefix_path) check parameters
[4.813s] Level 1:colcon.colcon_core.package_discovery:discover_packages(prefix_path) discover
[4.872s] WARNING:colcon.colcon_ros.prefix_path.ament:The path '/home/burger/lab2_object_finder_py/install/find_object_py' in the environment variable AMENT_PREFIX_PATH doesn't exist
[4.931s] DEBUG:colcon.colcon_installed_package_information.package_discovery:Found 0 installed packages in /home/burger/lab2_object_finder_py/install
[4.996s] DEBUG:colcon.colcon_installed_package_information.package_discovery:Found 8 installed packages in /home/burger/dontTouch_ws/install
[5.058s] DEBUG:colcon.colcon_installed_package_information.package_discovery:Found 206 installed packages in /opt/ros/humble
[5.062s] Level 1:colcon.colcon_core.package_discovery:discover_packages(prefix_path) using defaults
[5.373s] Level 5:colcon.colcon_core.verb:set package 'find_object_py' build argument 'cmake_args' from command line to 'None'
[5.373s] Level 5:colcon.colcon_core.verb:set package 'find_object_py' build argument 'cmake_target' from command line to 'None'
[5.374s] Level 5:colcon.colcon_core.verb:set package 'find_object_py' build argument 'cmake_target_skip_unavailable' from command line to 'False'
[5.374s] Level 5:colcon.colcon_core.verb:set package 'find_object_py' build argument 'cmake_clean_cache' from command line to 'False'
[5.374s] Level 5:colcon.colcon_core.verb:set package 'find_object_py' build argument 'cmake_clean_first' from command line to 'False'
[5.374s] Level 5:colcon.colcon_core.verb:set package 'find_object_py' build argument 'cmake_force_configure' from command line to 'False'
[5.374s] Level 5:colcon.colcon_core.verb:set package 'find_object_py' build argument 'ament_cmake_args' from command line to 'None'
[5.374s] Level 5:colcon.colcon_core.verb:set package 'find_object_py' build argument 'catkin_cmake_args' from command line to 'None'
[5.374s] Level 5:colcon.colcon_core.verb:set package 'find_object_py' build argument 'catkin_skip_building_tests' from command line to 'False'
[5.374s] DEBUG:colcon.colcon_core.verb:Building package 'find_object_py' with the following arguments: {'ament_cmake_args': None, 'build_base': '/home/burger/lab2_object_finder_py/build/find_object_py', 'catkin_cmake_args': None, 'catkin_skip_building_tests': False, 'cmake_args': None, 'cmake_clean_cache': False, 'cmake_clean_first': False, 'cmake_force_configure': False, 'cmake_target': None, 'cmake_target_skip_unavailable': False, 'install_base': '/home/burger/lab2_object_finder_py/install/find_object_py', 'merge_install': False, 'path': '/home/burger/lab2_object_finder_py/src/find_object_py', 'symlink_install': False, 'test_result_base': None}
[5.429s] INFO:colcon.colcon_core.executor:Executing jobs using 'parallel' executor
[5.492s] DEBUG:colcon.colcon_parallel_executor.executor.parallel:run_until_complete
[5.493s] INFO:colcon.colcon_ros.task.ament_python.build:Building ROS package in '/home/burger/lab2_object_finder_py/src/find_object_py' with build type 'ament_python'
[5.494s] Level 1:colcon.colcon_core.shell:create_environment_hook('find_object_py', 'ament_prefix_path')
[5.562s] INFO:colcon.colcon_core.plugin_system:Skipping extension 'colcon_core.shell.bat': Not used on non-Windows systems
[5.563s] INFO:colcon.colcon_core.shell:Creating environment hook '/home/burger/lab2_object_finder_py/install/find_object_py/share/find_object_py/hook/ament_prefix_path.ps1'
[5.565s] INFO:colcon.colcon_core.shell:Creating environment descriptor '/home/burger/lab2_object_finder_py/install/find_object_py/share/find_object_py/hook/ament_prefix_path.dsv'
[5.567s] INFO:colcon.colcon_core.shell:Creating environment hook '/home/burger/lab2_object_finder_py/install/find_object_py/share/find_object_py/hook/ament_prefix_path.sh'
[5.626s] INFO:colcon.colcon_core.shell:Skip shell extension 'powershell' for command environment: Not usable outside of PowerShell
[5.627s] DEBUG:colcon.colcon_core.shell:Skip shell extension 'dsv' for command environment
[7.090s] INFO:colcon.colcon_core.task.python.build:Building Python package in '/home/burger/lab2_object_finder_py/src/find_object_py'
[7.149s] INFO:colcon.colcon_core.shell:Skip shell extension 'powershell' for command environment: Not usable outside of PowerShell
[7.149s] DEBUG:colcon.colcon_core.shell:Skip shell extension 'dsv' for command environment
[9.066s] DEBUG:colcon.colcon_core.event_handler.log_command:Invoking command in '/home/burger/lab2_object_finder_py/src/find_object_py': PYTHONPATH=/home/burger/lab2_object_finder_py/build/find_object_py/prefix_override:/home/burger/lab2_object_finder_py/install/find_object_py/lib/python3.10/site-packages:${PYTHONPATH} /usr/bin/python3 setup.py egg_info --egg-base ../../build/find_object_py build --build-base /home/burger/lab2_object_finder_py/build/find_object_py/build install --record /home/burger/lab2_object_finder_py/build/find_object_py/install.log --single-version-externally-managed
[10.454s] DEBUG:colcon.colcon_core.event_handler.log_command:Invoked command in '/home/burger/lab2_object_finder_py/src/find_object_py' returned '0': PYTHONPATH=/home/burger/lab2_object_finder_py/build/find_object_py/prefix_override:/home/burger/lab2_object_finder_py/install/find_object_py/lib/python3.10/site-packages:${PYTHONPATH} /usr/bin/python3 setup.py egg_info --egg-base ../../build/find_object_py build --build-base /home/burger/lab2_object_finder_py/build/find_object_py/build install --record /home/burger/lab2_object_finder_py/build/find_object_py/install.log --single-version-externally-managed
[10.523s] Level 1:colcon.colcon_core.environment:checking '/home/burger/lab2_object_finder_py/install/find_object_py' for CMake module files
[10.525s] Level 1:colcon.colcon_core.environment:checking '/home/burger/lab2_object_finder_py/install/find_object_py' for CMake config files
[10.529s] Level 1:colcon.colcon_core.environment:checking '/home/burger/lab2_object_finder_py/install/find_object_py/lib'
[10.530s] Level 1:colcon.colcon_core.environment:checking '/home/burger/lab2_object_finder_py/install/find_object_py/bin'
[10.530s] Level 1:colcon.colcon_core.environment:checking '/home/burger/lab2_object_finder_py/install/find_object_py/lib/pkgconfig/find_object_py.pc'
[10.531s] Level 1:colcon.colcon_core.environment:checking '/home/burger/lab2_object_finder_py/install/find_object_py/lib/python3.10/site-packages'
[10.531s] Level 1:colcon.colcon_core.shell:create_environment_hook('find_object_py', 'pythonpath')
[10.587s] INFO:colcon.colcon_core.shell:Creating environment hook '/home/burger/lab2_object_finder_py/install/find_object_py/share/find_object_py/hook/pythonpath.ps1'
[10.589s] INFO:colcon.colcon_core.shell:Creating environment descriptor '/home/burger/lab2_object_finder_py/install/find_object_py/share/find_object_py/hook/pythonpath.dsv'
[10.590s] INFO:colcon.colcon_core.shell:Creating environment hook '/home/burger/lab2_object_finder_py/install/find_object_py/share/find_object_py/hook/pythonpath.sh'
[10.592s] Level 1:colcon.colcon_core.environment:checking '/home/burger/lab2_object_finder_py/install/find_object_py/bin'
[10.593s] Level 1:colcon.colcon_core.environment:create_environment_scripts_only(find_object_py)
[10.657s] INFO:colcon.colcon_core.shell:Creating package script '/home/burger/lab2_object_finder_py/install/find_object_py/share/find_object_py/package.ps1'
[10.660s] INFO:colcon.colcon_core.shell:Creating package descriptor '/home/burger/lab2_object_finder_py/install/find_object_py/share/find_object_py/package.dsv'
[10.662s] INFO:colcon.colcon_core.shell:Creating package script '/home/burger/lab2_object_finder_py/install/find_object_py/share/find_object_py/package.sh'
[10.665s] INFO:colcon.colcon_core.shell:Creating package script '/home/burger/lab2_object_finder_py/install/find_object_py/share/find_object_py/package.bash'
[10.668s] INFO:colcon.colcon_core.shell:Creating package script '/home/burger/lab2_object_finder_py/install/find_object_py/share/find_object_py/package.zsh'
[10.671s] Level 1:colcon.colcon_core.environment:create_file_with_runtime_dependencies(/home/burger/lab2_object_finder_py/install/find_object_py/share/colcon-core/packages/find_object_py)
[10.673s] DEBUG:colcon.colcon_parallel_executor.executor.parallel:closing loop
[10.674s] DEBUG:colcon.colcon_parallel_executor.executor.parallel:loop closed
[10.674s] DEBUG:colcon.colcon_parallel_executor.executor.parallel:run_until_complete finished with '0'
[10.675s] DEBUG:colcon.colcon_core.event_reactor:joining thread
[10.750s] INFO:colcon.colcon_core.plugin_system:Skipping extension 'colcon_notification.desktop_notification.notify_send': Could not find 'notify-send'
[10.751s] INFO:colcon.colcon_core.plugin_system:Skipping extension 'colcon_notification.desktop_notification.terminal_notifier': Not used on non-Darwin systems
[10.751s] INFO:colcon.colcon_core.plugin_system:Skipping extension 'colcon_notification.desktop_notification.win32': Not used on non-Windows systems
[10.751s] INFO:colcon.colcon_notification.desktop_notification:Sending desktop notification using 'notify2'
[10.754s] DEBUG:colcon.colcon_notification.desktop_notification.notify2:Failed to initialize notify2: org.freedesktop.DBus.Error.ServiceUnknown: The name org.freedesktop.Notifications was not provided by any .service files
[10.754s] DEBUG:colcon.colcon_core.event_reactor:joined thread
[10.820s] INFO:colcon.colcon_core.shell:Creating prefix script '/home/burger/lab2_object_finder_py/install/local_setup.ps1'
[10.824s] INFO:colcon.colcon_core.shell:Creating prefix util module '/home/burger/lab2_object_finder_py/install/_local_setup_util_ps1.py'
[10.828s] INFO:colcon.colcon_core.shell:Creating prefix chain script '/home/burger/lab2_object_finder_py/install/setup.ps1'
[10.890s] INFO:colcon.colcon_core.shell:Creating prefix script '/home/burger/lab2_object_finder_py/install/local_setup.sh'
[10.892s] INFO:colcon.colcon_core.shell:Creating prefix util module '/home/burger/lab2_object_finder_py/install/_local_setup_util_sh.py'
[10.894s] INFO:colcon.colcon_core.shell:Creating prefix chain script '/home/burger/lab2_object_finder_py/install/setup.sh'
[10.956s] INFO:colcon.colcon_core.shell:Creating prefix script '/home/burger/lab2_object_finder_py/install/local_setup.bash'
[10.959s] INFO:colcon.colcon_core.shell:Creating prefix chain script '/home/burger/lab2_object_finder_py/install/setup.bash'
[11.023s] INFO:colcon.colcon_core.shell:Creating prefix script '/home/burger/lab2_object_finder_py/install/local_setup.zsh'
[11.025s] INFO:colcon.colcon_core.shell:Creating prefix chain script '/home/burger/lab2_object_finder_py/install/setup.zsh'
