[0.071s] DEBUG:colcon:Command line arguments: ['/usr/bin/colcon', 'build']
[0.071s] DEBUG:colcon:Parsed command line arguments: Namespace(log_base=None, log_level=None, verb_name='build', build_base='build', install_base='install', merge_install=False, symlink_install=False, test_result_base=None, continue_on_error=False, executor='parallel', parallel_workers=28, event_handlers=None, ignore_user_meta=False, metas=['./colcon.meta'], base_paths=['.'], packages_ignore=None, packages_ignore_regex=None, paths=None, packages_up_to=None, packages_up_to_regex=None, packages_above=None, packages_above_and_dependencies=None, packages_above_depth=None, packages_select_by_dep=None, packages_skip_by_dep=None, packages_skip_up_to=None, packages_select_build_failed=False, packages_skip_build_finished=False, packages_select_test_failures=False, packages_skip_test_passed=False, packages_select=None, packages_skip=None, packages_select_regex=None, packages_skip_regex=None, packages_start=None, packages_end=None, allow_overriding=[], cmake_args=None, cmake_target=None, cmake_target_skip_unavailable=False, cmake_clean_cache=False, cmake_clean_first=False, cmake_force_configure=False, ament_cmake_args=None, catkin_cmake_args=None, catkin_skip_building_tests=False, mixin_files=None, mixin=None, verb_parser=<colcon_mixin.mixin.mixin_argument.MixinArgumentDecorator object at 0x795cebb5e2c0>, verb_extension=<colcon_core.verb.build.BuildVerb object at 0x795cebc6b8e0>, main=<bound method BuildVerb.main of <colcon_core.verb.build.BuildVerb object at 0x795cebc6b8e0>>, mixin_verb=('build',))
[0.183s] Level 1:colcon.colcon_core.package_discovery:discover_packages(colcon_meta) check parameters
[0.183s] Level 1:colcon.colcon_core.package_discovery:discover_packages(recursive) check parameters
[0.183s] Level 1:colcon.colcon_core.package_discovery:discover_packages(ignore) check parameters
[0.183s] Level 1:colcon.colcon_core.package_discovery:discover_packages(path) check parameters
[0.183s] Level 1:colcon.colcon_core.package_discovery:discover_packages(colcon_meta) discover
[0.183s] Level 1:colcon.colcon_core.package_discovery:discover_packages(recursive) discover
[0.183s] INFO:colcon.colcon_core.package_discovery:Crawling recursively for packages in '/home/jblevins32/IRR2'
[0.183s] Level 1:colcon.colcon_core.package_identification:_identify(.) by extensions ['ignore', 'ignore_ament_install']
[0.183s] Level 1:colcon.colcon_core.package_identification:_identify(.) by extension 'ignore'
[0.183s] Level 1:colcon.colcon_core.package_identification:_identify(.) by extension 'ignore_ament_install'
[0.183s] Level 1:colcon.colcon_core.package_identification:_identify(.) by extensions ['colcon_pkg']
[0.183s] Level 1:colcon.colcon_core.package_identification:_identify(.) by extension 'colcon_pkg'
[0.183s] Level 1:colcon.colcon_core.package_identification:_identify(.) by extensions ['colcon_meta']
[0.183s] Level 1:colcon.colcon_core.package_identification:_identify(.) by extension 'colcon_meta'
[0.183s] Level 1:colcon.colcon_core.package_identification:_identify(.) by extensions ['ros']
[0.183s] Level 1:colcon.colcon_core.package_identification:_identify(.) by extension 'ros'
[0.205s] Level 1:colcon.colcon_core.package_identification:_identify(.) by extensions ['cmake', 'python']
[0.205s] Level 1:colcon.colcon_core.package_identification:_identify(.) by extension 'cmake'
[0.205s] Level 1:colcon.colcon_core.package_identification:_identify(.) by extension 'python'
[0.205s] Level 1:colcon.colcon_core.package_identification:_identify(.) by extensions ['python_setup_py']
[0.205s] Level 1:colcon.colcon_core.package_identification:_identify(.) by extension 'python_setup_py'
[0.205s] Level 1:colcon.colcon_core.package_identification:_identify(build) by extensions ['ignore', 'ignore_ament_install']
[0.205s] Level 1:colcon.colcon_core.package_identification:_identify(build) by extension 'ignore'
[0.205s] Level 1:colcon.colcon_core.package_identification:_identify(build) ignored
[0.206s] Level 1:colcon.colcon_core.package_identification:_identify(install) by extensions ['ignore', 'ignore_ament_install']
[0.206s] Level 1:colcon.colcon_core.package_identification:_identify(install) by extension 'ignore'
[0.206s] Level 1:colcon.colcon_core.package_identification:_identify(install) ignored
[0.206s] Level 1:colcon.colcon_core.package_identification:_identify(log) by extensions ['ignore', 'ignore_ament_install']
[0.206s] Level 1:colcon.colcon_core.package_identification:_identify(log) by extension 'ignore'
[0.206s] Level 1:colcon.colcon_core.package_identification:_identify(log) ignored
[0.206s] Level 1:colcon.colcon_core.package_identification:_identify(src) by extensions ['ignore', 'ignore_ament_install']
[0.206s] Level 1:colcon.colcon_core.package_identification:_identify(src) by extension 'ignore'
[0.206s] Level 1:colcon.colcon_core.package_identification:_identify(src) by extension 'ignore_ament_install'
[0.206s] Level 1:colcon.colcon_core.package_identification:_identify(src) by extensions ['colcon_pkg']
[0.206s] Level 1:colcon.colcon_core.package_identification:_identify(src) by extension 'colcon_pkg'
[0.206s] Level 1:colcon.colcon_core.package_identification:_identify(src) by extensions ['colcon_meta']
[0.206s] Level 1:colcon.colcon_core.package_identification:_identify(src) by extension 'colcon_meta'
[0.206s] Level 1:colcon.colcon_core.package_identification:_identify(src) by extensions ['ros']
[0.206s] Level 1:colcon.colcon_core.package_identification:_identify(src) by extension 'ros'
[0.206s] Level 1:colcon.colcon_core.package_identification:_identify(src) by extensions ['cmake', 'python']
[0.206s] Level 1:colcon.colcon_core.package_identification:_identify(src) by extension 'cmake'
[0.206s] Level 1:colcon.colcon_core.package_identification:_identify(src) by extension 'python'
[0.206s] Level 1:colcon.colcon_core.package_identification:_identify(src) by extensions ['python_setup_py']
[0.206s] Level 1:colcon.colcon_core.package_identification:_identify(src) by extension 'python_setup_py'
[0.206s] Level 1:colcon.colcon_core.package_identification:_identify(src/find_object_py) by extensions ['ignore', 'ignore_ament_install']
[0.206s] Level 1:colcon.colcon_core.package_identification:_identify(src/find_object_py) by extension 'ignore'
[0.206s] Level 1:colcon.colcon_core.package_identification:_identify(src/find_object_py) by extension 'ignore_ament_install'
[0.206s] Level 1:colcon.colcon_core.package_identification:_identify(src/find_object_py) by extensions ['colcon_pkg']
[0.206s] Level 1:colcon.colcon_core.package_identification:_identify(src/find_object_py) by extension 'colcon_pkg'
[0.206s] Level 1:colcon.colcon_core.package_identification:_identify(src/find_object_py) by extensions ['colcon_meta']
[0.206s] Level 1:colcon.colcon_core.package_identification:_identify(src/find_object_py) by extension 'colcon_meta'
[0.206s] Level 1:colcon.colcon_core.package_identification:_identify(src/find_object_py) by extensions ['ros']
[0.206s] Level 1:colcon.colcon_core.package_identification:_identify(src/find_object_py) by extension 'ros'
[0.208s] DEBUG:colcon.colcon_core.package_identification:Package 'src/find_object_py' with type 'ros.ament_python' and name 'find_object_py'
[0.208s] Level 1:colcon.colcon_core.package_identification:_identify(src/jacob_find_object_py) by extensions ['ignore', 'ignore_ament_install']
[0.208s] Level 1:colcon.colcon_core.package_identification:_identify(src/jacob_find_object_py) by extension 'ignore'
[0.208s] Level 1:colcon.colcon_core.package_identification:_identify(src/jacob_find_object_py) by extension 'ignore_ament_install'
[0.208s] Level 1:colcon.colcon_core.package_identification:_identify(src/jacob_find_object_py) by extensions ['colcon_pkg']
[0.208s] Level 1:colcon.colcon_core.package_identification:_identify(src/jacob_find_object_py) by extension 'colcon_pkg'
[0.208s] Level 1:colcon.colcon_core.package_identification:_identify(src/jacob_find_object_py) by extensions ['colcon_meta']
[0.208s] Level 1:colcon.colcon_core.package_identification:_identify(src/jacob_find_object_py) by extension 'colcon_meta'
[0.208s] Level 1:colcon.colcon_core.package_identification:_identify(src/jacob_find_object_py) by extensions ['ros']
[0.208s] Level 1:colcon.colcon_core.package_identification:_identify(src/jacob_find_object_py) by extension 'ros'
[0.209s] DEBUG:colcon.colcon_core.package_identification:Package 'src/jacob_find_object_py' with type 'ros.ament_python' and name 'jacob_find_object_py'
[0.209s] Level 1:colcon.colcon_core.package_identification:_identify(src/rotate_robot) by extensions ['ignore', 'ignore_ament_install']
[0.209s] Level 1:colcon.colcon_core.package_identification:_identify(src/rotate_robot) by extension 'ignore'
[0.209s] Level 1:colcon.colcon_core.package_identification:_identify(src/rotate_robot) by extension 'ignore_ament_install'
[0.209s] Level 1:colcon.colcon_core.package_identification:_identify(src/rotate_robot) by extensions ['colcon_pkg']
[0.209s] Level 1:colcon.colcon_core.package_identification:_identify(src/rotate_robot) by extension 'colcon_pkg'
[0.209s] Level 1:colcon.colcon_core.package_identification:_identify(src/rotate_robot) by extensions ['colcon_meta']
[0.209s] Level 1:colcon.colcon_core.package_identification:_identify(src/rotate_robot) by extension 'colcon_meta'
[0.209s] Level 1:colcon.colcon_core.package_identification:_identify(src/rotate_robot) by extensions ['ros']
[0.209s] Level 1:colcon.colcon_core.package_identification:_identify(src/rotate_robot) by extension 'ros'
[0.209s] DEBUG:colcon.colcon_core.package_identification:Package 'src/rotate_robot' with type 'ros.ament_cmake' and name 'rotate_robot'
[0.209s] Level 1:colcon.colcon_core.package_discovery:discover_packages(recursive) using defaults
[0.209s] Level 1:colcon.colcon_core.package_discovery:discover_packages(ignore) discover
[0.209s] Level 1:colcon.colcon_core.package_discovery:discover_packages(ignore) using defaults
[0.209s] Level 1:colcon.colcon_core.package_discovery:discover_packages(path) discover
[0.209s] Level 1:colcon.colcon_core.package_discovery:discover_packages(path) using defaults
[0.224s] Level 1:colcon.colcon_core.package_discovery:discover_packages(prefix_path) check parameters
[0.224s] Level 1:colcon.colcon_core.package_discovery:discover_packages(prefix_path) discover
[0.225s] DEBUG:colcon.colcon_installed_package_information.package_discovery:Found 3 installed packages in /home/jblevins32/IRR2/install
[0.226s] DEBUG:colcon.colcon_installed_package_information.package_discovery:Found 288 installed packages in /opt/ros/humble
[0.228s] Level 1:colcon.colcon_core.package_discovery:discover_packages(prefix_path) using defaults
[0.263s] Level 5:colcon.colcon_core.verb:set package 'find_object_py' build argument 'cmake_args' from command line to 'None'
[0.263s] Level 5:colcon.colcon_core.verb:set package 'find_object_py' build argument 'cmake_target' from command line to 'None'
[0.263s] Level 5:colcon.colcon_core.verb:set package 'find_object_py' build argument 'cmake_target_skip_unavailable' from command line to 'False'
[0.263s] Level 5:colcon.colcon_core.verb:set package 'find_object_py' build argument 'cmake_clean_cache' from command line to 'False'
[0.263s] Level 5:colcon.colcon_core.verb:set package 'find_object_py' build argument 'cmake_clean_first' from command line to 'False'
[0.263s] Level 5:colcon.colcon_core.verb:set package 'find_object_py' build argument 'cmake_force_configure' from command line to 'False'
[0.263s] Level 5:colcon.colcon_core.verb:set package 'find_object_py' build argument 'ament_cmake_args' from command line to 'None'
[0.263s] Level 5:colcon.colcon_core.verb:set package 'find_object_py' build argument 'catkin_cmake_args' from command line to 'None'
[0.263s] Level 5:colcon.colcon_core.verb:set package 'find_object_py' build argument 'catkin_skip_building_tests' from command line to 'False'
[0.263s] DEBUG:colcon.colcon_core.verb:Building package 'find_object_py' with the following arguments: {'ament_cmake_args': None, 'build_base': '/home/jblevins32/IRR2/build/find_object_py', 'catkin_cmake_args': None, 'catkin_skip_building_tests': False, 'cmake_args': None, 'cmake_clean_cache': False, 'cmake_clean_first': False, 'cmake_force_configure': False, 'cmake_target': None, 'cmake_target_skip_unavailable': False, 'install_base': '/home/jblevins32/IRR2/install/find_object_py', 'merge_install': False, 'path': '/home/jblevins32/IRR2/src/find_object_py', 'symlink_install': False, 'test_result_base': None}
[0.263s] Level 5:colcon.colcon_core.verb:set package 'jacob_find_object_py' build argument 'cmake_args' from command line to 'None'
[0.263s] Level 5:colcon.colcon_core.verb:set package 'jacob_find_object_py' build argument 'cmake_target' from command line to 'None'
[0.263s] Level 5:colcon.colcon_core.verb:set package 'jacob_find_object_py' build argument 'cmake_target_skip_unavailable' from command line to 'False'
[0.263s] Level 5:colcon.colcon_core.verb:set package 'jacob_find_object_py' build argument 'cmake_clean_cache' from command line to 'False'
[0.263s] Level 5:colcon.colcon_core.verb:set package 'jacob_find_object_py' build argument 'cmake_clean_first' from command line to 'False'
[0.263s] Level 5:colcon.colcon_core.verb:set package 'jacob_find_object_py' build argument 'cmake_force_configure' from command line to 'False'
[0.263s] Level 5:colcon.colcon_core.verb:set package 'jacob_find_object_py' build argument 'ament_cmake_args' from command line to 'None'
[0.263s] Level 5:colcon.colcon_core.verb:set package 'jacob_find_object_py' build argument 'catkin_cmake_args' from command line to 'None'
[0.263s] Level 5:colcon.colcon_core.verb:set package 'jacob_find_object_py' build argument 'catkin_skip_building_tests' from command line to 'False'
[0.263s] DEBUG:colcon.colcon_core.verb:Building package 'jacob_find_object_py' with the following arguments: {'ament_cmake_args': None, 'build_base': '/home/jblevins32/IRR2/build/jacob_find_object_py', 'catkin_cmake_args': None, 'catkin_skip_building_tests': False, 'cmake_args': None, 'cmake_clean_cache': False, 'cmake_clean_first': False, 'cmake_force_configure': False, 'cmake_target': None, 'cmake_target_skip_unavailable': False, 'install_base': '/home/jblevins32/IRR2/install/jacob_find_object_py', 'merge_install': False, 'path': '/home/jblevins32/IRR2/src/jacob_find_object_py', 'symlink_install': False, 'test_result_base': None}
[0.264s] Level 5:colcon.colcon_core.verb:set package 'rotate_robot' build argument 'cmake_args' from command line to 'None'
[0.264s] Level 5:colcon.colcon_core.verb:set package 'rotate_robot' build argument 'cmake_target' from command line to 'None'
[0.264s] Level 5:colcon.colcon_core.verb:set package 'rotate_robot' build argument 'cmake_target_skip_unavailable' from command line to 'False'
[0.264s] Level 5:colcon.colcon_core.verb:set package 'rotate_robot' build argument 'cmake_clean_cache' from command line to 'False'
[0.264s] Level 5:colcon.colcon_core.verb:set package 'rotate_robot' build argument 'cmake_clean_first' from command line to 'False'
[0.264s] Level 5:colcon.colcon_core.verb:set package 'rotate_robot' build argument 'cmake_force_configure' from command line to 'False'
[0.264s] Level 5:colcon.colcon_core.verb:set package 'rotate_robot' build argument 'ament_cmake_args' from command line to 'None'
[0.264s] Level 5:colcon.colcon_core.verb:set package 'rotate_robot' build argument 'catkin_cmake_args' from command line to 'None'
[0.264s] Level 5:colcon.colcon_core.verb:set package 'rotate_robot' build argument 'catkin_skip_building_tests' from command line to 'False'
[0.264s] DEBUG:colcon.colcon_core.verb:Building package 'rotate_robot' with the following arguments: {'ament_cmake_args': None, 'build_base': '/home/jblevins32/IRR2/build/rotate_robot', 'catkin_cmake_args': None, 'catkin_skip_building_tests': False, 'cmake_args': None, 'cmake_clean_cache': False, 'cmake_clean_first': False, 'cmake_force_configure': False, 'cmake_target': None, 'cmake_target_skip_unavailable': False, 'install_base': '/home/jblevins32/IRR2/install/rotate_robot', 'merge_install': False, 'path': '/home/jblevins32/IRR2/src/rotate_robot', 'symlink_install': False, 'test_result_base': None}
[0.264s] INFO:colcon.colcon_core.executor:Executing jobs using 'parallel' executor
[0.265s] DEBUG:colcon.colcon_parallel_executor.executor.parallel:run_until_complete
[0.265s] INFO:colcon.colcon_ros.task.ament_python.build:Building ROS package in '/home/jblevins32/IRR2/src/find_object_py' with build type 'ament_python'
[0.265s] Level 1:colcon.colcon_core.shell:create_environment_hook('find_object_py', 'ament_prefix_path')
[0.266s] INFO:colcon.colcon_core.plugin_system:Skipping extension 'colcon_core.shell.bat': Not used on non-Windows systems
[0.266s] INFO:colcon.colcon_core.shell:Creating environment hook '/home/jblevins32/IRR2/install/find_object_py/share/find_object_py/hook/ament_prefix_path.ps1'
[0.267s] INFO:colcon.colcon_core.shell:Creating environment descriptor '/home/jblevins32/IRR2/install/find_object_py/share/find_object_py/hook/ament_prefix_path.dsv'
[0.267s] INFO:colcon.colcon_core.shell:Creating environment hook '/home/jblevins32/IRR2/install/find_object_py/share/find_object_py/hook/ament_prefix_path.sh'
[0.267s] INFO:colcon.colcon_core.shell:Skip shell extension 'powershell' for command environment: Not usable outside of PowerShell
[0.267s] DEBUG:colcon.colcon_core.shell:Skip shell extension 'dsv' for command environment
[0.270s] INFO:colcon.colcon_ros.task.ament_python.build:Building ROS package in '/home/jblevins32/IRR2/src/jacob_find_object_py' with build type 'ament_python'
[0.270s] Level 1:colcon.colcon_core.shell:create_environment_hook('jacob_find_object_py', 'ament_prefix_path')
[0.270s] INFO:colcon.colcon_core.shell:Creating environment hook '/home/jblevins32/IRR2/install/jacob_find_object_py/share/jacob_find_object_py/hook/ament_prefix_path.ps1'
[0.270s] INFO:colcon.colcon_core.shell:Creating environment descriptor '/home/jblevins32/IRR2/install/jacob_find_object_py/share/jacob_find_object_py/hook/ament_prefix_path.dsv'
[0.270s] INFO:colcon.colcon_core.shell:Creating environment hook '/home/jblevins32/IRR2/install/jacob_find_object_py/share/jacob_find_object_py/hook/ament_prefix_path.sh'
[0.271s] INFO:colcon.colcon_core.shell:Skip shell extension 'powershell' for command environment: Not usable outside of PowerShell
[0.271s] DEBUG:colcon.colcon_core.shell:Skip shell extension 'dsv' for command environment
[0.272s] INFO:colcon.colcon_ros.task.ament_cmake.build:Building ROS package in '/home/jblevins32/IRR2/src/rotate_robot' with build type 'ament_cmake'
[0.272s] INFO:colcon.colcon_cmake.task.cmake.build:Building CMake package in '/home/jblevins32/IRR2/src/rotate_robot'
[0.273s] INFO:colcon.colcon_core.shell:Skip shell extension 'powershell' for command environment: Not usable outside of PowerShell
[0.273s] DEBUG:colcon.colcon_core.shell:Skip shell extension 'dsv' for command environment
[0.450s] INFO:colcon.colcon_core.task.python.build:Building Python package in '/home/jblevins32/IRR2/src/find_object_py'
[0.450s] INFO:colcon.colcon_core.shell:Skip shell extension 'powershell' for command environment: Not usable outside of PowerShell
[0.450s] DEBUG:colcon.colcon_core.shell:Skip shell extension 'dsv' for command environment
[0.630s] INFO:colcon.colcon_core.task.python.build:Building Python package in '/home/jblevins32/IRR2/src/jacob_find_object_py'
[0.630s] INFO:colcon.colcon_core.shell:Skip shell extension 'powershell' for command environment: Not usable outside of PowerShell
[0.630s] DEBUG:colcon.colcon_core.shell:Skip shell extension 'dsv' for command environment
[0.637s] DEBUG:colcon.colcon_core.event_handler.log_command:Invoking command in '/home/jblevins32/IRR2/build/rotate_robot': CMAKE_PREFIX_PATH=${CMAKE_PREFIX_PATH}:/home/jblevins32/IRR2/install/jacob_find_object_py:/home/jblevins32/IRR2/install/find_object_py:/opt/ros/humble DEBUGINFOD_URLS=https://debuginfod.ubuntu.com /usr/bin/cmake --build /home/jblevins32/IRR2/build/rotate_robot -- -j28 -l28
[0.845s] DEBUG:colcon.colcon_core.event_handler.log_command:Invoking command in '/home/jblevins32/IRR2/src/jacob_find_object_py': DEBUGINFOD_URLS=https://debuginfod.ubuntu.com PYTHONPATH=/home/jblevins32/IRR2/build/jacob_find_object_py/prefix_override:/usr/lib/python3/dist-packages/colcon_core/task/python/colcon_distutils_commands:/home/jblevins32/IRR2/install/jacob_find_object_py/lib/python3.10/site-packages:${PYTHONPATH} /usr/bin/python3 -W ignore:setup.py install is deprecated -W ignore:easy_install command is deprecated setup.py egg_info --egg-base ../../build/jacob_find_object_py build --build-base /home/jblevins32/IRR2/build/jacob_find_object_py/build install --record /home/jblevins32/IRR2/build/jacob_find_object_py/install.log --single-version-externally-managed install_data
[0.847s] DEBUG:colcon.colcon_core.event_handler.log_command:Invoking command in '/home/jblevins32/IRR2/src/find_object_py': DEBUGINFOD_URLS=https://debuginfod.ubuntu.com PYTHONPATH=/home/jblevins32/IRR2/build/find_object_py/prefix_override:/usr/lib/python3/dist-packages/colcon_core/task/python/colcon_distutils_commands:/home/jblevins32/IRR2/install/find_object_py/lib/python3.10/site-packages:${PYTHONPATH} /usr/bin/python3 -W ignore:setup.py install is deprecated -W ignore:easy_install command is deprecated setup.py egg_info --egg-base ../../build/find_object_py build --build-base /home/jblevins32/IRR2/build/find_object_py/build install --record /home/jblevins32/IRR2/build/find_object_py/install.log --single-version-externally-managed install_data
[1.033s] DEBUG:colcon.colcon_core.event_handler.log_command:Invoked command in '/home/jblevins32/IRR2/src/find_object_py' returned '0': DEBUGINFOD_URLS=https://debuginfod.ubuntu.com PYTHONPATH=/home/jblevins32/IRR2/build/find_object_py/prefix_override:/usr/lib/python3/dist-packages/colcon_core/task/python/colcon_distutils_commands:/home/jblevins32/IRR2/install/find_object_py/lib/python3.10/site-packages:${PYTHONPATH} /usr/bin/python3 -W ignore:setup.py install is deprecated -W ignore:easy_install command is deprecated setup.py egg_info --egg-base ../../build/find_object_py build --build-base /home/jblevins32/IRR2/build/find_object_py/build install --record /home/jblevins32/IRR2/build/find_object_py/install.log --single-version-externally-managed install_data
[1.035s] Level 1:colcon.colcon_core.environment:checking '/home/jblevins32/IRR2/install/find_object_py' for CMake module files
[1.035s] Level 1:colcon.colcon_core.environment:checking '/home/jblevins32/IRR2/install/find_object_py' for CMake config files
[1.036s] Level 1:colcon.colcon_core.environment:checking '/home/jblevins32/IRR2/install/find_object_py/lib'
[1.036s] Level 1:colcon.colcon_core.environment:checking '/home/jblevins32/IRR2/install/find_object_py/bin'
[1.036s] Level 1:colcon.colcon_core.environment:checking '/home/jblevins32/IRR2/install/find_object_py/lib/pkgconfig/find_object_py.pc'
[1.036s] Level 1:colcon.colcon_core.environment:checking '/home/jblevins32/IRR2/install/find_object_py/lib/python3.10/site-packages'
[1.037s] Level 1:colcon.colcon_core.shell:create_environment_hook('find_object_py', 'pythonpath')
[1.037s] INFO:colcon.colcon_core.shell:Creating environment hook '/home/jblevins32/IRR2/install/find_object_py/share/find_object_py/hook/pythonpath.ps1'
[1.037s] INFO:colcon.colcon_core.shell:Creating environment descriptor '/home/jblevins32/IRR2/install/find_object_py/share/find_object_py/hook/pythonpath.dsv'
[1.038s] INFO:colcon.colcon_core.shell:Creating environment hook '/home/jblevins32/IRR2/install/find_object_py/share/find_object_py/hook/pythonpath.sh'
[1.038s] Level 1:colcon.colcon_core.environment:checking '/home/jblevins32/IRR2/install/find_object_py/bin'
[1.038s] Level 1:colcon.colcon_core.environment:create_environment_scripts_only(find_object_py)
[1.038s] INFO:colcon.colcon_core.shell:Creating package script '/home/jblevins32/IRR2/install/find_object_py/share/find_object_py/package.ps1'
[1.039s] INFO:colcon.colcon_core.shell:Creating package descriptor '/home/jblevins32/IRR2/install/find_object_py/share/find_object_py/package.dsv'
[1.040s] INFO:colcon.colcon_core.shell:Creating package script '/home/jblevins32/IRR2/install/find_object_py/share/find_object_py/package.sh'
[1.041s] INFO:colcon.colcon_core.shell:Creating package script '/home/jblevins32/IRR2/install/find_object_py/share/find_object_py/package.bash'
[1.041s] INFO:colcon.colcon_core.shell:Creating package script '/home/jblevins32/IRR2/install/find_object_py/share/find_object_py/package.zsh'
[1.042s] Level 1:colcon.colcon_core.environment:create_file_with_runtime_dependencies(/home/jblevins32/IRR2/install/find_object_py/share/colcon-core/packages/find_object_py)
[1.043s] Level 1:colcon.colcon_core.environment:checking '/home/jblevins32/IRR2/install/jacob_find_object_py' for CMake module files
[1.043s] DEBUG:colcon.colcon_core.event_handler.log_command:Invoked command in '/home/jblevins32/IRR2/src/jacob_find_object_py' returned '0': DEBUGINFOD_URLS=https://debuginfod.ubuntu.com PYTHONPATH=/home/jblevins32/IRR2/build/jacob_find_object_py/prefix_override:/usr/lib/python3/dist-packages/colcon_core/task/python/colcon_distutils_commands:/home/jblevins32/IRR2/install/jacob_find_object_py/lib/python3.10/site-packages:${PYTHONPATH} /usr/bin/python3 -W ignore:setup.py install is deprecated -W ignore:easy_install command is deprecated setup.py egg_info --egg-base ../../build/jacob_find_object_py build --build-base /home/jblevins32/IRR2/build/jacob_find_object_py/build install --record /home/jblevins32/IRR2/build/jacob_find_object_py/install.log --single-version-externally-managed install_data
[1.044s] Level 1:colcon.colcon_core.environment:checking '/home/jblevins32/IRR2/install/jacob_find_object_py' for CMake config files
[1.044s] Level 1:colcon.colcon_core.environment:checking '/home/jblevins32/IRR2/install/jacob_find_object_py/lib'
[1.044s] Level 1:colcon.colcon_core.environment:checking '/home/jblevins32/IRR2/install/jacob_find_object_py/bin'
[1.044s] Level 1:colcon.colcon_core.environment:checking '/home/jblevins32/IRR2/install/jacob_find_object_py/lib/pkgconfig/jacob_find_object_py.pc'
[1.044s] Level 1:colcon.colcon_core.environment:checking '/home/jblevins32/IRR2/install/jacob_find_object_py/lib/python3.10/site-packages'
[1.044s] Level 1:colcon.colcon_core.shell:create_environment_hook('jacob_find_object_py', 'pythonpath')
[1.044s] INFO:colcon.colcon_core.shell:Creating environment hook '/home/jblevins32/IRR2/install/jacob_find_object_py/share/jacob_find_object_py/hook/pythonpath.ps1'
[1.045s] INFO:colcon.colcon_core.shell:Creating environment descriptor '/home/jblevins32/IRR2/install/jacob_find_object_py/share/jacob_find_object_py/hook/pythonpath.dsv'
[1.045s] INFO:colcon.colcon_core.shell:Creating environment hook '/home/jblevins32/IRR2/install/jacob_find_object_py/share/jacob_find_object_py/hook/pythonpath.sh'
[1.045s] Level 1:colcon.colcon_core.environment:checking '/home/jblevins32/IRR2/install/jacob_find_object_py/bin'
[1.046s] Level 1:colcon.colcon_core.environment:create_environment_scripts_only(jacob_find_object_py)
[1.046s] INFO:colcon.colcon_core.shell:Creating package script '/home/jblevins32/IRR2/install/jacob_find_object_py/share/jacob_find_object_py/package.ps1'
[1.046s] INFO:colcon.colcon_core.shell:Creating package descriptor '/home/jblevins32/IRR2/install/jacob_find_object_py/share/jacob_find_object_py/package.dsv'
[1.046s] INFO:colcon.colcon_core.shell:Creating package script '/home/jblevins32/IRR2/install/jacob_find_object_py/share/jacob_find_object_py/package.sh'
[1.046s] INFO:colcon.colcon_core.shell:Creating package script '/home/jblevins32/IRR2/install/jacob_find_object_py/share/jacob_find_object_py/package.bash'
[1.047s] INFO:colcon.colcon_core.shell:Creating package script '/home/jblevins32/IRR2/install/jacob_find_object_py/share/jacob_find_object_py/package.zsh'
[1.047s] Level 1:colcon.colcon_core.environment:create_file_with_runtime_dependencies(/home/jblevins32/IRR2/install/jacob_find_object_py/share/colcon-core/packages/jacob_find_object_py)
[6.154s] DEBUG:colcon.colcon_core.event_handler.log_command:Invoked command in '/home/jblevins32/IRR2/build/rotate_robot' returned '0': CMAKE_PREFIX_PATH=${CMAKE_PREFIX_PATH}:/home/jblevins32/IRR2/install/jacob_find_object_py:/home/jblevins32/IRR2/install/find_object_py:/opt/ros/humble DEBUGINFOD_URLS=https://debuginfod.ubuntu.com /usr/bin/cmake --build /home/jblevins32/IRR2/build/rotate_robot -- -j28 -l28
[6.161s] DEBUG:colcon.colcon_core.event_handler.log_command:Invoking command in '/home/jblevins32/IRR2/build/rotate_robot': CMAKE_PREFIX_PATH=${CMAKE_PREFIX_PATH}:/home/jblevins32/IRR2/install/jacob_find_object_py:/home/jblevins32/IRR2/install/find_object_py:/opt/ros/humble DEBUGINFOD_URLS=https://debuginfod.ubuntu.com /usr/bin/cmake --install /home/jblevins32/IRR2/build/rotate_robot
[6.176s] Level 1:colcon.colcon_core.environment:create_environment_scripts_only(rotate_robot)
[6.177s] DEBUG:colcon.colcon_core.event_handler.log_command:Invoked command in '/home/jblevins32/IRR2/build/rotate_robot' returned '0': CMAKE_PREFIX_PATH=${CMAKE_PREFIX_PATH}:/home/jblevins32/IRR2/install/jacob_find_object_py:/home/jblevins32/IRR2/install/find_object_py:/opt/ros/humble DEBUGINFOD_URLS=https://debuginfod.ubuntu.com /usr/bin/cmake --install /home/jblevins32/IRR2/build/rotate_robot
[6.177s] Level 1:colcon.colcon_core.environment:checking '/home/jblevins32/IRR2/install/rotate_robot' for CMake module files
[6.178s] Level 1:colcon.colcon_core.environment:checking '/home/jblevins32/IRR2/install/rotate_robot' for CMake config files
[6.178s] Level 1:colcon.colcon_core.shell:create_environment_hook('rotate_robot', 'cmake_prefix_path')
[6.178s] INFO:colcon.colcon_core.shell:Creating environment hook '/home/jblevins32/IRR2/install/rotate_robot/share/rotate_robot/hook/cmake_prefix_path.ps1'
[6.178s] INFO:colcon.colcon_core.shell:Creating environment descriptor '/home/jblevins32/IRR2/install/rotate_robot/share/rotate_robot/hook/cmake_prefix_path.dsv'
[6.179s] INFO:colcon.colcon_core.shell:Creating environment hook '/home/jblevins32/IRR2/install/rotate_robot/share/rotate_robot/hook/cmake_prefix_path.sh'
[6.179s] Level 1:colcon.colcon_core.environment:checking '/home/jblevins32/IRR2/install/rotate_robot/lib'
[6.179s] Level 1:colcon.colcon_core.environment:checking '/home/jblevins32/IRR2/install/rotate_robot/bin'
[6.179s] Level 1:colcon.colcon_core.environment:checking '/home/jblevins32/IRR2/install/rotate_robot/lib/pkgconfig/rotate_robot.pc'
[6.179s] Level 1:colcon.colcon_core.environment:checking '/home/jblevins32/IRR2/install/rotate_robot/lib/python3.10/site-packages'
[6.180s] Level 1:colcon.colcon_core.environment:checking '/home/jblevins32/IRR2/install/rotate_robot/bin'
[6.180s] INFO:colcon.colcon_core.shell:Creating package script '/home/jblevins32/IRR2/install/rotate_robot/share/rotate_robot/package.ps1'
[6.181s] INFO:colcon.colcon_core.shell:Creating package descriptor '/home/jblevins32/IRR2/install/rotate_robot/share/rotate_robot/package.dsv'
[6.181s] INFO:colcon.colcon_core.shell:Creating package script '/home/jblevins32/IRR2/install/rotate_robot/share/rotate_robot/package.sh'
[6.181s] INFO:colcon.colcon_core.shell:Creating package script '/home/jblevins32/IRR2/install/rotate_robot/share/rotate_robot/package.bash'
[6.182s] INFO:colcon.colcon_core.shell:Creating package script '/home/jblevins32/IRR2/install/rotate_robot/share/rotate_robot/package.zsh'
[6.182s] Level 1:colcon.colcon_core.environment:create_file_with_runtime_dependencies(/home/jblevins32/IRR2/install/rotate_robot/share/colcon-core/packages/rotate_robot)
[6.182s] Level 1:colcon.colcon_core.environment:create_environment_scripts_only(rotate_robot)
[6.183s] Level 1:colcon.colcon_core.environment:checking '/home/jblevins32/IRR2/install/rotate_robot' for CMake module files
[6.183s] Level 1:colcon.colcon_core.environment:checking '/home/jblevins32/IRR2/install/rotate_robot' for CMake config files
[6.183s] Level 1:colcon.colcon_core.shell:create_environment_hook('rotate_robot', 'cmake_prefix_path')
[6.183s] INFO:colcon.colcon_core.shell:Creating environment hook '/home/jblevins32/IRR2/install/rotate_robot/share/rotate_robot/hook/cmake_prefix_path.ps1'
[6.184s] INFO:colcon.colcon_core.shell:Creating environment descriptor '/home/jblevins32/IRR2/install/rotate_robot/share/rotate_robot/hook/cmake_prefix_path.dsv'
[6.184s] INFO:colcon.colcon_core.shell:Creating environment hook '/home/jblevins32/IRR2/install/rotate_robot/share/rotate_robot/hook/cmake_prefix_path.sh'
[6.185s] Level 1:colcon.colcon_core.environment:checking '/home/jblevins32/IRR2/install/rotate_robot/lib'
[6.185s] Level 1:colcon.colcon_core.environment:checking '/home/jblevins32/IRR2/install/rotate_robot/bin'
[6.185s] Level 1:colcon.colcon_core.environment:checking '/home/jblevins32/IRR2/install/rotate_robot/lib/pkgconfig/rotate_robot.pc'
[6.185s] Level 1:colcon.colcon_core.environment:checking '/home/jblevins32/IRR2/install/rotate_robot/lib/python3.10/site-packages'
[6.185s] Level 1:colcon.colcon_core.environment:checking '/home/jblevins32/IRR2/install/rotate_robot/bin'
[6.185s] INFO:colcon.colcon_core.shell:Creating package script '/home/jblevins32/IRR2/install/rotate_robot/share/rotate_robot/package.ps1'
[6.186s] INFO:colcon.colcon_core.shell:Creating package descriptor '/home/jblevins32/IRR2/install/rotate_robot/share/rotate_robot/package.dsv'
[6.186s] INFO:colcon.colcon_core.shell:Creating package script '/home/jblevins32/IRR2/install/rotate_robot/share/rotate_robot/package.sh'
[6.186s] INFO:colcon.colcon_core.shell:Creating package script '/home/jblevins32/IRR2/install/rotate_robot/share/rotate_robot/package.bash'
[6.186s] INFO:colcon.colcon_core.shell:Creating package script '/home/jblevins32/IRR2/install/rotate_robot/share/rotate_robot/package.zsh'
[6.187s] Level 1:colcon.colcon_core.environment:create_file_with_runtime_dependencies(/home/jblevins32/IRR2/install/rotate_robot/share/colcon-core/packages/rotate_robot)
[6.187s] DEBUG:colcon.colcon_parallel_executor.executor.parallel:closing loop
[6.187s] DEBUG:colcon.colcon_parallel_executor.executor.parallel:loop closed
[6.187s] DEBUG:colcon.colcon_parallel_executor.executor.parallel:run_until_complete finished with '0'
[6.187s] DEBUG:colcon.colcon_core.event_reactor:joining thread
[6.191s] INFO:colcon.colcon_core.plugin_system:Skipping extension 'colcon_notification.desktop_notification.terminal_notifier': Not used on non-Darwin systems
[6.191s] INFO:colcon.colcon_core.plugin_system:Skipping extension 'colcon_notification.desktop_notification.win32': Not used on non-Windows systems
[6.191s] INFO:colcon.colcon_notification.desktop_notification:Sending desktop notification using 'notify2'
[6.202s] DEBUG:colcon.colcon_core.event_reactor:joined thread
[6.203s] INFO:colcon.colcon_core.shell:Creating prefix script '/home/jblevins32/IRR2/install/local_setup.ps1'
[6.203s] INFO:colcon.colcon_core.shell:Creating prefix util module '/home/jblevins32/IRR2/install/_local_setup_util_ps1.py'
[6.204s] INFO:colcon.colcon_core.shell:Creating prefix chain script '/home/jblevins32/IRR2/install/setup.ps1'
[6.205s] INFO:colcon.colcon_core.shell:Creating prefix script '/home/jblevins32/IRR2/install/local_setup.sh'
[6.205s] INFO:colcon.colcon_core.shell:Creating prefix util module '/home/jblevins32/IRR2/install/_local_setup_util_sh.py'
[6.205s] INFO:colcon.colcon_core.shell:Creating prefix chain script '/home/jblevins32/IRR2/install/setup.sh'
[6.206s] INFO:colcon.colcon_core.shell:Creating prefix script '/home/jblevins32/IRR2/install/local_setup.bash'
[6.206s] INFO:colcon.colcon_core.shell:Creating prefix chain script '/home/jblevins32/IRR2/install/setup.bash'
[6.207s] INFO:colcon.colcon_core.shell:Creating prefix script '/home/jblevins32/IRR2/install/local_setup.zsh'
[6.207s] INFO:colcon.colcon_core.shell:Creating prefix chain script '/home/jblevins32/IRR2/install/setup.zsh'
