running egg_info
creating ../../build/jacob_find_object_py/jacob_find_object_py.egg-info
writing manifest file '../../build/jacob_find_object_py/jacob_find_object_py.egg-info/SOURCES.txt'
writing manifest file '../../build/jacob_find_object_py/jacob_find_object_py.egg-info/SOURCES.txt'
running build
running build_py
creating /home/burger/lab2_object_finder_py/build/jacob_find_object_py/build
creating /home/burger/lab2_object_finder_py/build/jacob_find_object_py/build/lib
creating /home/burger/lab2_object_finder_py/build/jacob_find_object_py/build/lib/jacob_find_object_py
copying jacob_find_object_py/find_orange_ball.py -> /home/burger/lab2_object_finder_py/build/jacob_find_object_py/build/lib/jacob_find_object_py
copying jacob_find_object_py/__init__.py -> /home/burger/lab2_object_finder_py/build/jacob_find_object_py/build/lib/jacob_find_object_py
copying jacob_find_object_py/find_object.py -> /home/burger/lab2_object_finder_py/build/jacob_find_object_py/build/lib/jacob_find_object_py
running install
running install_lib
creating /home/burger/lab2_object_finder_py/install/jacob_find_object_py/lib/python3.10/site-packages/jacob_find_object_py
byte-compiling /home/burger/lab2_object_finder_py/install/jacob_find_object_py/lib/python3.10/site-packages/jacob_find_object_py/find_orange_ball.py to find_orange_ball.cpython-310.pyc
byte-compiling /home/burger/lab2_object_finder_py/install/jacob_find_object_py/lib/python3.10/site-packages/jacob_find_object_py/__init__.py to __init__.cpython-310.pyc
byte-compiling /home/burger/lab2_object_finder_py/install/jacob_find_object_py/lib/python3.10/site-packages/jacob_find_object_py/find_object.py to find_object.cpython-310.pyc
running install_data
creating /home/burger/lab2_object_finder_py/install/jacob_find_object_py/share/ament_index
creating /home/burger/lab2_object_finder_py/install/jacob_find_object_py/share/ament_index/resource_index
creating /home/burger/lab2_object_finder_py/install/jacob_find_object_py/share/ament_index/resource_index/packages
copying resource/jacob_find_object_py -> /home/burger/lab2_object_finder_py/install/jacob_find_object_py/share/ament_index/resource_index/packages
copying package.xml -> /home/burger/lab2_object_finder_py/install/jacob_find_object_py/share/jacob_find_object_py
running install_egg_info
Copying ../../build/jacob_find_object_py/jacob_find_object_py.egg-info to /home/burger/lab2_object_finder_py/install/jacob_find_object_py/lib/python3.10/site-packages/jacob_find_object_py-0.0.0-py3.10.egg-info
running install_scripts
writing list of installed files to '/home/burger/lab2_object_finder_py/build/jacob_find_object_py/install.log'
