[5.937s] Invoking command in '/home/burger/lab2_object_finder_py/src/jacob_find_object_py': PYTHONPATH=/home/burger/lab2_object_finder_py/build/jacob_find_object_py/prefix_override:/home/burger/lab2_object_finder_py/install/jacob_find_object_py/lib/python3.10/site-packages:${PYTHONPATH} /usr/bin/python3 setup.py egg_info --egg-base ../../build/jacob_find_object_py build --build-base /home/burger/lab2_object_finder_py/build/jacob_find_object_py/build install --record /home/burger/lab2_object_finder_py/build/jacob_find_object_py/install.log --single-version-externally-managed
[7.499s] running egg_info
[7.505s] creating ../../build/jacob_find_object_py/jacob_find_object_py.egg-info
[7.509s] writing manifest file '../../build/jacob_find_object_py/jacob_find_object_py.egg-info/SOURCES.txt'
[7.522s] writing manifest file '../../build/jacob_find_object_py/jacob_find_object_py.egg-info/SOURCES.txt'
[7.523s] running build
[7.524s] running build_py
[7.526s] creating /home/burger/lab2_object_finder_py/build/jacob_find_object_py/build
[7.526s] creating /home/burger/lab2_object_finder_py/build/jacob_find_object_py/build/lib
[7.527s] creating /home/burger/lab2_object_finder_py/build/jacob_find_object_py/build/lib/jacob_find_object_py
[7.528s] copying jacob_find_object_py/find_orange_ball.py -> /home/burger/lab2_object_finder_py/build/jacob_find_object_py/build/lib/jacob_find_object_py
[7.531s] copying jacob_find_object_py/__init__.py -> /home/burger/lab2_object_finder_py/build/jacob_find_object_py/build/lib/jacob_find_object_py
[7.532s] copying jacob_find_object_py/find_object.py -> /home/burger/lab2_object_finder_py/build/jacob_find_object_py/build/lib/jacob_find_object_py
[7.532s] running install
[7.537s] running install_lib
[7.538s] creating /home/burger/lab2_object_finder_py/install/jacob_find_object_py/lib/python3.10/site-packages/jacob_find_object_py
[7.541s] byte-compiling /home/burger/lab2_object_finder_py/install/jacob_find_object_py/lib/python3.10/site-packages/jacob_find_object_py/find_orange_ball.py to find_orange_ball.cpython-310.pyc
[7.544s] byte-compiling /home/burger/lab2_object_finder_py/install/jacob_find_object_py/lib/python3.10/site-packages/jacob_find_object_py/__init__.py to __init__.cpython-310.pyc
[7.545s] byte-compiling /home/burger/lab2_object_finder_py/install/jacob_find_object_py/lib/python3.10/site-packages/jacob_find_object_py/find_object.py to find_object.cpython-310.pyc
[7.547s]   File "/home/burger/lab2_object_finder_py/install/jacob_find_object_py/lib/python3.10/site-packages/jacob_find_object_py/find_object.py", line 24
[7.549s]     def _image_callback(self, frame)
[7.550s]                                     ^
[7.551s] SyntaxError: expected ':'
[7.552s] 
[7.553s] running install_data
[7.553s] creating /home/burger/lab2_object_finder_py/install/jacob_find_object_py/share/ament_index
[7.554s] creating /home/burger/lab2_object_finder_py/install/jacob_find_object_py/share/ament_index/resource_index
[7.555s] creating /home/burger/lab2_object_finder_py/install/jacob_find_object_py/share/ament_index/resource_index/packages
[7.555s] copying resource/jacob_find_object_py -> /home/burger/lab2_object_finder_py/install/jacob_find_object_py/share/ament_index/resource_index/packages
[7.555s] copying package.xml -> /home/burger/lab2_object_finder_py/install/jacob_find_object_py/share/jacob_find_object_py
[7.556s] running install_egg_info
[7.566s] Copying ../../build/jacob_find_object_py/jacob_find_object_py.egg-info to /home/burger/lab2_object_finder_py/install/jacob_find_object_py/lib/python3.10/site-packages/jacob_find_object_py-0.0.0-py3.10.egg-info
[7.573s] running install_scripts
[7.679s] writing list of installed files to '/home/burger/lab2_object_finder_py/build/jacob_find_object_py/install.log'
[7.847s] Invoked command in '/home/burger/lab2_object_finder_py/src/jacob_find_object_py' returned '0': PYTHONPATH=/home/burger/lab2_object_finder_py/build/jacob_find_object_py/prefix_override:/home/burger/lab2_object_finder_py/install/jacob_find_object_py/lib/python3.10/site-packages:${PYTHONPATH} /usr/bin/python3 setup.py egg_info --egg-base ../../build/jacob_find_object_py build --build-base /home/burger/lab2_object_finder_py/build/jacob_find_object_py/build install --record /home/burger/lab2_object_finder_py/build/jacob_find_object_py/install.log --single-version-externally-managed
