[4.906s] DEBUG:colcon:Command line arguments: ['/usr/bin/colcon', 'build', '--packages-select', 'jacob_find_object_py']
[4.906s] DEBUG:colcon:Parsed command line arguments: Namespace(log_base=None, log_level=None, verb_name='build', build_base='build', install_base='install', merge_install=False, symlink_install=False, test_result_base=None, continue_on_error=False, executor='parallel', parallel_workers=4, event_handlers=None, ignore_user_meta=False, metas=['./colcon.meta'], base_paths=['.'], packages_ignore=None, packages_ignore_regex=None, paths=None, packages_up_to=None, packages_up_to_regex=None, packages_above=None, packages_above_and_dependencies=None, packages_above_depth=None, packages_select_by_dep=None, packages_skip_by_dep=None, packages_skip_up_to=None, packages_select_build_failed=False, packages_skip_build_finished=False, packages_select_test_failures=False, packages_skip_test_passed=False, packages_select=['jacob_find_object_py'], packages_skip=None, packages_select_regex=None, packages_skip_regex=None, packages_start=None, packages_end=None, allow_overriding=[], cmake_args=None, cmake_target=None, cmake_target_skip_unavailable=False, cmake_clean_cache=False, cmake_clean_first=False, cmake_force_configure=False, ament_cmake_args=None, catkin_cmake_args=None, catkin_skip_building_tests=False, verb_parser=<colcon_defaults.argument_parser.defaults.DefaultArgumentsDecorator object at 0xffff8c810520>, verb_extension=<colcon_core.verb.build.BuildVerb object at 0xffff8c810be0>, main=<bound method BuildVerb.main of <colcon_core.verb.build.BuildVerb object at 0xffff8c810be0>>)
[7.001s] Level 1:colcon.colcon_core.package_discovery:discover_packages(colcon_meta) check parameters
[7.200s] Level 1:colcon.colcon_core.package_discovery:discover_packages(recursive) check parameters
[7.201s] Level 1:colcon.colcon_core.package_discovery:discover_packages(ignore) check parameters
[7.202s] Level 1:colcon.colcon_core.package_discovery:discover_packages(path) check parameters
[7.203s] Level 1:colcon.colcon_core.package_discovery:discover_packages(colcon_meta) discover
[7.204s] Level 1:colcon.colcon_core.package_discovery:discover_packages(recursive) discover
[7.205s] INFO:colcon.colcon_core.package_discovery:Crawling recursively for packages in '/home/burger/lab2_object_finder_py'
[7.205s] Level 1:colcon.colcon_core.package_identification:_identify(.) by extensions ['ignore', 'ignore_ament_install']
[7.206s] Level 1:colcon.colcon_core.package_identification:_identify(.) by extension 'ignore'
[7.207s] Level 1:colcon.colcon_core.package_identification:_identify(.) by extension 'ignore_ament_install'
[7.208s] Level 1:colcon.colcon_core.package_identification:_identify(.) by extensions ['colcon_pkg']
[7.208s] Level 1:colcon.colcon_core.package_identification:_identify(.) by extension 'colcon_pkg'
[7.209s] Level 1:colcon.colcon_core.package_identification:_identify(.) by extensions ['colcon_meta']
[7.210s] Level 1:colcon.colcon_core.package_identification:_identify(.) by extension 'colcon_meta'
[7.210s] Level 1:colcon.colcon_core.package_identification:_identify(.) by extensions ['ros']
[7.211s] Level 1:colcon.colcon_core.package_identification:_identify(.) by extension 'ros'
[9.466s] Level 1:colcon.colcon_core.package_identification:_identify(.) by extensions ['cmake', 'python']
[9.466s] Level 1:colcon.colcon_core.package_identification:_identify(.) by extension 'cmake'
[9.466s] Level 1:colcon.colcon_core.package_identification:_identify(.) by extension 'python'
[9.466s] Level 1:colcon.colcon_core.package_identification:_identify(.) by extensions ['python_setup_py']
[9.467s] Level 1:colcon.colcon_core.package_identification:_identify(.) by extension 'python_setup_py'
[9.467s] Level 1:colcon.colcon_core.package_identification:_identify(build) by extensions ['ignore', 'ignore_ament_install']
[9.468s] Level 1:colcon.colcon_core.package_identification:_identify(build) by extension 'ignore'
[9.468s] Level 1:colcon.colcon_core.package_identification:_identify(build) ignored
[9.469s] Level 1:colcon.colcon_core.package_identification:_identify(install) by extensions ['ignore', 'ignore_ament_install']
[9.469s] Level 1:colcon.colcon_core.package_identification:_identify(install) by extension 'ignore'
[9.469s] Level 1:colcon.colcon_core.package_identification:_identify(install) ignored
[9.470s] Level 1:colcon.colcon_core.package_identification:_identify(log) by extensions ['ignore', 'ignore_ament_install']
[9.470s] Level 1:colcon.colcon_core.package_identification:_identify(log) by extension 'ignore'
[9.470s] Level 1:colcon.colcon_core.package_identification:_identify(log) ignored
[9.471s] Level 1:colcon.colcon_core.package_identification:_identify(src) by extensions ['ignore', 'ignore_ament_install']
[9.471s] Level 1:colcon.colcon_core.package_identification:_identify(src) by extension 'ignore'
[9.471s] Level 1:colcon.colcon_core.package_identification:_identify(src) by extension 'ignore_ament_install'
[9.472s] Level 1:colcon.colcon_core.package_identification:_identify(src) by extensions ['colcon_pkg']
[9.472s] Level 1:colcon.colcon_core.package_identification:_identify(src) by extension 'colcon_pkg'
[9.472s] Level 1:colcon.colcon_core.package_identification:_identify(src) by extensions ['colcon_meta']
[9.472s] Level 1:colcon.colcon_core.package_identification:_identify(src) by extension 'colcon_meta'
[9.472s] Level 1:colcon.colcon_core.package_identification:_identify(src) by extensions ['ros']
[9.472s] Level 1:colcon.colcon_core.package_identification:_identify(src) by extension 'ros'
[9.473s] Level 1:colcon.colcon_core.package_identification:_identify(src) by extensions ['cmake', 'python']
[9.473s] Level 1:colcon.colcon_core.package_identification:_identify(src) by extension 'cmake'
[9.473s] Level 1:colcon.colcon_core.package_identification:_identify(src) by extension 'python'
[9.473s] Level 1:colcon.colcon_core.package_identification:_identify(src) by extensions ['python_setup_py']
[9.473s] Level 1:colcon.colcon_core.package_identification:_identify(src) by extension 'python_setup_py'
[9.474s] Level 1:colcon.colcon_core.package_identification:_identify(src/find_object_py) by extensions ['ignore', 'ignore_ament_install']
[9.474s] Level 1:colcon.colcon_core.package_identification:_identify(src/find_object_py) by extension 'ignore'
[9.474s] Level 1:colcon.colcon_core.package_identification:_identify(src/find_object_py) by extension 'ignore_ament_install'
[9.475s] Level 1:colcon.colcon_core.package_identification:_identify(src/find_object_py) by extensions ['colcon_pkg']
[9.475s] Level 1:colcon.colcon_core.package_identification:_identify(src/find_object_py) by extension 'colcon_pkg'
[9.475s] Level 1:colcon.colcon_core.package_identification:_identify(src/find_object_py) by extensions ['colcon_meta']
[9.475s] Level 1:colcon.colcon_core.package_identification:_identify(src/find_object_py) by extension 'colcon_meta'
[9.475s] Level 1:colcon.colcon_core.package_identification:_identify(src/find_object_py) by extensions ['ros']
[9.476s] Level 1:colcon.colcon_core.package_identification:_identify(src/find_object_py) by extension 'ros'
[16.733s] DEBUG:colcon.colcon_core.package_identification:Package 'src/find_object_py' with type 'ros.ament_python' and name 'find_object_py'
[16.734s] Level 1:colcon.colcon_core.package_identification:_identify(src/jacob_find_object_py) by extensions ['ignore', 'ignore_ament_install']
[16.735s] Level 1:colcon.colcon_core.package_identification:_identify(src/jacob_find_object_py) by extension 'ignore'
[16.735s] Level 1:colcon.colcon_core.package_identification:_identify(src/jacob_find_object_py) by extension 'ignore_ament_install'
[16.736s] Level 1:colcon.colcon_core.package_identification:_identify(src/jacob_find_object_py) by extensions ['colcon_pkg']
[16.737s] Level 1:colcon.colcon_core.package_identification:_identify(src/jacob_find_object_py) by extension 'colcon_pkg'
[16.738s] Level 1:colcon.colcon_core.package_identification:_identify(src/jacob_find_object_py) by extensions ['colcon_meta']
[16.738s] Level 1:colcon.colcon_core.package_identification:_identify(src/jacob_find_object_py) by extension 'colcon_meta'
[16.739s] Level 1:colcon.colcon_core.package_identification:_identify(src/jacob_find_object_py) by extensions ['ros']
[16.740s] Level 1:colcon.colcon_core.package_identification:_identify(src/jacob_find_object_py) by extension 'ros'
[16.744s] DEBUG:colcon.colcon_core.package_identification:Package 'src/jacob_find_object_py' with type 'ros.ament_python' and name 'jacob_find_object_py'
[16.745s] Level 1:colcon.colcon_core.package_identification:_identify(src/rotate_robot) by extensions ['ignore', 'ignore_ament_install']
[16.746s] Level 1:colcon.colcon_core.package_identification:_identify(src/rotate_robot) by extension 'ignore'
[16.746s] Level 1:colcon.colcon_core.package_identification:_identify(src/rotate_robot) by extension 'ignore_ament_install'
[16.747s] Level 1:colcon.colcon_core.package_identification:_identify(src/rotate_robot) by extensions ['colcon_pkg']
[16.747s] Level 1:colcon.colcon_core.package_identification:_identify(src/rotate_robot) by extension 'colcon_pkg'
[16.748s] Level 1:colcon.colcon_core.package_identification:_identify(src/rotate_robot) by extensions ['colcon_meta']
[16.748s] Level 1:colcon.colcon_core.package_identification:_identify(src/rotate_robot) by extension 'colcon_meta'
[16.748s] Level 1:colcon.colcon_core.package_identification:_identify(src/rotate_robot) by extensions ['ros']
[16.748s] Level 1:colcon.colcon_core.package_identification:_identify(src/rotate_robot) by extension 'ros'
[16.751s] DEBUG:colcon.colcon_core.package_identification:Package 'src/rotate_robot' with type 'ros.ament_cmake' and name 'rotate_robot'
[16.751s] Level 1:colcon.colcon_core.package_discovery:discover_packages(recursive) using defaults
[16.752s] Level 1:colcon.colcon_core.package_discovery:discover_packages(ignore) discover
[16.752s] Level 1:colcon.colcon_core.package_discovery:discover_packages(ignore) using defaults
[16.752s] Level 1:colcon.colcon_core.package_discovery:discover_packages(path) discover
[16.752s] Level 1:colcon.colcon_core.package_discovery:discover_packages(path) using defaults
[17.409s] INFO:colcon.colcon_core.package_selection:Skipping not selected package 'find_object_py' in 'src/find_object_py'
[17.409s] INFO:colcon.colcon_core.package_selection:Skipping not selected package 'rotate_robot' in 'src/rotate_robot'
[17.614s] Level 1:colcon.colcon_core.package_discovery:discover_packages(prefix_path) check parameters
[17.615s] Level 1:colcon.colcon_core.package_discovery:discover_packages(prefix_path) discover
[17.809s] DEBUG:colcon.colcon_installed_package_information.package_discovery:Found 8 installed packages in /home/burger/dontTouch_ws/install
[17.896s] DEBUG:colcon.colcon_installed_package_information.package_discovery:Found 206 installed packages in /opt/ros/humble
[17.902s] Level 1:colcon.colcon_core.package_discovery:discover_packages(prefix_path) using defaults
[18.409s] Level 5:colcon.colcon_core.verb:set package 'jacob_find_object_py' build argument 'cmake_args' from command line to 'None'
[18.410s] Level 5:colcon.colcon_core.verb:set package 'jacob_find_object_py' build argument 'cmake_target' from command line to 'None'
[18.410s] Level 5:colcon.colcon_core.verb:set package 'jacob_find_object_py' build argument 'cmake_target_skip_unavailable' from command line to 'False'
[18.411s] Level 5:colcon.colcon_core.verb:set package 'jacob_find_object_py' build argument 'cmake_clean_cache' from command line to 'False'
[18.412s] Level 5:colcon.colcon_core.verb:set package 'jacob_find_object_py' build argument 'cmake_clean_first' from command line to 'False'
[18.412s] Level 5:colcon.colcon_core.verb:set package 'jacob_find_object_py' build argument 'cmake_force_configure' from command line to 'False'
[18.413s] Level 5:colcon.colcon_core.verb:set package 'jacob_find_object_py' build argument 'ament_cmake_args' from command line to 'None'
[18.413s] Level 5:colcon.colcon_core.verb:set package 'jacob_find_object_py' build argument 'catkin_cmake_args' from command line to 'None'
[18.414s] Level 5:colcon.colcon_core.verb:set package 'jacob_find_object_py' build argument 'catkin_skip_building_tests' from command line to 'False'
[18.415s] DEBUG:colcon.colcon_core.verb:Building package 'jacob_find_object_py' with the following arguments: {'ament_cmake_args': None, 'build_base': '/home/burger/lab2_object_finder_py/build/jacob_find_object_py', 'catkin_cmake_args': None, 'catkin_skip_building_tests': False, 'cmake_args': None, 'cmake_clean_cache': False, 'cmake_clean_first': False, 'cmake_force_configure': False, 'cmake_target': None, 'cmake_target_skip_unavailable': False, 'install_base': '/home/burger/lab2_object_finder_py/install/jacob_find_object_py', 'merge_install': False, 'path': '/home/burger/lab2_object_finder_py/src/jacob_find_object_py', 'symlink_install': False, 'test_result_base': None}
[18.510s] INFO:colcon.colcon_core.executor:Executing jobs using 'parallel' executor
[18.615s] DEBUG:colcon.colcon_parallel_executor.executor.parallel:run_until_complete
[18.617s] INFO:colcon.colcon_ros.task.ament_python.build:Building ROS package in '/home/burger/lab2_object_finder_py/src/jacob_find_object_py' with build type 'ament_python'
[18.619s] Level 1:colcon.colcon_core.shell:create_environment_hook('jacob_find_object_py', 'ament_prefix_path')
[18.736s] INFO:colcon.colcon_core.plugin_system:Skipping extension 'colcon_core.shell.bat': Not used on non-Windows systems
[18.737s] INFO:colcon.colcon_core.shell:Creating environment hook '/home/burger/lab2_object_finder_py/install/jacob_find_object_py/share/jacob_find_object_py/hook/ament_prefix_path.ps1'
[18.741s] INFO:colcon.colcon_core.shell:Creating environment descriptor '/home/burger/lab2_object_finder_py/install/jacob_find_object_py/share/jacob_find_object_py/hook/ament_prefix_path.dsv'
[18.743s] INFO:colcon.colcon_core.shell:Creating environment hook '/home/burger/lab2_object_finder_py/install/jacob_find_object_py/share/jacob_find_object_py/hook/ament_prefix_path.sh'
[18.833s] INFO:colcon.colcon_core.shell:Skip shell extension 'powershell' for command environment: Not usable outside of PowerShell
[18.834s] DEBUG:colcon.colcon_core.shell:Skip shell extension 'dsv' for command environment
[21.261s] INFO:colcon.colcon_core.task.python.build:Building Python package in '/home/burger/lab2_object_finder_py/src/jacob_find_object_py'
[21.387s] INFO:colcon.colcon_core.shell:Skip shell extension 'powershell' for command environment: Not usable outside of PowerShell
[21.387s] DEBUG:colcon.colcon_core.shell:Skip shell extension 'dsv' for command environment
[24.556s] DEBUG:colcon.colcon_core.event_handler.log_command:Invoking command in '/home/burger/lab2_object_finder_py/src/jacob_find_object_py': PYTHONPATH=/home/burger/lab2_object_finder_py/build/jacob_find_object_py/prefix_override:/home/burger/lab2_object_finder_py/install/jacob_find_object_py/lib/python3.10/site-packages:${PYTHONPATH} /usr/bin/python3 setup.py egg_info --egg-base ../../build/jacob_find_object_py build --build-base /home/burger/lab2_object_finder_py/build/jacob_find_object_py/build install --record /home/burger/lab2_object_finder_py/build/jacob_find_object_py/install.log --single-version-externally-managed
[26.466s] DEBUG:colcon.colcon_core.event_handler.log_command:Invoked command in '/home/burger/lab2_object_finder_py/src/jacob_find_object_py' returned '0': PYTHONPATH=/home/burger/lab2_object_finder_py/build/jacob_find_object_py/prefix_override:/home/burger/lab2_object_finder_py/install/jacob_find_object_py/lib/python3.10/site-packages:${PYTHONPATH} /usr/bin/python3 setup.py egg_info --egg-base ../../build/jacob_find_object_py build --build-base /home/burger/lab2_object_finder_py/build/jacob_find_object_py/build install --record /home/burger/lab2_object_finder_py/build/jacob_find_object_py/install.log --single-version-externally-managed
[26.599s] Level 1:colcon.colcon_core.environment:checking '/home/burger/lab2_object_finder_py/install/jacob_find_object_py' for CMake module files
[26.601s] Level 1:colcon.colcon_core.environment:checking '/home/burger/lab2_object_finder_py/install/jacob_find_object_py' for CMake config files
[26.605s] Level 1:colcon.colcon_core.environment:checking '/home/burger/lab2_object_finder_py/install/jacob_find_object_py/lib'
[26.607s] Level 1:colcon.colcon_core.environment:checking '/home/burger/lab2_object_finder_py/install/jacob_find_object_py/bin'
[26.608s] Level 1:colcon.colcon_core.environment:checking '/home/burger/lab2_object_finder_py/install/jacob_find_object_py/lib/pkgconfig/jacob_find_object_py.pc'
[26.610s] Level 1:colcon.colcon_core.environment:checking '/home/burger/lab2_object_finder_py/install/jacob_find_object_py/lib/python3.10/site-packages'
[26.610s] Level 1:colcon.colcon_core.shell:create_environment_hook('jacob_find_object_py', 'pythonpath')
[26.713s] INFO:colcon.colcon_core.shell:Creating environment hook '/home/burger/lab2_object_finder_py/install/jacob_find_object_py/share/jacob_find_object_py/hook/pythonpath.ps1'
[26.715s] INFO:colcon.colcon_core.shell:Creating environment descriptor '/home/burger/lab2_object_finder_py/install/jacob_find_object_py/share/jacob_find_object_py/hook/pythonpath.dsv'
[26.717s] INFO:colcon.colcon_core.shell:Creating environment hook '/home/burger/lab2_object_finder_py/install/jacob_find_object_py/share/jacob_find_object_py/hook/pythonpath.sh'
[26.720s] Level 1:colcon.colcon_core.environment:checking '/home/burger/lab2_object_finder_py/install/jacob_find_object_py/bin'
[26.720s] Level 1:colcon.colcon_core.environment:create_environment_scripts_only(jacob_find_object_py)
[26.797s] INFO:colcon.colcon_core.shell:Creating package script '/home/burger/lab2_object_finder_py/install/jacob_find_object_py/share/jacob_find_object_py/package.ps1'
[26.800s] INFO:colcon.colcon_core.shell:Creating package descriptor '/home/burger/lab2_object_finder_py/install/jacob_find_object_py/share/jacob_find_object_py/package.dsv'
[26.805s] INFO:colcon.colcon_core.shell:Creating package script '/home/burger/lab2_object_finder_py/install/jacob_find_object_py/share/jacob_find_object_py/package.sh'
[26.811s] INFO:colcon.colcon_core.shell:Creating package script '/home/burger/lab2_object_finder_py/install/jacob_find_object_py/share/jacob_find_object_py/package.bash'
[26.816s] INFO:colcon.colcon_core.shell:Creating package script '/home/burger/lab2_object_finder_py/install/jacob_find_object_py/share/jacob_find_object_py/package.zsh'
[26.820s] Level 1:colcon.colcon_core.environment:create_file_with_runtime_dependencies(/home/burger/lab2_object_finder_py/install/jacob_find_object_py/share/colcon-core/packages/jacob_find_object_py)
[26.825s] DEBUG:colcon.colcon_parallel_executor.executor.parallel:closing loop
[26.826s] DEBUG:colcon.colcon_parallel_executor.executor.parallel:loop closed
[26.827s] DEBUG:colcon.colcon_parallel_executor.executor.parallel:run_until_complete finished with '0'
[26.828s] DEBUG:colcon.colcon_core.event_reactor:joining thread
[26.943s] INFO:colcon.colcon_core.plugin_system:Skipping extension 'colcon_notification.desktop_notification.notify_send': Could not find 'notify-send'
[26.944s] INFO:colcon.colcon_core.plugin_system:Skipping extension 'colcon_notification.desktop_notification.terminal_notifier': Not used on non-Darwin systems
[26.944s] INFO:colcon.colcon_core.plugin_system:Skipping extension 'colcon_notification.desktop_notification.win32': Not used on non-Windows systems
[26.944s] INFO:colcon.colcon_notification.desktop_notification:Sending desktop notification using 'notify2'
[26.950s] DEBUG:colcon.colcon_notification.desktop_notification.notify2:Failed to initialize notify2: org.freedesktop.DBus.Error.ServiceUnknown: The name org.freedesktop.Notifications was not provided by any .service files
[26.951s] DEBUG:colcon.colcon_core.event_reactor:joined thread
[27.052s] INFO:colcon.colcon_core.shell:Creating prefix script '/home/burger/lab2_object_finder_py/install/local_setup.ps1'
[27.057s] INFO:colcon.colcon_core.shell:Creating prefix util module '/home/burger/lab2_object_finder_py/install/_local_setup_util_ps1.py'
[27.066s] INFO:colcon.colcon_core.shell:Creating prefix chain script '/home/burger/lab2_object_finder_py/install/setup.ps1'
[27.170s] INFO:colcon.colcon_core.shell:Creating prefix script '/home/burger/lab2_object_finder_py/install/local_setup.sh'
[27.173s] INFO:colcon.colcon_core.shell:Creating prefix util module '/home/burger/lab2_object_finder_py/install/_local_setup_util_sh.py'
[27.176s] INFO:colcon.colcon_core.shell:Creating prefix chain script '/home/burger/lab2_object_finder_py/install/setup.sh'
[27.272s] INFO:colcon.colcon_core.shell:Creating prefix script '/home/burger/lab2_object_finder_py/install/local_setup.bash'
[27.275s] INFO:colcon.colcon_core.shell:Creating prefix chain script '/home/burger/lab2_object_finder_py/install/setup.bash'
[27.383s] INFO:colcon.colcon_core.shell:Creating prefix script '/home/burger/lab2_object_finder_py/install/local_setup.zsh'
[27.386s] INFO:colcon.colcon_core.shell:Creating prefix chain script '/home/burger/lab2_object_finder_py/install/setup.zsh'
