[0.580s] Invoking command in '/home/jblevins32/IRR2/src/find_object_py': DEBUGINFOD_URLS=https://debuginfod.ubuntu.com PYTHONPATH=/home/jblevins32/IRR2/build/find_object_py/prefix_override:/usr/lib/python3/dist-packages/colcon_core/task/python/colcon_distutils_commands:/home/jblevins32/IRR2/install/find_object_py/lib/python3.10/site-packages:${PYTHONPATH} /usr/bin/python3 -W ignore:setup.py install is deprecated -W ignore:easy_install command is deprecated setup.py egg_info --egg-base ../../build/find_object_py build --build-base /home/jblevins32/IRR2/build/find_object_py/build install --record /home/jblevins32/IRR2/build/find_object_py/install.log --single-version-externally-managed install_data
[0.740s] running egg_info
[0.740s] writing ../../build/find_object_py/find_object_py.egg-info/PKG-INFO
[0.740s] writing dependency_links to ../../build/find_object_py/find_object_py.egg-info/dependency_links.txt
[0.740s] writing entry points to ../../build/find_object_py/find_object_py.egg-info/entry_points.txt
[0.740s] writing requirements to ../../build/find_object_py/find_object_py.egg-info/requires.txt
[0.741s] writing top-level names to ../../build/find_object_py/find_object_py.egg-info/top_level.txt
[0.742s] reading manifest file '../../build/find_object_py/find_object_py.egg-info/SOURCES.txt'
[0.742s] adding license file 'LICENSE'
[0.742s] writing manifest file '../../build/find_object_py/find_object_py.egg-info/SOURCES.txt'
[0.742s] running build
[0.742s] running build_py
[0.742s] running install
[0.743s] running install_lib
[0.743s] running install_data
[0.743s] running install_egg_info
[0.744s] removing '/home/jblevins32/IRR2/install/find_object_py/lib/python3.10/site-packages/find_object_py-0.0.0-py3.10.egg-info' (and everything under it)
[0.744s] Copying ../../build/find_object_py/find_object_py.egg-info to /home/jblevins32/IRR2/install/find_object_py/lib/python3.10/site-packages/find_object_py-0.0.0-py3.10.egg-info
[0.745s] running install_scripts
[0.759s] Installing find_object script to /home/jblevins32/IRR2/install/find_object_py/lib/find_object_py
[0.759s] writing list of installed files to '/home/jblevins32/IRR2/build/find_object_py/install.log'
[0.778s] Invoked command in '/home/jblevins32/IRR2/src/find_object_py' returned '0': DEBUGINFOD_URLS=https://debuginfod.ubuntu.com PYTHONPATH=/home/jblevins32/IRR2/build/find_object_py/prefix_override:/usr/lib/python3/dist-packages/colcon_core/task/python/colcon_distutils_commands:/home/jblevins32/IRR2/install/find_object_py/lib/python3.10/site-packages:${PYTHONPATH} /usr/bin/python3 -W ignore:setup.py install is deprecated -W ignore:easy_install command is deprecated setup.py egg_info --egg-base ../../build/find_object_py build --build-base /home/jblevins32/IRR2/build/find_object_py/build install --record /home/jblevins32/IRR2/build/find_object_py/install.log --single-version-externally-managed install_data
