-- The C compiler identification is GNU 11.4.0
-- The CXX compiler identification is GNU 11.4.0
-- Detecting C compiler ABI info
-- Detecting C compiler ABI info - done
-- Check for working C compiler: /usr/bin/cc - skipped
-- Detecting C compile features
-- Detecting C compile features - done
-- Detecting CXX compiler ABI info
-- Detecting CXX compiler ABI info - done
-- Check for working CXX compiler: /usr/bin/c++ - skipped
-- Detecting CXX compile features
-- Detecting CXX compile features - done
-- Found ament_cmake: 1.3.6 (/opt/ros/humble/share/ament_cmake/cmake)
-- Found Python3: /usr/bin/python3.10 (found version "3.10.12") found components: Interpreter 
-- Found rclcpp: 16.0.7 (/opt/ros/humble/share/rclcpp/cmake)
-- Found rosidl_generator_c: 3.1.5 (/opt/ros/humble/share/rosidl_generator_c/cmake)
-- Found rosidl_adapter: 3.1.5 (/opt/ros/humble/share/rosidl_adapter/cmake)
-- Found rosidl_generator_cpp: 3.1.5 (/opt/ros/humble/share/rosidl_generator_cpp/cmake)
-- Using all available rosidl_typesupport_c: rosidl_typesupport_fastrtps_c;rosidl_typesupport_introspection_c
-- Using all available rosidl_typesupport_cpp: rosidl_typesupport_fastrtps_cpp;rosidl_typesupport_introspection_cpp
-- Found rmw_implementation_cmake: 6.1.1 (/opt/ros/humble/share/rmw_implementation_cmake/cmake)
-- Found rmw_fastrtps_cpp: 6.2.5 (/opt/ros/humble/share/rmw_fastrtps_cpp/cmake)
-- Found OpenSSL: /usr/lib/aarch64-linux-gnu/libcrypto.so (found version "3.0.2")  
-- Found FastRTPS: /opt/ros/humble/include  
-- Using RMW implementation 'rmw_fastrtps_cpp' as default
-- Looking for pthread.h
-- Looking for pthread.h - found
-- Performing Test CMAKE_HAVE_LIBC_PTHREAD
-- Performing Test CMAKE_HAVE_LIBC_PTHREAD - Success
-- Found Threads: TRUE  
-- Found geometry_msgs: 4.2.3 (/opt/ros/humble/share/geometry_msgs/cmake)
-- Found ament_lint_auto: 0.12.9 (/opt/ros/humble/share/ament_lint_auto/cmake)
-- Added test 'cppcheck' to perform static code analysis on C / C++ code
-- Configured cppcheck include dirs: 
-- Configured cppcheck exclude dirs and/or files: 
-- Added test 'lint_cmake' to check CMake code style
-- Added test 'uncrustify' to check C / C++ code style
-- Configured uncrustify additional arguments: 
-- Added test 'xmllint' to check XML markup files
-- Configuring done
-- Generating done
-- Build files have been written to: /home/burger/lab2_object_finder_py/build/rotate_robot
[ 25%] [32mBuilding CXX object CMakeFiles/rotate_robot_pubsub.dir/rotate_robot_pubsub/rotate_robot_pubsub.cpp.o[0m
[ 50%] [32m[1mLinking CXX executable rotate_robot_pubsub[0m
[ 50%] Built target rotate_robot_pubsub
[ 75%] [32mBuilding CXX object CMakeFiles/test_publisher.dir/rotate_robot_pubsub/test_publisher.cpp.o[0m
[100%] [32m[1mLinking CXX executable test_publisher[0m
[100%] Built target test_publisher
-- Install configuration: ""
-- Installing: /home/burger/lab2_object_finder_py/install/rotate_robot/lib/rotate_robot/rotate_robot_pubsub
-- Set runtime path of "/home/burger/lab2_object_finder_py/install/rotate_robot/lib/rotate_robot/rotate_robot_pubsub" to ""
-- Installing: /home/burger/lab2_object_finder_py/install/rotate_robot/lib/rotate_robot/test_publisher
-- Set runtime path of "/home/burger/lab2_object_finder_py/install/rotate_robot/lib/rotate_robot/test_publisher" to ""
-- Installing: /home/burger/lab2_object_finder_py/install/rotate_robot/share/ament_index/resource_index/package_run_dependencies/rotate_robot
-- Installing: /home/burger/lab2_object_finder_py/install/rotate_robot/share/ament_index/resource_index/parent_prefix_path/rotate_robot
-- Installing: /home/burger/lab2_object_finder_py/install/rotate_robot/share/rotate_robot/environment/ament_prefix_path.sh
-- Installing: /home/burger/lab2_object_finder_py/install/rotate_robot/share/rotate_robot/environment/ament_prefix_path.dsv
-- Installing: /home/burger/lab2_object_finder_py/install/rotate_robot/share/rotate_robot/environment/path.sh
-- Installing: /home/burger/lab2_object_finder_py/install/rotate_robot/share/rotate_robot/environment/path.dsv
-- Installing: /home/burger/lab2_object_finder_py/install/rotate_robot/share/rotate_robot/local_setup.bash
-- Installing: /home/burger/lab2_object_finder_py/install/rotate_robot/share/rotate_robot/local_setup.sh
-- Installing: /home/burger/lab2_object_finder_py/install/rotate_robot/share/rotate_robot/local_setup.zsh
-- Installing: /home/burger/lab2_object_finder_py/install/rotate_robot/share/rotate_robot/local_setup.dsv
-- Installing: /home/burger/lab2_object_finder_py/install/rotate_robot/share/rotate_robot/package.dsv
-- Installing: /home/burger/lab2_object_finder_py/install/rotate_robot/share/ament_index/resource_index/packages/rotate_robot
-- Installing: /home/burger/lab2_object_finder_py/install/rotate_robot/share/rotate_robot/cmake/rotate_robotConfig.cmake
-- Installing: /home/burger/lab2_object_finder_py/install/rotate_robot/share/rotate_robot/cmake/rotate_robotConfig-version.cmake
-- Installing: /home/burger/lab2_object_finder_py/install/rotate_robot/share/rotate_robot/package.xml
