[29.794s] Invoking command in '/home/burger/lab2_object_finder_py/build/rotate_robot': CMAKE_PREFIX_PATH=${CMAKE_PREFIX_PATH}:/home/burger/dontTouch_ws/install/turtlebot3_teleop:/home/burger/dontTouch_ws/install/turtlebot3_example:/opt/ros/humble /usr/bin/cmake /home/burger/lab2_object_finder_py/src/rotate_robot -DCMAKE_INSTALL_PREFIX=/home/burger/lab2_object_finder_py/install/rotate_robot
[44.458s] -- The C compiler identification is GNU 11.4.0
[45.398s] -- The CXX compiler identification is GNU 11.4.0
[45.461s] -- Detecting C compiler ABI info
[45.913s] -- Detecting C compiler ABI info - done
[45.939s] -- Check for working C compiler: /usr/bin/cc - skipped
[45.944s] -- Detecting C compile features
[45.948s] -- Detecting C compile features - done
[45.967s] -- Detecting CXX compiler ABI info
[46.431s] -- Detecting CXX compiler ABI info - done
[46.461s] -- Check for working CXX compiler: /usr/bin/c++ - skipped
[46.462s] -- Detecting CXX compile features
[46.464s] -- Detecting CXX compile features - done
[46.513s] -- Found ament_cmake: 1.3.6 (/opt/ros/humble/share/ament_cmake/cmake)
[49.854s] -- Found Python3: /usr/bin/python3.10 (found version "3.10.12") found components: Interpreter 
[50.617s] -- Found rclcpp: 16.0.7 (/opt/ros/humble/share/rclcpp/cmake)
[51.072s] -- Found rosidl_generator_c: 3.1.5 (/opt/ros/humble/share/rosidl_generator_c/cmake)
[51.132s] -- Found rosidl_adapter: 3.1.5 (/opt/ros/humble/share/rosidl_adapter/cmake)
[51.214s] -- Found rosidl_generator_cpp: 3.1.5 (/opt/ros/humble/share/rosidl_generator_cpp/cmake)
[51.330s] -- Using all available rosidl_typesupport_c: rosidl_typesupport_fastrtps_c;rosidl_typesupport_introspection_c
[51.491s] -- Using all available rosidl_typesupport_cpp: rosidl_typesupport_fastrtps_cpp;rosidl_typesupport_introspection_cpp
[52.005s] -- Found rmw_implementation_cmake: 6.1.1 (/opt/ros/humble/share/rmw_implementation_cmake/cmake)
[52.040s] -- Found rmw_fastrtps_cpp: 6.2.5 (/opt/ros/humble/share/rmw_fastrtps_cpp/cmake)
[52.708s] -- Found OpenSSL: /usr/lib/aarch64-linux-gnu/libcrypto.so (found version "3.0.2")  
[52.926s] -- Found FastRTPS: /opt/ros/humble/include  
[53.262s] -- Using RMW implementation 'rmw_fastrtps_cpp' as default
[53.369s] -- Looking for pthread.h
[53.759s] -- Looking for pthread.h - found
[53.762s] -- Performing Test CMAKE_HAVE_LIBC_PTHREAD
[54.095s] -- Performing Test CMAKE_HAVE_LIBC_PTHREAD - Success
[54.100s] -- Found Threads: TRUE  
[54.980s] -- Found geometry_msgs: 4.2.3 (/opt/ros/humble/share/geometry_msgs/cmake)
[55.197s] -- Found ament_lint_auto: 0.12.9 (/opt/ros/humble/share/ament_lint_auto/cmake)
[55.736s] -- Added test 'cppcheck' to perform static code analysis on C / C++ code
[55.737s] -- Configured cppcheck include dirs: 
[55.737s] -- Configured cppcheck exclude dirs and/or files: 
[55.744s] -- Added test 'lint_cmake' to check CMake code style
[55.755s] -- Added test 'uncrustify' to check C / C++ code style
[55.758s] -- Configured uncrustify additional arguments: 
[55.760s] -- Added test 'xmllint' to check XML markup files
[55.773s] -- Configuring done
[55.850s] -- Generating done
[55.863s] -- Build files have been written to: /home/burger/lab2_object_finder_py/build/rotate_robot
[55.895s] Invoked command in '/home/burger/lab2_object_finder_py/build/rotate_robot' returned '0': CMAKE_PREFIX_PATH=${CMAKE_PREFIX_PATH}:/home/burger/dontTouch_ws/install/turtlebot3_teleop:/home/burger/dontTouch_ws/install/turtlebot3_example:/opt/ros/humble /usr/bin/cmake /home/burger/lab2_object_finder_py/src/rotate_robot -DCMAKE_INSTALL_PREFIX=/home/burger/lab2_object_finder_py/install/rotate_robot
[55.905s] Invoking command in '/home/burger/lab2_object_finder_py/build/rotate_robot': CMAKE_PREFIX_PATH=${CMAKE_PREFIX_PATH}:/home/burger/dontTouch_ws/install/turtlebot3_teleop:/home/burger/dontTouch_ws/install/turtlebot3_example:/opt/ros/humble /usr/bin/cmake --build /home/burger/lab2_object_finder_py/build/rotate_robot -- -j4 -l4
[56.118s] [ 25%] [32mBuilding CXX object CMakeFiles/rotate_robot_pubsub.dir/rotate_robot_pubsub/rotate_robot_pubsub.cpp.o[0m
[121.087s] [ 50%] [32m[1mLinking CXX executable rotate_robot_pubsub[0m
[123.270s] [ 50%] Built target rotate_robot_pubsub
[123.364s] [ 75%] [32mBuilding CXX object CMakeFiles/test_publisher.dir/rotate_robot_pubsub/test_publisher.cpp.o[0m
[142.885s] [100%] [32m[1mLinking CXX executable test_publisher[0m
[143.912s] [100%] Built target test_publisher
[144.102s] Invoked command in '/home/burger/lab2_object_finder_py/build/rotate_robot' returned '0': CMAKE_PREFIX_PATH=${CMAKE_PREFIX_PATH}:/home/burger/dontTouch_ws/install/turtlebot3_teleop:/home/burger/dontTouch_ws/install/turtlebot3_example:/opt/ros/humble /usr/bin/cmake --build /home/burger/lab2_object_finder_py/build/rotate_robot -- -j4 -l4
[144.298s] Invoking command in '/home/burger/lab2_object_finder_py/build/rotate_robot': CMAKE_PREFIX_PATH=${CMAKE_PREFIX_PATH}:/home/burger/dontTouch_ws/install/turtlebot3_teleop:/home/burger/dontTouch_ws/install/turtlebot3_example:/opt/ros/humble /usr/bin/cmake --install /home/burger/lab2_object_finder_py/build/rotate_robot
[144.343s] -- Install configuration: ""
[144.349s] -- Installing: /home/burger/lab2_object_finder_py/install/rotate_robot/lib/rotate_robot/rotate_robot_pubsub
[144.381s] -- Set runtime path of "/home/burger/lab2_object_finder_py/install/rotate_robot/lib/rotate_robot/rotate_robot_pubsub" to ""
[144.382s] -- Installing: /home/burger/lab2_object_finder_py/install/rotate_robot/lib/rotate_robot/test_publisher
[144.391s] -- Set runtime path of "/home/burger/lab2_object_finder_py/install/rotate_robot/lib/rotate_robot/test_publisher" to ""
[144.393s] -- Installing: /home/burger/lab2_object_finder_py/install/rotate_robot/share/ament_index/resource_index/package_run_dependencies/rotate_robot
[144.396s] -- Installing: /home/burger/lab2_object_finder_py/install/rotate_robot/share/ament_index/resource_index/parent_prefix_path/rotate_robot
[144.399s] -- Installing: /home/burger/lab2_object_finder_py/install/rotate_robot/share/rotate_robot/environment/ament_prefix_path.sh
[144.400s] -- Installing: /home/burger/lab2_object_finder_py/install/rotate_robot/share/rotate_robot/environment/ament_prefix_path.dsv
[144.403s] -- Installing: /home/burger/lab2_object_finder_py/install/rotate_robot/share/rotate_robot/environment/path.sh
[144.405s] -- Installing: /home/burger/lab2_object_finder_py/install/rotate_robot/share/rotate_robot/environment/path.dsv
[144.407s] -- Installing: /home/burger/lab2_object_finder_py/install/rotate_robot/share/rotate_robot/local_setup.bash
[144.411s] -- Installing: /home/burger/lab2_object_finder_py/install/rotate_robot/share/rotate_robot/local_setup.sh
[144.412s] -- Installing: /home/burger/lab2_object_finder_py/install/rotate_robot/share/rotate_robot/local_setup.zsh
[144.414s] -- Installing: /home/burger/lab2_object_finder_py/install/rotate_robot/share/rotate_robot/local_setup.dsv
[144.416s] -- Installing: /home/burger/lab2_object_finder_py/install/rotate_robot/share/rotate_robot/package.dsv
[144.420s] -- Installing: /home/burger/lab2_object_finder_py/install/rotate_robot/share/ament_index/resource_index/packages/rotate_robot
[144.421s] -- Installing: /home/burger/lab2_object_finder_py/install/rotate_robot/share/rotate_robot/cmake/rotate_robotConfig.cmake
[144.423s] -- Installing: /home/burger/lab2_object_finder_py/install/rotate_robot/share/rotate_robot/cmake/rotate_robotConfig-version.cmake
[144.428s] -- Installing: /home/burger/lab2_object_finder_py/install/rotate_robot/share/rotate_robot/package.xml
[144.454s] Invoked command in '/home/burger/lab2_object_finder_py/build/rotate_robot' returned '0': CMAKE_PREFIX_PATH=${CMAKE_PREFIX_PATH}:/home/burger/dontTouch_ws/install/turtlebot3_teleop:/home/burger/dontTouch_ws/install/turtlebot3_example:/opt/ros/humble /usr/bin/cmake --install /home/burger/lab2_object_finder_py/build/rotate_robot
