[0.365s] Invoking command in '/home/jblevins32/IRR2/build/rotate_robot': CMAKE_PREFIX_PATH=${CMAKE_PREFIX_PATH}:/home/jblevins32/IRR2/install/jacob_find_object_py:/home/jblevins32/IRR2/install/find_object_py:/opt/ros/humble DEBUGINFOD_URLS=https://debuginfod.ubuntu.com /usr/bin/cmake --build /home/jblevins32/IRR2/build/rotate_robot -- -j28 -l28
[0.416s] [ 25%] [32mBuilding CXX object CMakeFiles/rotate_robot_pubsub.dir/rotate_robot_pubsub/rotate_robot_pubsub.cpp.o[0m
[0.418s] [ 75%] Built target test_publisher
[1.829s] In file included from [01m[K/opt/ros/humble/include/rclcpp/rclcpp/logging.hpp:24[m[K,
[1.829s]                  from [01m[K/opt/ros/humble/include/rclcpp/rclcpp/client.hpp:40[m[K,
[1.829s]                  from [01m[K/opt/ros/humble/include/rclcpp/rclcpp/callback_group.hpp:24[m[K,
[1.829s]                  from [01m[K/opt/ros/humble/include/rclcpp/rclcpp/any_executable.hpp:20[m[K,
[1.829s]                  from [01m[K/opt/ros/humble/include/rclcpp/rclcpp/memory_strategy.hpp:25[m[K,
[1.829s]                  from [01m[K/opt/ros/humble/include/rclcpp/rclcpp/memory_strategies.hpp:18[m[K,
[1.829s]                  from [01m[K/opt/ros/humble/include/rclcpp/rclcpp/executor_options.hpp:20[m[K,
[1.829s]                  from [01m[K/opt/ros/humble/include/rclcpp/rclcpp/executor.hpp:37[m[K,
[1.829s]                  from [01m[K/opt/ros/humble/include/rclcpp/rclcpp/executors/multi_threaded_executor.hpp:25[m[K,
[1.829s]                  from [01m[K/opt/ros/humble/include/rclcpp/rclcpp/executors.hpp:21[m[K,
[1.829s]                  from [01m[K/opt/ros/humble/include/rclcpp/rclcpp/rclcpp.hpp:155[m[K,
[1.829s]                  from [01m[K/home/jblevins32/IRR2/src/rotate_robot/rotate_robot_pubsub/rotate_robot_pubsub.cpp:2[m[K:
[1.829s] [01m[K/home/jblevins32/IRR2/src/rotate_robot/rotate_robot_pubsub/rotate_robot_pubsub.cpp:[m[K In member function ‘[01m[Kvoid RotateRobot::topic_callback(const Point&)[m[K’:
[1.829s] [01m[K/home/jblevins32/IRR2/src/rotate_robot/rotate_robot_pubsub/rotate_robot_pubsub.cpp:37:41:[m[K [01;35m[Kwarning: [m[Kformat ‘[01m[K%f[m[K’ expects argument of type ‘[01m[Kdouble[m[K’, but argument 5 has type ‘[01m[Kgeometry_msgs::msg::Twist_<std::allocator<void> >[m[K’ [[01;35m[K]8;;https://gcc.gnu.org/onlinedocs/gcc/Warning-Options.html#index-Wformat=-Wformat=]8;;[m[K]
[1.829s]    37 |         RCLCPP_INFO(this->get_logger(), [01;35m[K"Twist command: %f"[m[K, [32m[Ktwist_msg[m[K);
[1.829s]       |                                         [01;35m[K^~~~~~~~~~~~~~~~~~~[m[K  [32m[K~~~~~~~~~[m[K
[1.829s]       |                                                              [32m[K|[m[K
[1.830s]       |                                                              [32m[Kgeometry_msgs::msg::Twist_<std::allocator<void> >[m[K
[1.830s] [01m[K/home/jblevins32/IRR2/src/rotate_robot/rotate_robot_pubsub/rotate_robot_pubsub.cpp:37:58:[m[K [01;36m[Knote: [m[Kformat string is defined here
[1.830s]    37 |         RCLCPP_INFO(this->get_logger(), "Twist command: [01;36m[K%f[m[K", twist_msg);
[1.830s]       |                                                         [01;36m[K~^[m[K
[1.830s]       |                                                          [01;36m[K|[m[K
[1.830s]       |                                                          [01;36m[Kdouble[m[K
[5.618s] [100%] [32m[1mLinking CXX executable rotate_robot_pubsub[0m
[5.867s] [100%] Built target rotate_robot_pubsub
[5.878s] Invoked command in '/home/jblevins32/IRR2/build/rotate_robot' returned '0': CMAKE_PREFIX_PATH=${CMAKE_PREFIX_PATH}:/home/jblevins32/IRR2/install/jacob_find_object_py:/home/jblevins32/IRR2/install/find_object_py:/opt/ros/humble DEBUGINFOD_URLS=https://debuginfod.ubuntu.com /usr/bin/cmake --build /home/jblevins32/IRR2/build/rotate_robot -- -j28 -l28
[5.889s] Invoking command in '/home/jblevins32/IRR2/build/rotate_robot': CMAKE_PREFIX_PATH=${CMAKE_PREFIX_PATH}:/home/jblevins32/IRR2/install/jacob_find_object_py:/home/jblevins32/IRR2/install/find_object_py:/opt/ros/humble DEBUGINFOD_URLS=https://debuginfod.ubuntu.com /usr/bin/cmake --install /home/jblevins32/IRR2/build/rotate_robot
[5.898s] -- Install configuration: ""
[5.898s] -- Installing: /home/jblevins32/IRR2/install/rotate_robot/lib/rotate_robot/rotate_robot_pubsub
[5.902s] -- Set runtime path of "/home/jblevins32/IRR2/install/rotate_robot/lib/rotate_robot/rotate_robot_pubsub" to ""
[5.902s] -- Up-to-date: /home/jblevins32/IRR2/install/rotate_robot/lib/rotate_robot/test_publisher
[5.903s] -- Up-to-date: /home/jblevins32/IRR2/install/rotate_robot/share/ament_index/resource_index/package_run_dependencies/rotate_robot
[5.903s] -- Up-to-date: /home/jblevins32/IRR2/install/rotate_robot/share/ament_index/resource_index/parent_prefix_path/rotate_robot
[5.903s] -- Up-to-date: /home/jblevins32/IRR2/install/rotate_robot/share/rotate_robot/environment/ament_prefix_path.sh
[5.903s] -- Up-to-date: /home/jblevins32/IRR2/install/rotate_robot/share/rotate_robot/environment/ament_prefix_path.dsv
[5.903s] -- Up-to-date: /home/jblevins32/IRR2/install/rotate_robot/share/rotate_robot/environment/path.sh
[5.903s] -- Up-to-date: /home/jblevins32/IRR2/install/rotate_robot/share/rotate_robot/environment/path.dsv
[5.903s] -- Up-to-date: /home/jblevins32/IRR2/install/rotate_robot/share/rotate_robot/local_setup.bash
[5.903s] -- Up-to-date: /home/jblevins32/IRR2/install/rotate_robot/share/rotate_robot/local_setup.sh
[5.903s] -- Up-to-date: /home/jblevins32/IRR2/install/rotate_robot/share/rotate_robot/local_setup.zsh
[5.903s] -- Up-to-date: /home/jblevins32/IRR2/install/rotate_robot/share/rotate_robot/local_setup.dsv
[5.903s] -- Installing: /home/jblevins32/IRR2/install/rotate_robot/share/rotate_robot/package.dsv
[5.903s] -- Up-to-date: /home/jblevins32/IRR2/install/rotate_robot/share/ament_index/resource_index/packages/rotate_robot
[5.903s] -- Up-to-date: /home/jblevins32/IRR2/install/rotate_robot/share/rotate_robot/cmake/rotate_robotConfig.cmake
[5.903s] -- Up-to-date: /home/jblevins32/IRR2/install/rotate_robot/share/rotate_robot/cmake/rotate_robotConfig-version.cmake
[5.903s] -- Up-to-date: /home/jblevins32/IRR2/install/rotate_robot/share/rotate_robot/package.xml
[5.905s] Invoked command in '/home/jblevins32/IRR2/build/rotate_robot' returned '0': CMAKE_PREFIX_PATH=${CMAKE_PREFIX_PATH}:/home/jblevins32/IRR2/install/jacob_find_object_py:/home/jblevins32/IRR2/install/find_object_py:/opt/ros/humble DEBUGINFOD_URLS=https://debuginfod.ubuntu.com /usr/bin/cmake --install /home/jblevins32/IRR2/build/rotate_robot
