[ 75%] Built target test_publisher
[100%] Built target rotate_robot_pubsub
-- Install configuration: ""
-- Up-to-date: /home/jblevins32/IRR2/install/rotate_robot/lib/rotate_robot/rotate_robot_pubsub
-- Up-to-date: /home/jblevins32/IRR2/install/rotate_robot/lib/rotate_robot/test_publisher
-- Up-to-date: /home/jblevins32/IRR2/install/rotate_robot/share/ament_index/resource_index/package_run_dependencies/rotate_robot
-- Up-to-date: /home/jblevins32/IRR2/install/rotate_robot/share/ament_index/resource_index/parent_prefix_path/rotate_robot
-- Up-to-date: /home/jblevins32/IRR2/install/rotate_robot/share/rotate_robot/environment/ament_prefix_path.sh
-- Up-to-date: /home/jblevins32/IRR2/install/rotate_robot/share/rotate_robot/environment/ament_prefix_path.dsv
-- Up-to-date: /home/jblevins32/IRR2/install/rotate_robot/share/rotate_robot/environment/path.sh
-- Up-to-date: /home/jblevins32/IRR2/install/rotate_robot/share/rotate_robot/environment/path.dsv
-- Up-to-date: /home/jblevins32/IRR2/install/rotate_robot/share/rotate_robot/local_setup.bash
-- Up-to-date: /home/jblevins32/IRR2/install/rotate_robot/share/rotate_robot/local_setup.sh
-- Up-to-date: /home/jblevins32/IRR2/install/rotate_robot/share/rotate_robot/local_setup.zsh
-- Up-to-date: /home/jblevins32/IRR2/install/rotate_robot/share/rotate_robot/local_setup.dsv
-- Installing: /home/jblevins32/IRR2/install/rotate_robot/share/rotate_robot/package.dsv
-- Up-to-date: /home/jblevins32/IRR2/install/rotate_robot/share/ament_index/resource_index/packages/rotate_robot
-- Up-to-date: /home/jblevins32/IRR2/install/rotate_robot/share/rotate_robot/cmake/rotate_robotConfig.cmake
-- Up-to-date: /home/jblevins32/IRR2/install/rotate_robot/share/rotate_robot/cmake/rotate_robotConfig-version.cmake
-- Up-to-date: /home/jblevins32/IRR2/install/rotate_robot/share/rotate_robot/package.xml
