[0.327s] Invoking command in '/home/jblevins32/IRR2/build/rotate_robot': CMAKE_PREFIX_PATH=${CMAKE_PREFIX_PATH}:/home/jblevins32/IRR2/install/jacob_find_object_py:/home/jblevins32/IRR2/install/find_object_py:/opt/ros/humble DEBUGINFOD_URLS=https://debuginfod.ubuntu.com /usr/bin/cmake --build /home/jblevins32/IRR2/build/rotate_robot -- -j28 -l28
[0.370s] [100%] Built target rotate_robot_pubsub
[0.371s] [100%] Built target test_publisher
[0.380s] Invoked command in '/home/jblevins32/IRR2/build/rotate_robot' returned '0': CMAKE_PREFIX_PATH=${CMAKE_PREFIX_PATH}:/home/jblevins32/IRR2/install/jacob_find_object_py:/home/jblevins32/IRR2/install/find_object_py:/opt/ros/humble DEBUGINFOD_URLS=https://debuginfod.ubuntu.com /usr/bin/cmake --build /home/jblevins32/IRR2/build/rotate_robot -- -j28 -l28
[0.386s] Invoking command in '/home/jblevins32/IRR2/build/rotate_robot': CMAKE_PREFIX_PATH=${CMAKE_PREFIX_PATH}:/home/jblevins32/IRR2/install/jacob_find_object_py:/home/jblevins32/IRR2/install/find_object_py:/opt/ros/humble DEBUGINFOD_URLS=https://debuginfod.ubuntu.com /usr/bin/cmake --install /home/jblevins32/IRR2/build/rotate_robot
[0.393s] -- Install configuration: ""
[0.393s] -- Up-to-date: /home/jblevins32/IRR2/install/rotate_robot/lib/rotate_robot/rotate_robot_pubsub
[0.393s] -- Up-to-date: /home/jblevins32/IRR2/install/rotate_robot/lib/rotate_robot/test_publisher
[0.393s] -- Up-to-date: /home/jblevins32/IRR2/install/rotate_robot/share/ament_index/resource_index/package_run_dependencies/rotate_robot
[0.393s] -- Up-to-date: /home/jblevins32/IRR2/install/rotate_robot/share/ament_index/resource_index/parent_prefix_path/rotate_robot
[0.393s] -- Up-to-date: /home/jblevins32/IRR2/install/rotate_robot/share/rotate_robot/environment/ament_prefix_path.sh
[0.394s] -- Up-to-date: /home/jblevins32/IRR2/install/rotate_robot/share/rotate_robot/environment/ament_prefix_path.dsv
[0.394s] -- Up-to-date: /home/jblevins32/IRR2/install/rotate_robot/share/rotate_robot/environment/path.sh
[0.394s] -- Up-to-date: /home/jblevins32/IRR2/install/rotate_robot/share/rotate_robot/environment/path.dsv
[0.394s] -- Up-to-date: /home/jblevins32/IRR2/install/rotate_robot/share/rotate_robot/local_setup.bash
[0.394s] -- Up-to-date: /home/jblevins32/IRR2/install/rotate_robot/share/rotate_robot/local_setup.sh
[0.394s] -- Up-to-date: /home/jblevins32/IRR2/install/rotate_robot/share/rotate_robot/local_setup.zsh
[0.394s] -- Up-to-date: /home/jblevins32/IRR2/install/rotate_robot/share/rotate_robot/local_setup.dsv
[0.394s] -- Installing: /home/jblevins32/IRR2/install/rotate_robot/share/rotate_robot/package.dsv
[0.394s] -- Up-to-date: /home/jblevins32/IRR2/install/rotate_robot/share/ament_index/resource_index/packages/rotate_robot
[0.394s] -- Up-to-date: /home/jblevins32/IRR2/install/rotate_robot/share/rotate_robot/cmake/rotate_robotConfig.cmake
[0.394s] -- Up-to-date: /home/jblevins32/IRR2/install/rotate_robot/share/rotate_robot/cmake/rotate_robotConfig-version.cmake
[0.394s] -- Up-to-date: /home/jblevins32/IRR2/install/rotate_robot/share/rotate_robot/package.xml
[0.396s] Invoked command in '/home/jblevins32/IRR2/build/rotate_robot' returned '0': CMAKE_PREFIX_PATH=${CMAKE_PREFIX_PATH}:/home/jblevins32/IRR2/install/jacob_find_object_py:/home/jblevins32/IRR2/install/find_object_py:/opt/ros/humble DEBUGINFOD_URLS=https://debuginfod.ubuntu.com /usr/bin/cmake --install /home/jblevins32/IRR2/build/rotate_robot
