[7.788s] DEBUG:colcon:Command line arguments: ['/usr/bin/colcon', 'build']
[7.788s] DEBUG:colcon:Parsed command line arguments: Namespace(log_base=None, log_level=None, verb_name='build', build_base='build', install_base='install', merge_install=False, symlink_install=False, test_result_base=None, continue_on_error=False, executor='parallel', parallel_workers=4, event_handlers=None, ignore_user_meta=False, metas=['./colcon.meta'], base_paths=['.'], packages_ignore=None, packages_ignore_regex=None, paths=None, packages_up_to=None, packages_up_to_regex=None, packages_above=None, packages_above_and_dependencies=None, packages_above_depth=None, packages_select_by_dep=None, packages_skip_by_dep=None, packages_skip_up_to=None, packages_select_build_failed=False, packages_skip_build_finished=False, packages_select_test_failures=False, packages_skip_test_passed=False, packages_select=None, packages_skip=None, packages_select_regex=None, packages_skip_regex=None, packages_start=None, packages_end=None, allow_overriding=[], cmake_args=None, cmake_target=None, cmake_target_skip_unavailable=False, cmake_clean_cache=False, cmake_clean_first=False, cmake_force_configure=False, ament_cmake_args=None, catkin_cmake_args=None, catkin_skip_building_tests=False, verb_parser=<colcon_defaults.argument_parser.defaults.DefaultArgumentsDecorator object at 0xffff7fdd4520>, verb_extension=<colcon_core.verb.build.BuildVerb object at 0xffff7fdd4be0>, main=<bound method BuildVerb.main of <colcon_core.verb.build.BuildVerb object at 0xffff7fdd4be0>>)
[8.546s] Level 1:colcon.colcon_core.package_discovery:discover_packages(colcon_meta) check parameters
[8.546s] Level 1:colcon.colcon_core.package_discovery:discover_packages(recursive) check parameters
[8.546s] Level 1:colcon.colcon_core.package_discovery:discover_packages(ignore) check parameters
[8.547s] Level 1:colcon.colcon_core.package_discovery:discover_packages(path) check parameters
[8.547s] Level 1:colcon.colcon_core.package_discovery:discover_packages(colcon_meta) discover
[8.547s] Level 1:colcon.colcon_core.package_discovery:discover_packages(recursive) discover
[8.547s] INFO:colcon.colcon_core.package_discovery:Crawling recursively for packages in '/home/burger/lab2_object_finder_py'
[8.548s] Level 1:colcon.colcon_core.package_identification:_identify(.) by extensions ['ignore', 'ignore_ament_install']
[8.548s] Level 1:colcon.colcon_core.package_identification:_identify(.) by extension 'ignore'
[8.549s] Level 1:colcon.colcon_core.package_identification:_identify(.) by extension 'ignore_ament_install'
[8.549s] Level 1:colcon.colcon_core.package_identification:_identify(.) by extensions ['colcon_pkg']
[8.549s] Level 1:colcon.colcon_core.package_identification:_identify(.) by extension 'colcon_pkg'
[8.550s] Level 1:colcon.colcon_core.package_identification:_identify(.) by extensions ['colcon_meta']
[8.550s] Level 1:colcon.colcon_core.package_identification:_identify(.) by extension 'colcon_meta'
[8.550s] Level 1:colcon.colcon_core.package_identification:_identify(.) by extensions ['ros']
[8.551s] Level 1:colcon.colcon_core.package_identification:_identify(.) by extension 'ros'
[8.622s] Level 1:colcon.colcon_core.package_identification:_identify(.) by extensions ['cmake', 'python']
[8.622s] Level 1:colcon.colcon_core.package_identification:_identify(.) by extension 'cmake'
[8.623s] Level 1:colcon.colcon_core.package_identification:_identify(.) by extension 'python'
[8.623s] Level 1:colcon.colcon_core.package_identification:_identify(.) by extensions ['python_setup_py']
[8.623s] Level 1:colcon.colcon_core.package_identification:_identify(.) by extension 'python_setup_py'
[8.624s] Level 1:colcon.colcon_core.package_identification:_identify(build) by extensions ['ignore', 'ignore_ament_install']
[8.625s] Level 1:colcon.colcon_core.package_identification:_identify(build) by extension 'ignore'
[8.625s] Level 1:colcon.colcon_core.package_identification:_identify(build) ignored
[8.627s] Level 1:colcon.colcon_core.package_identification:_identify(install) by extensions ['ignore', 'ignore_ament_install']
[8.627s] Level 1:colcon.colcon_core.package_identification:_identify(install) by extension 'ignore'
[8.628s] Level 1:colcon.colcon_core.package_identification:_identify(install) ignored
[8.629s] Level 1:colcon.colcon_core.package_identification:_identify(log) by extensions ['ignore', 'ignore_ament_install']
[8.629s] Level 1:colcon.colcon_core.package_identification:_identify(log) by extension 'ignore'
[8.630s] Level 1:colcon.colcon_core.package_identification:_identify(log) ignored
[8.630s] Level 1:colcon.colcon_core.package_identification:_identify(src) by extensions ['ignore', 'ignore_ament_install']
[8.631s] Level 1:colcon.colcon_core.package_identification:_identify(src) by extension 'ignore'
[8.631s] Level 1:colcon.colcon_core.package_identification:_identify(src) by extension 'ignore_ament_install'
[8.632s] Level 1:colcon.colcon_core.package_identification:_identify(src) by extensions ['colcon_pkg']
[8.632s] Level 1:colcon.colcon_core.package_identification:_identify(src) by extension 'colcon_pkg'
[8.633s] Level 1:colcon.colcon_core.package_identification:_identify(src) by extensions ['colcon_meta']
[8.633s] Level 1:colcon.colcon_core.package_identification:_identify(src) by extension 'colcon_meta'
[8.633s] Level 1:colcon.colcon_core.package_identification:_identify(src) by extensions ['ros']
[8.633s] Level 1:colcon.colcon_core.package_identification:_identify(src) by extension 'ros'
[8.634s] Level 1:colcon.colcon_core.package_identification:_identify(src) by extensions ['cmake', 'python']
[8.634s] Level 1:colcon.colcon_core.package_identification:_identify(src) by extension 'cmake'
[8.635s] Level 1:colcon.colcon_core.package_identification:_identify(src) by extension 'python'
[8.635s] Level 1:colcon.colcon_core.package_identification:_identify(src) by extensions ['python_setup_py']
[8.636s] Level 1:colcon.colcon_core.package_identification:_identify(src) by extension 'python_setup_py'
[8.636s] Level 1:colcon.colcon_core.package_identification:_identify(src/find_object_py) by extensions ['ignore', 'ignore_ament_install']
[8.637s] Level 1:colcon.colcon_core.package_identification:_identify(src/find_object_py) by extension 'ignore'
[8.638s] Level 1:colcon.colcon_core.package_identification:_identify(src/find_object_py) by extension 'ignore_ament_install'
[8.638s] Level 1:colcon.colcon_core.package_identification:_identify(src/find_object_py) by extensions ['colcon_pkg']
[8.638s] Level 1:colcon.colcon_core.package_identification:_identify(src/find_object_py) by extension 'colcon_pkg'
[8.639s] Level 1:colcon.colcon_core.package_identification:_identify(src/find_object_py) by extensions ['colcon_meta']
[8.639s] Level 1:colcon.colcon_core.package_identification:_identify(src/find_object_py) by extension 'colcon_meta'
[8.639s] Level 1:colcon.colcon_core.package_identification:_identify(src/find_object_py) by extensions ['ros']
[8.640s] Level 1:colcon.colcon_core.package_identification:_identify(src/find_object_py) by extension 'ros'
[8.652s] DEBUG:colcon.colcon_core.package_identification:Package 'src/find_object_py' with type 'ros.ament_python' and name 'find_object_py'
[8.653s] Level 1:colcon.colcon_core.package_identification:_identify(src/rotate_robot) by extensions ['ignore', 'ignore_ament_install']
[8.653s] Level 1:colcon.colcon_core.package_identification:_identify(src/rotate_robot) by extension 'ignore'
[8.654s] Level 1:colcon.colcon_core.package_identification:_identify(src/rotate_robot) by extension 'ignore_ament_install'
[8.654s] Level 1:colcon.colcon_core.package_identification:_identify(src/rotate_robot) by extensions ['colcon_pkg']
[8.654s] Level 1:colcon.colcon_core.package_identification:_identify(src/rotate_robot) by extension 'colcon_pkg'
[8.655s] Level 1:colcon.colcon_core.package_identification:_identify(src/rotate_robot) by extensions ['colcon_meta']
[8.655s] Level 1:colcon.colcon_core.package_identification:_identify(src/rotate_robot) by extension 'colcon_meta'
[8.655s] Level 1:colcon.colcon_core.package_identification:_identify(src/rotate_robot) by extensions ['ros']
[8.655s] Level 1:colcon.colcon_core.package_identification:_identify(src/rotate_robot) by extension 'ros'
[8.658s] DEBUG:colcon.colcon_core.package_identification:Package 'src/rotate_robot' with type 'ros.ament_cmake' and name 'rotate_robot'
[8.658s] Level 1:colcon.colcon_core.package_discovery:discover_packages(recursive) using defaults
[8.658s] Level 1:colcon.colcon_core.package_discovery:discover_packages(ignore) discover
[8.658s] Level 1:colcon.colcon_core.package_discovery:discover_packages(ignore) using defaults
[8.658s] Level 1:colcon.colcon_core.package_discovery:discover_packages(path) discover
[8.658s] Level 1:colcon.colcon_core.package_discovery:discover_packages(path) using defaults
[9.165s] Level 1:colcon.colcon_core.package_discovery:discover_packages(prefix_path) check parameters
[9.165s] Level 1:colcon.colcon_core.package_discovery:discover_packages(prefix_path) discover
[9.318s] DEBUG:colcon.colcon_installed_package_information.package_discovery:Found 8 installed packages in /home/burger/dontTouch_ws/install
[9.389s] DEBUG:colcon.colcon_installed_package_information.package_discovery:Found 206 installed packages in /opt/ros/humble
[9.393s] Level 1:colcon.colcon_core.package_discovery:discover_packages(prefix_path) using defaults
[9.817s] Level 5:colcon.colcon_core.verb:set package 'find_object_py' build argument 'cmake_args' from command line to 'None'
[9.817s] Level 5:colcon.colcon_core.verb:set package 'find_object_py' build argument 'cmake_target' from command line to 'None'
[9.818s] Level 5:colcon.colcon_core.verb:set package 'find_object_py' build argument 'cmake_target_skip_unavailable' from command line to 'False'
[9.818s] Level 5:colcon.colcon_core.verb:set package 'find_object_py' build argument 'cmake_clean_cache' from command line to 'False'
[9.818s] Level 5:colcon.colcon_core.verb:set package 'find_object_py' build argument 'cmake_clean_first' from command line to 'False'
[9.818s] Level 5:colcon.colcon_core.verb:set package 'find_object_py' build argument 'cmake_force_configure' from command line to 'False'
[9.818s] Level 5:colcon.colcon_core.verb:set package 'find_object_py' build argument 'ament_cmake_args' from command line to 'None'
[9.818s] Level 5:colcon.colcon_core.verb:set package 'find_object_py' build argument 'catkin_cmake_args' from command line to 'None'
[9.818s] Level 5:colcon.colcon_core.verb:set package 'find_object_py' build argument 'catkin_skip_building_tests' from command line to 'False'
[9.818s] DEBUG:colcon.colcon_core.verb:Building package 'find_object_py' with the following arguments: {'ament_cmake_args': None, 'build_base': '/home/burger/lab2_object_finder_py/build/find_object_py', 'catkin_cmake_args': None, 'catkin_skip_building_tests': False, 'cmake_args': None, 'cmake_clean_cache': False, 'cmake_clean_first': False, 'cmake_force_configure': False, 'cmake_target': None, 'cmake_target_skip_unavailable': False, 'install_base': '/home/burger/lab2_object_finder_py/install/find_object_py', 'merge_install': False, 'path': '/home/burger/lab2_object_finder_py/src/find_object_py', 'symlink_install': False, 'test_result_base': None}
[9.892s] Level 5:colcon.colcon_core.verb:set package 'rotate_robot' build argument 'cmake_args' from command line to 'None'
[9.892s] Level 5:colcon.colcon_core.verb:set package 'rotate_robot' build argument 'cmake_target' from command line to 'None'
[9.892s] Level 5:colcon.colcon_core.verb:set package 'rotate_robot' build argument 'cmake_target_skip_unavailable' from command line to 'False'
[9.892s] Level 5:colcon.colcon_core.verb:set package 'rotate_robot' build argument 'cmake_clean_cache' from command line to 'False'
[9.892s] Level 5:colcon.colcon_core.verb:set package 'rotate_robot' build argument 'cmake_clean_first' from command line to 'False'
[9.893s] Level 5:colcon.colcon_core.verb:set package 'rotate_robot' build argument 'cmake_force_configure' from command line to 'False'
[9.893s] Level 5:colcon.colcon_core.verb:set package 'rotate_robot' build argument 'ament_cmake_args' from command line to 'None'
[9.893s] Level 5:colcon.colcon_core.verb:set package 'rotate_robot' build argument 'catkin_cmake_args' from command line to 'None'
[9.893s] Level 5:colcon.colcon_core.verb:set package 'rotate_robot' build argument 'catkin_skip_building_tests' from command line to 'False'
[9.893s] DEBUG:colcon.colcon_core.verb:Building package 'rotate_robot' with the following arguments: {'ament_cmake_args': None, 'build_base': '/home/burger/lab2_object_finder_py/build/rotate_robot', 'catkin_cmake_args': None, 'catkin_skip_building_tests': False, 'cmake_args': None, 'cmake_clean_cache': False, 'cmake_clean_first': False, 'cmake_force_configure': False, 'cmake_target': None, 'cmake_target_skip_unavailable': False, 'install_base': '/home/burger/lab2_object_finder_py/install/rotate_robot', 'merge_install': False, 'path': '/home/burger/lab2_object_finder_py/src/rotate_robot', 'symlink_install': False, 'test_result_base': None}
[9.993s] INFO:colcon.colcon_core.executor:Executing jobs using 'parallel' executor
[10.110s] DEBUG:colcon.colcon_parallel_executor.executor.parallel:run_until_complete
[10.112s] INFO:colcon.colcon_ros.task.ament_python.build:Building ROS package in '/home/burger/lab2_object_finder_py/src/find_object_py' with build type 'ament_python'
[10.112s] Level 1:colcon.colcon_core.shell:create_environment_hook('find_object_py', 'ament_prefix_path')
[10.227s] INFO:colcon.colcon_core.plugin_system:Skipping extension 'colcon_core.shell.bat': Not used on non-Windows systems
[10.227s] INFO:colcon.colcon_core.shell:Creating environment hook '/home/burger/lab2_object_finder_py/install/find_object_py/share/find_object_py/hook/ament_prefix_path.ps1'
[10.233s] INFO:colcon.colcon_core.shell:Creating environment descriptor '/home/burger/lab2_object_finder_py/install/find_object_py/share/find_object_py/hook/ament_prefix_path.dsv'
[10.311s] INFO:colcon.colcon_core.shell:Creating environment hook '/home/burger/lab2_object_finder_py/install/find_object_py/share/find_object_py/hook/ament_prefix_path.sh'
[10.459s] INFO:colcon.colcon_core.shell:Skip shell extension 'powershell' for command environment: Not usable outside of PowerShell
[10.460s] DEBUG:colcon.colcon_core.shell:Skip shell extension 'dsv' for command environment
[10.682s] INFO:colcon.colcon_ros.task.ament_cmake.build:Building ROS package in '/home/burger/lab2_object_finder_py/src/rotate_robot' with build type 'ament_cmake'
[10.682s] INFO:colcon.colcon_cmake.task.cmake.build:Building CMake package in '/home/burger/lab2_object_finder_py/src/rotate_robot'
[10.757s] INFO:colcon.colcon_core.shell:Skip shell extension 'powershell' for command environment: Not usable outside of PowerShell
[10.758s] DEBUG:colcon.colcon_core.shell:Skip shell extension 'dsv' for command environment
[40.126s] INFO:colcon.colcon_core.task.python.build:Building Python package in '/home/burger/lab2_object_finder_py/src/find_object_py'
[40.229s] INFO:colcon.colcon_core.shell:Skip shell extension 'powershell' for command environment: Not usable outside of PowerShell
[40.230s] DEBUG:colcon.colcon_core.shell:Skip shell extension 'dsv' for command environment
[40.477s] DEBUG:colcon.colcon_core.event_handler.log_command:Invoking command in '/home/burger/lab2_object_finder_py/build/rotate_robot': CMAKE_PREFIX_PATH=${CMAKE_PREFIX_PATH}:/home/burger/dontTouch_ws/install/turtlebot3_teleop:/home/burger/dontTouch_ws/install/turtlebot3_example:/opt/ros/humble /usr/bin/cmake /home/burger/lab2_object_finder_py/src/rotate_robot -DCMAKE_INSTALL_PREFIX=/home/burger/lab2_object_finder_py/install/rotate_robot
[56.480s] DEBUG:colcon.colcon_core.event_handler.log_command:Invoking command in '/home/burger/lab2_object_finder_py/src/find_object_py': PYTHONPATH=/home/burger/lab2_object_finder_py/build/find_object_py/prefix_override:/home/burger/lab2_object_finder_py/install/find_object_py/lib/python3.10/site-packages:${PYTHONPATH} /usr/bin/python3 setup.py egg_info --egg-base ../../build/find_object_py build --build-base /home/burger/lab2_object_finder_py/build/find_object_py/build install --record /home/burger/lab2_object_finder_py/build/find_object_py/install.log --single-version-externally-managed
[58.347s] DEBUG:colcon.colcon_core.event_handler.log_command:Invoked command in '/home/burger/lab2_object_finder_py/src/find_object_py' returned '0': PYTHONPATH=/home/burger/lab2_object_finder_py/build/find_object_py/prefix_override:/home/burger/lab2_object_finder_py/install/find_object_py/lib/python3.10/site-packages:${PYTHONPATH} /usr/bin/python3 setup.py egg_info --egg-base ../../build/find_object_py build --build-base /home/burger/lab2_object_finder_py/build/find_object_py/build install --record /home/burger/lab2_object_finder_py/build/find_object_py/install.log --single-version-externally-managed
[58.463s] Level 1:colcon.colcon_core.environment:checking '/home/burger/lab2_object_finder_py/install/find_object_py' for CMake module files
[58.466s] Level 1:colcon.colcon_core.environment:checking '/home/burger/lab2_object_finder_py/install/find_object_py' for CMake config files
[58.471s] Level 1:colcon.colcon_core.environment:checking '/home/burger/lab2_object_finder_py/install/find_object_py/lib'
[58.473s] Level 1:colcon.colcon_core.environment:checking '/home/burger/lab2_object_finder_py/install/find_object_py/bin'
[58.474s] Level 1:colcon.colcon_core.environment:checking '/home/burger/lab2_object_finder_py/install/find_object_py/lib/pkgconfig/find_object_py.pc'
[58.476s] Level 1:colcon.colcon_core.environment:checking '/home/burger/lab2_object_finder_py/install/find_object_py/lib/python3.10/site-packages'
[58.477s] Level 1:colcon.colcon_core.shell:create_environment_hook('find_object_py', 'pythonpath')
[58.559s] INFO:colcon.colcon_core.shell:Creating environment hook '/home/burger/lab2_object_finder_py/install/find_object_py/share/find_object_py/hook/pythonpath.ps1'
[58.562s] INFO:colcon.colcon_core.shell:Creating environment descriptor '/home/burger/lab2_object_finder_py/install/find_object_py/share/find_object_py/hook/pythonpath.dsv'
[58.564s] INFO:colcon.colcon_core.shell:Creating environment hook '/home/burger/lab2_object_finder_py/install/find_object_py/share/find_object_py/hook/pythonpath.sh'
[58.567s] Level 1:colcon.colcon_core.environment:checking '/home/burger/lab2_object_finder_py/install/find_object_py/bin'
[58.567s] Level 1:colcon.colcon_core.environment:create_environment_scripts_only(find_object_py)
[58.655s] INFO:colcon.colcon_core.shell:Creating package script '/home/burger/lab2_object_finder_py/install/find_object_py/share/find_object_py/package.ps1'
[58.660s] INFO:colcon.colcon_core.shell:Creating package descriptor '/home/burger/lab2_object_finder_py/install/find_object_py/share/find_object_py/package.dsv'
[58.666s] INFO:colcon.colcon_core.shell:Creating package script '/home/burger/lab2_object_finder_py/install/find_object_py/share/find_object_py/package.sh'
[58.671s] INFO:colcon.colcon_core.shell:Creating package script '/home/burger/lab2_object_finder_py/install/find_object_py/share/find_object_py/package.bash'
[58.678s] INFO:colcon.colcon_core.shell:Creating package script '/home/burger/lab2_object_finder_py/install/find_object_py/share/find_object_py/package.zsh'
[58.685s] Level 1:colcon.colcon_core.environment:create_file_with_runtime_dependencies(/home/burger/lab2_object_finder_py/install/find_object_py/share/colcon-core/packages/find_object_py)
[66.578s] DEBUG:colcon.colcon_core.event_handler.log_command:Invoked command in '/home/burger/lab2_object_finder_py/build/rotate_robot' returned '0': CMAKE_PREFIX_PATH=${CMAKE_PREFIX_PATH}:/home/burger/dontTouch_ws/install/turtlebot3_teleop:/home/burger/dontTouch_ws/install/turtlebot3_example:/opt/ros/humble /usr/bin/cmake /home/burger/lab2_object_finder_py/src/rotate_robot -DCMAKE_INSTALL_PREFIX=/home/burger/lab2_object_finder_py/install/rotate_robot
[66.589s] DEBUG:colcon.colcon_core.event_handler.log_command:Invoking command in '/home/burger/lab2_object_finder_py/build/rotate_robot': CMAKE_PREFIX_PATH=${CMAKE_PREFIX_PATH}:/home/burger/dontTouch_ws/install/turtlebot3_teleop:/home/burger/dontTouch_ws/install/turtlebot3_example:/opt/ros/humble /usr/bin/cmake --build /home/burger/lab2_object_finder_py/build/rotate_robot -- -j4 -l4
[154.785s] DEBUG:colcon.colcon_core.event_handler.log_command:Invoked command in '/home/burger/lab2_object_finder_py/build/rotate_robot' returned '0': CMAKE_PREFIX_PATH=${CMAKE_PREFIX_PATH}:/home/burger/dontTouch_ws/install/turtlebot3_teleop:/home/burger/dontTouch_ws/install/turtlebot3_example:/opt/ros/humble /usr/bin/cmake --build /home/burger/lab2_object_finder_py/build/rotate_robot -- -j4 -l4
[154.982s] DEBUG:colcon.colcon_core.event_handler.log_command:Invoking command in '/home/burger/lab2_object_finder_py/build/rotate_robot': CMAKE_PREFIX_PATH=${CMAKE_PREFIX_PATH}:/home/burger/dontTouch_ws/install/turtlebot3_teleop:/home/burger/dontTouch_ws/install/turtlebot3_example:/opt/ros/humble /usr/bin/cmake --install /home/burger/lab2_object_finder_py/build/rotate_robot
[155.125s] Level 1:colcon.colcon_core.environment:create_environment_scripts_only(rotate_robot)
[155.138s] DEBUG:colcon.colcon_core.event_handler.log_command:Invoked command in '/home/burger/lab2_object_finder_py/build/rotate_robot' returned '0': CMAKE_PREFIX_PATH=${CMAKE_PREFIX_PATH}:/home/burger/dontTouch_ws/install/turtlebot3_teleop:/home/burger/dontTouch_ws/install/turtlebot3_example:/opt/ros/humble /usr/bin/cmake --install /home/burger/lab2_object_finder_py/build/rotate_robot
[155.731s] Level 1:colcon.colcon_core.environment:checking '/home/burger/lab2_object_finder_py/install/rotate_robot' for CMake module files
[155.734s] Level 1:colcon.colcon_core.environment:checking '/home/burger/lab2_object_finder_py/install/rotate_robot' for CMake config files
[155.736s] Level 1:colcon.colcon_core.shell:create_environment_hook('rotate_robot', 'cmake_prefix_path')
[155.838s] INFO:colcon.colcon_core.shell:Creating environment hook '/home/burger/lab2_object_finder_py/install/rotate_robot/share/rotate_robot/hook/cmake_prefix_path.ps1'
[155.840s] INFO:colcon.colcon_core.shell:Creating environment descriptor '/home/burger/lab2_object_finder_py/install/rotate_robot/share/rotate_robot/hook/cmake_prefix_path.dsv'
[155.843s] INFO:colcon.colcon_core.shell:Creating environment hook '/home/burger/lab2_object_finder_py/install/rotate_robot/share/rotate_robot/hook/cmake_prefix_path.sh'
[155.846s] Level 1:colcon.colcon_core.environment:checking '/home/burger/lab2_object_finder_py/install/rotate_robot/lib'
[155.847s] Level 1:colcon.colcon_core.environment:checking '/home/burger/lab2_object_finder_py/install/rotate_robot/bin'
[155.847s] Level 1:colcon.colcon_core.environment:checking '/home/burger/lab2_object_finder_py/install/rotate_robot/lib/pkgconfig/rotate_robot.pc'
[155.849s] Level 1:colcon.colcon_core.environment:checking '/home/burger/lab2_object_finder_py/install/rotate_robot/lib/python3.10/site-packages'
[155.850s] Level 1:colcon.colcon_core.environment:checking '/home/burger/lab2_object_finder_py/install/rotate_robot/bin'
[155.936s] INFO:colcon.colcon_core.shell:Creating package script '/home/burger/lab2_object_finder_py/install/rotate_robot/share/rotate_robot/package.ps1'
[155.939s] INFO:colcon.colcon_core.shell:Creating package descriptor '/home/burger/lab2_object_finder_py/install/rotate_robot/share/rotate_robot/package.dsv'
[155.942s] INFO:colcon.colcon_core.shell:Creating package script '/home/burger/lab2_object_finder_py/install/rotate_robot/share/rotate_robot/package.sh'
[155.967s] INFO:colcon.colcon_core.shell:Creating package script '/home/burger/lab2_object_finder_py/install/rotate_robot/share/rotate_robot/package.bash'
[155.970s] INFO:colcon.colcon_core.shell:Creating package script '/home/burger/lab2_object_finder_py/install/rotate_robot/share/rotate_robot/package.zsh'
[155.972s] Level 1:colcon.colcon_core.environment:create_file_with_runtime_dependencies(/home/burger/lab2_object_finder_py/install/rotate_robot/share/colcon-core/packages/rotate_robot)
[156.196s] Level 1:colcon.colcon_core.environment:create_environment_scripts_only(rotate_robot)
[156.297s] Level 1:colcon.colcon_core.environment:checking '/home/burger/lab2_object_finder_py/install/rotate_robot' for CMake module files
[156.300s] Level 1:colcon.colcon_core.environment:checking '/home/burger/lab2_object_finder_py/install/rotate_robot' for CMake config files
[156.302s] Level 1:colcon.colcon_core.shell:create_environment_hook('rotate_robot', 'cmake_prefix_path')
[156.411s] INFO:colcon.colcon_core.shell:Creating environment hook '/home/burger/lab2_object_finder_py/install/rotate_robot/share/rotate_robot/hook/cmake_prefix_path.ps1'
[156.564s] INFO:colcon.colcon_core.shell:Creating environment descriptor '/home/burger/lab2_object_finder_py/install/rotate_robot/share/rotate_robot/hook/cmake_prefix_path.dsv'
[156.566s] INFO:colcon.colcon_core.shell:Creating environment hook '/home/burger/lab2_object_finder_py/install/rotate_robot/share/rotate_robot/hook/cmake_prefix_path.sh'
[156.569s] Level 1:colcon.colcon_core.environment:checking '/home/burger/lab2_object_finder_py/install/rotate_robot/lib'
[156.570s] Level 1:colcon.colcon_core.environment:checking '/home/burger/lab2_object_finder_py/install/rotate_robot/bin'
[156.570s] Level 1:colcon.colcon_core.environment:checking '/home/burger/lab2_object_finder_py/install/rotate_robot/lib/pkgconfig/rotate_robot.pc'
[156.572s] Level 1:colcon.colcon_core.environment:checking '/home/burger/lab2_object_finder_py/install/rotate_robot/lib/python3.10/site-packages'
[156.573s] Level 1:colcon.colcon_core.environment:checking '/home/burger/lab2_object_finder_py/install/rotate_robot/bin'
[156.641s] INFO:colcon.colcon_core.shell:Creating package script '/home/burger/lab2_object_finder_py/install/rotate_robot/share/rotate_robot/package.ps1'
[156.643s] INFO:colcon.colcon_core.shell:Creating package descriptor '/home/burger/lab2_object_finder_py/install/rotate_robot/share/rotate_robot/package.dsv'
[156.646s] INFO:colcon.colcon_core.shell:Creating package script '/home/burger/lab2_object_finder_py/install/rotate_robot/share/rotate_robot/package.sh'
[156.648s] INFO:colcon.colcon_core.shell:Creating package script '/home/burger/lab2_object_finder_py/install/rotate_robot/share/rotate_robot/package.bash'
[156.649s] INFO:colcon.colcon_core.shell:Creating package script '/home/burger/lab2_object_finder_py/install/rotate_robot/share/rotate_robot/package.zsh'
[156.651s] Level 1:colcon.colcon_core.environment:create_file_with_runtime_dependencies(/home/burger/lab2_object_finder_py/install/rotate_robot/share/colcon-core/packages/rotate_robot)
[156.653s] DEBUG:colcon.colcon_parallel_executor.executor.parallel:closing loop
[156.654s] DEBUG:colcon.colcon_parallel_executor.executor.parallel:loop closed
[156.655s] DEBUG:colcon.colcon_parallel_executor.executor.parallel:run_until_complete finished with '0'
[156.657s] DEBUG:colcon.colcon_core.event_reactor:joining thread
[158.153s] INFO:colcon.colcon_core.plugin_system:Skipping extension 'colcon_notification.desktop_notification.notify_send': Could not find 'notify-send'
[158.154s] INFO:colcon.colcon_core.plugin_system:Skipping extension 'colcon_notification.desktop_notification.terminal_notifier': Not used on non-Darwin systems
[158.154s] INFO:colcon.colcon_core.plugin_system:Skipping extension 'colcon_notification.desktop_notification.win32': Not used on non-Windows systems
[158.155s] INFO:colcon.colcon_notification.desktop_notification:Sending desktop notification using 'notify2'
[158.265s] DEBUG:colcon.colcon_notification.desktop_notification.notify2:Failed to initialize notify2: org.freedesktop.DBus.Error.ServiceUnknown: The name org.freedesktop.Notifications was not provided by any .service files
[158.265s] DEBUG:colcon.colcon_core.event_reactor:joined thread
[158.368s] INFO:colcon.colcon_core.shell:Creating prefix script '/home/burger/lab2_object_finder_py/install/local_setup.ps1'
[158.376s] INFO:colcon.colcon_core.shell:Creating prefix util module '/home/burger/lab2_object_finder_py/install/_local_setup_util_ps1.py'
[158.385s] INFO:colcon.colcon_core.shell:Creating prefix chain script '/home/burger/lab2_object_finder_py/install/setup.ps1'
[158.482s] INFO:colcon.colcon_core.shell:Creating prefix script '/home/burger/lab2_object_finder_py/install/local_setup.sh'
[158.487s] INFO:colcon.colcon_core.shell:Creating prefix util module '/home/burger/lab2_object_finder_py/install/_local_setup_util_sh.py'
[158.489s] INFO:colcon.colcon_core.shell:Creating prefix chain script '/home/burger/lab2_object_finder_py/install/setup.sh'
[158.570s] INFO:colcon.colcon_core.shell:Creating prefix script '/home/burger/lab2_object_finder_py/install/local_setup.bash'
[158.575s] INFO:colcon.colcon_core.shell:Creating prefix chain script '/home/burger/lab2_object_finder_py/install/setup.bash'
[158.648s] INFO:colcon.colcon_core.shell:Creating prefix script '/home/burger/lab2_object_finder_py/install/local_setup.zsh'
[158.653s] INFO:colcon.colcon_core.shell:Creating prefix chain script '/home/burger/lab2_object_finder_py/install/setup.zsh'
