[0.577s] Invoking command in '/home/jblevins32/IRR2/src/find_object_py': DEBUGINFOD_URLS=https://debuginfod.ubuntu.com PYTHONPATH=/home/jblevins32/IRR2/build/find_object_py/prefix_override:/usr/lib/python3/dist-packages/colcon_core/task/python/colcon_distutils_commands:/home/jblevins32/IRR2/install/find_object_py/lib/python3.10/site-packages:${PYTHONPATH} /usr/bin/python3 -W ignore:setup.py install is deprecated -W ignore:easy_install command is deprecated setup.py egg_info --egg-base ../../build/find_object_py build --build-base /home/jblevins32/IRR2/build/find_object_py/build install --record /home/jblevins32/IRR2/build/find_object_py/install.log --single-version-externally-managed install_data
[0.743s] running egg_info
[0.743s] creating ../../build/find_object_py/find_object_py.egg-info
[0.743s] writing ../../build/find_object_py/find_object_py.egg-info/PKG-INFO
[0.744s] writing dependency_links to ../../build/find_object_py/find_object_py.egg-info/dependency_links.txt
[0.744s] writing entry points to ../../build/find_object_py/find_object_py.egg-info/entry_points.txt
[0.744s] writing requirements to ../../build/find_object_py/find_object_py.egg-info/requires.txt
[0.744s] writing top-level names to ../../build/find_object_py/find_object_py.egg-info/top_level.txt
[0.744s] writing manifest file '../../build/find_object_py/find_object_py.egg-info/SOURCES.txt'
[0.745s] reading manifest file '../../build/find_object_py/find_object_py.egg-info/SOURCES.txt'
[0.746s] adding license file 'LICENSE'
[0.746s] writing manifest file '../../build/find_object_py/find_object_py.egg-info/SOURCES.txt'
[0.746s] running build
[0.747s] running build_py
[0.747s] creating /home/jblevins32/IRR2/build/find_object_py/build
[0.747s] creating /home/jblevins32/IRR2/build/find_object_py/build/lib
[0.747s] creating /home/jblevins32/IRR2/build/find_object_py/build/lib/find_object_py
[0.747s] copying find_object_py/__init__.py -> /home/jblevins32/IRR2/build/find_object_py/build/lib/find_object_py
[0.747s] copying find_object_py/find_object.py -> /home/jblevins32/IRR2/build/find_object_py/build/lib/find_object_py
[0.747s] copying find_object_py/color_blob_detect.py -> /home/jblevins32/IRR2/build/find_object_py/build/lib/find_object_py
[0.747s] running install
[0.747s] running install_lib
[0.748s] creating /home/jblevins32/IRR2/install/find_object_py/lib/python3.10/site-packages/find_object_py
[0.748s] copying /home/jblevins32/IRR2/build/find_object_py/build/lib/find_object_py/__init__.py -> /home/jblevins32/IRR2/install/find_object_py/lib/python3.10/site-packages/find_object_py
[0.748s] copying /home/jblevins32/IRR2/build/find_object_py/build/lib/find_object_py/find_object.py -> /home/jblevins32/IRR2/install/find_object_py/lib/python3.10/site-packages/find_object_py
[0.748s] copying /home/jblevins32/IRR2/build/find_object_py/build/lib/find_object_py/color_blob_detect.py -> /home/jblevins32/IRR2/install/find_object_py/lib/python3.10/site-packages/find_object_py
[0.748s] byte-compiling /home/jblevins32/IRR2/install/find_object_py/lib/python3.10/site-packages/find_object_py/__init__.py to __init__.cpython-310.pyc
[0.748s] byte-compiling /home/jblevins32/IRR2/install/find_object_py/lib/python3.10/site-packages/find_object_py/find_object.py to find_object.cpython-310.pyc
[0.749s] byte-compiling /home/jblevins32/IRR2/install/find_object_py/lib/python3.10/site-packages/find_object_py/color_blob_detect.py to color_blob_detect.cpython-310.pyc
[0.749s] running install_data
[0.749s] creating /home/jblevins32/IRR2/install/find_object_py/share/ament_index
[0.750s] creating /home/jblevins32/IRR2/install/find_object_py/share/ament_index/resource_index
[0.750s] creating /home/jblevins32/IRR2/install/find_object_py/share/ament_index/resource_index/packages
[0.750s] copying resource/find_object_py -> /home/jblevins32/IRR2/install/find_object_py/share/ament_index/resource_index/packages
[0.750s] copying package.xml -> /home/jblevins32/IRR2/install/find_object_py/share/find_object_py
[0.750s] running install_egg_info
[0.751s] Copying ../../build/find_object_py/find_object_py.egg-info to /home/jblevins32/IRR2/install/find_object_py/lib/python3.10/site-packages/find_object_py-0.0.0-py3.10.egg-info
[0.752s] running install_scripts
[0.768s] Installing find_object script to /home/jblevins32/IRR2/install/find_object_py/lib/find_object_py
[0.769s] writing list of installed files to '/home/jblevins32/IRR2/build/find_object_py/install.log'
[0.789s] Invoked command in '/home/jblevins32/IRR2/src/find_object_py' returned '0': DEBUGINFOD_URLS=https://debuginfod.ubuntu.com PYTHONPATH=/home/jblevins32/IRR2/build/find_object_py/prefix_override:/usr/lib/python3/dist-packages/colcon_core/task/python/colcon_distutils_commands:/home/jblevins32/IRR2/install/find_object_py/lib/python3.10/site-packages:${PYTHONPATH} /usr/bin/python3 -W ignore:setup.py install is deprecated -W ignore:easy_install command is deprecated setup.py egg_info --egg-base ../../build/find_object_py build --build-base /home/jblevins32/IRR2/build/find_object_py/build install --record /home/jblevins32/IRR2/build/find_object_py/install.log --single-version-externally-managed install_data
